2020-11-10 11:54:18,570 - Actuator - DEBUG - moving - Actuator: Actuator_ID_#555937 from: (0, 0, 0) to: (5, 5, 3) -  Evalutate direction: foward_up_right
2020-11-10 11:54:18,570 - Actuator - DEBUG - moving - Actuator: Actuator_ID_#555937 -  max_dist_for_single_iteration: 6,  min_dist_from_pos_to_dest: 3,  num Iteration: 3 
2020-11-10 11:54:18,574 - Actuator - DEBUG - moving - Actuator: Actuator_ID_#555937 executed move action. Iteration: 0 Energy_actuator 94 position_reached True
2020-11-10 11:54:18,577 - Actuator - DEBUG - moving - Actuator: Actuator_ID_#555937 executed move action. Iteration: 1 Energy_actuator 88 position_reached True
2020-11-10 11:54:18,607 - Actuator - DEBUG - moving - Actuator: Actuator_ID_#555937 executed move action. Iteration: 2 Energy_actuator 82 position_reached True
2020-11-10 11:54:18,611 - Actuator - DEBUG - moving - Actuator: Actuator_ID_#856992 from: (0, 0, 0) to: (5, 5, 3) -  Evalutate direction: foward_up_right
2020-11-10 11:54:18,631 - Actuator - DEBUG - moving - Actuator: Actuator_ID_#856992 -  max_dist_for_single_iteration: 2,  min_dist_from_pos_to_dest: 3,  num Iteration: 2 
2020-11-10 11:54:18,638 - Actuator - DEBUG - moving - Actuator: Actuator_ID_#856992 executed move action. Iteration: 0 Energy_actuator 98 position_reached False
2020-11-10 11:54:18,641 - Actuator - DEBUG - moving - Actuator: Actuator_ID_#856992 executed move action. Iteration: 1 Energy_actuator 96 position_reached False
2020-11-10 11:54:18,644 - Actuator - DEBUG - moving - Actuator: Actuator_ID_#6687 from: (0, 0, 0) to: (5, 5, 3) -  Evalutate direction: foward_up_right
2020-11-10 11:54:18,644 - Actuator - DEBUG - moving - Actuator: Actuator_ID_#6687 -  max_dist_for_single_iteration: 2,  min_dist_from_pos_to_dest: 3,  num Iteration: 2 
2020-11-10 11:54:18,670 - Actuator - DEBUG - moving - Actuator: Actuator_ID_#6687 executed move action. Iteration: 0 Energy_actuator 98 position_reached False
2020-11-10 11:54:18,675 - Actuator - DEBUG - moving - Actuator: Actuator_ID_#6687 executed move action. Iteration: 1 Energy_actuator 96 position_reached False
2020-11-10 11:54:18,708 - Actuator - DEBUG - object_manipulating - Actuator: Actuator_ID_#274150result manipulate = True. destination: (9, 9, 9), range: (10, 10, 10), energy_actuator: 90
2020-11-10 11:54:18,748 - Actuator - DEBUG - object_manipulating - Actuator: Actuator_ID_#316804 not executed manipulate action because destination is out of range. destination: (11, 11, 11), range: (10, 10, 10), energy_actuator: 90
2020-11-10 11:54:18,759 - Actuator - DEBUG - object_catching - Actuator: Actuator_ID_#134295 executed catch action. automa catcher: Automa_ID_#464204, range: (10, 10, 10), energy_actuator: 90
2020-11-10 11:54:18,785 - Actuator - DEBUG - object_assimilating - Actuator: Actuator_ID_#936138 executed assimilate action with object damage. automa: Automa_ID_#397721, object position: (5, 5, 5), range: (10, 10, 10), energy_actuator: 90, object_resilience: 80, object_health: 90, object_active: True, object_critical: False, object_anomaly: False, object_destroyed: False, object_removed: False, object_energy: 100
2020-11-10 11:54:18,789 - Actuator - DEBUG - object_assimilating - Actuator: Actuator_ID_#936138 executed assimilate action. Object wasn't removed from position manager. automa: Automa_ID_#397721, range: (10, 10, 10), energy_actuator: 90
2020-11-10 11:54:18,826 - Actuator - DEBUG - object_assimilating - Actuator: Actuator_ID_#263137 not executed assimilate action because object not in range. automa: None, object position: (15, 15, 15), range: (10, 10, 10), energy_actuator: 90
2020-11-10 11:54:18,886 - Actuator - DEBUG - object_assimilating - Actuator: Actuator_ID_#880610 executed assimilate action with object damage. automa: Automa_ID_#337241, object position: (5, 5, 5), range: (10, 10, 10), energy_actuator: 90, object_resilience: 80, object_health: 0, object_active: True, object_critical: False, object_anomaly: False, object_destroyed: True, object_removed: False, object_energy: 100
2020-11-10 11:54:18,894 - Actuator - DEBUG - object_assimilating - Actuator: Actuator_ID_#880610 executed assimilate action with complete assimilation and energy gain. Object was removed from position manager. automa: Automa_ID_#337241, range: (10, 10, 10), energy_actuator: 90
2020-11-10 11:54:18,958 - Actuator - DEBUG - shooting - Actuator: Actuator_ID_#192675 executed projectile launch action with object damage. automa: Automa_ID_#999246, object position: (46, 45, 44), range: (70, 70, 70), energy_actuator: 90, object_resilience: 80, object_health: 90, object_active: True, object_critical: False, object_anomaly: False, object_destroyed: False, object_removed: False
2020-11-10 11:54:18,959 - Actuator - DEBUG - shooting - Actuator: Actuator_ID_#192675 executed projectile launch action but object wasn't destroyed. automa: Automa_ID_#999246, object destroyed: Object_ID_#851744
2020-11-10 11:54:19,019 - Actuator - DEBUG - shooting - Actuator: Actuator_ID_#406636 not executed projectile launch action because object not in range. automa: Automa_ID_#241893, object position: (46, 45, 44), range: (41, 42, 43), energy_actuator: 90
2020-11-10 11:54:19,058 - Actuator - DEBUG - shooting - Actuator: Actuator_ID_#869838 executed projectile launch action with object damage. automa: Automa_ID_#593613, object position: (-46, -45, -44), range: (70, 70, 70), energy_actuator: 90, object_resilience: 80, object_health: 90, object_active: True, object_critical: False, object_anomaly: False, object_destroyed: False, object_removed: False
2020-11-10 11:54:19,060 - Actuator - DEBUG - shooting - Actuator: Actuator_ID_#869838 executed projectile launch action but object wasn't destroyed. automa: Automa_ID_#593613, object destroyed: Object_ID_#693483
2020-11-10 11:54:19,093 - Actuator - DEBUG - shooting - Actuator: Actuator_ID_#313649 executed projectile launch action with object damage. automa: Automa_ID_#450212, object position: (-46, -45, -44), range: (70, 70, 70), energy_actuator: 90, object_resilience: 80, object_health: 0, object_active: True, object_critical: False, object_anomaly: False, object_destroyed: True, object_removed: False
2020-11-10 11:54:19,128 - Actuator - DEBUG - shooting - Actuator: Actuator_ID_#313649 executed projectile launch action with object destruction and removal from position manager. automa: Automa_ID_#450212, object_destroyed: Object_ID_#681990
2020-11-10 11:54:19,216 - Actuator - DEBUG - shooting - Actuator: Actuator_ID_#816672 not executed projectile launch action because object not in range. automa: Automa_ID_#909437, object position: (-46, -45, -44), range: (44, 44, 44), energy_actuator: 90
2020-11-10 11:54:19,371 - Actuator - DEBUG - shooting - Actuator: Actuator_ID_#206849 executed projectile launch action with object damage. automa: Automa_ID_#106345, object position: (46, 45, 44), range: (70, 70, 70), energy_actuator: 90, object_resilience: 80, object_health: 90, object_active: True, object_critical: False, object_anomaly: False, object_destroyed: False, object_removed: False
2020-11-10 11:54:19,372 - Actuator - DEBUG - shooting - Actuator: Actuator_ID_#206849 executed projectile launch action but object wasn't destroyed. automa: Automa_ID_#106345, object destroyed: Object_ID_#878695
2020-11-10 11:54:19,422 - Actuator - DEBUG - shooting - Actuator: Actuator_ID_#442255 executed projectile launch action with object damage. automa: Automa_ID_#960034, object position: (46, 45, 44), range: (70, 70, 70), energy_actuator: 90, object_resilience: 80, object_health: 90, object_active: True, object_critical: False, object_anomaly: False, object_destroyed: False, object_removed: False
2020-11-10 11:54:19,424 - Actuator - DEBUG - shooting - Actuator: Actuator_ID_#442255 executed projectile launch action but object wasn't destroyed. automa: Automa_ID_#960034, object destroyed: Object_ID_#612460
2020-11-10 11:54:22,358 - Actuator - DEBUG - moving - Actuator: Actuator_ID_#177895 from: (0, 0, 0) to: (10, 10, 10) -  Evalutate direction: foward_up_right
2020-11-10 11:54:22,359 - Actuator - DEBUG - moving - Actuator: Actuator_ID_#177895 -  max_dist_for_single_iteration: 7,  min_dist_from_pos_to_dest: 10,  num Iteration: 7 
2020-11-10 11:54:22,387 - Actuator - DEBUG - moving - Actuator: Actuator_ID_#177895 executed move action. Iteration: 0 Energy_actuator 99 position_reached False
2020-11-10 11:54:22,393 - Actuator - DEBUG - moving - Actuator: Actuator_ID_#177895 executed move action. Iteration: 1 Energy_actuator 98 position_reached False
2020-11-10 11:54:22,421 - Actuator - DEBUG - moving - Actuator: Actuator_ID_#177895 executed move action. Iteration: 2 Energy_actuator 97 position_reached False
2020-11-10 11:54:22,450 - Actuator - DEBUG - moving - Actuator: Actuator_ID_#177895 executed move action. Iteration: 3 Energy_actuator 96 position_reached False
2020-11-10 11:54:22,455 - Actuator - DEBUG - moving - Actuator: Actuator_ID_#177895 executed move action. Iteration: 4 Energy_actuator 95 position_reached False
2020-11-10 11:54:22,459 - Actuator - DEBUG - moving - Actuator: Actuator_ID_#177895 executed move action. Iteration: 5 Energy_actuator 94 position_reached False
2020-11-10 11:54:22,483 - Actuator - DEBUG - moving - Actuator: Actuator_ID_#177895 executed move action. Iteration: 6 Energy_actuator 93 position_reached False
2020-11-10 11:54:22,489 - Actuator - DEBUG - moving - Actuator: Actuator_ID_#177895 from: (0, 0, 0) to: (10, 10, 10) -  Evalutate direction: foward_up_right
2020-11-10 11:54:22,489 - Actuator - DEBUG - moving - Actuator: Actuator_ID_#177895 -  max_dist_for_single_iteration: 10,  min_dist_from_pos_to_dest: 10,  num Iteration: 10 
2020-11-10 11:54:22,493 - Actuator - DEBUG - moving - Actuator: Actuator_ID_#177895 executed move action. Iteration: 0 Energy_actuator 92 position_reached True
2020-11-10 11:54:22,522 - Actuator - DEBUG - moving - Actuator: Actuator_ID_#177895 executed move action. Iteration: 1 Energy_actuator 91 position_reached True
2020-11-10 11:54:22,526 - Actuator - DEBUG - moving - Actuator: Actuator_ID_#177895 executed move action. Iteration: 2 Energy_actuator 90 position_reached True
2020-11-10 11:54:22,554 - Actuator - DEBUG - moving - Actuator: Actuator_ID_#177895 executed move action. Iteration: 3 Energy_actuator 89 position_reached True
2020-11-10 11:54:22,559 - Actuator - DEBUG - moving - Actuator: Actuator_ID_#177895 executed move action. Iteration: 4 Energy_actuator 88 position_reached True
2020-11-10 11:54:22,584 - Actuator - DEBUG - moving - Actuator: Actuator_ID_#177895 executed move action. Iteration: 5 Energy_actuator 87 position_reached True
2020-11-10 11:54:22,588 - Actuator - DEBUG - moving - Actuator: Actuator_ID_#177895 executed move action. Iteration: 6 Energy_actuator 86 position_reached True
2020-11-10 11:54:22,591 - Actuator - DEBUG - moving - Actuator: Actuator_ID_#177895 executed move action. Iteration: 7 Energy_actuator 85 position_reached True
2020-11-10 11:54:22,594 - Actuator - DEBUG - moving - Actuator: Actuator_ID_#177895 executed move action. Iteration: 8 Energy_actuator 84 position_reached True
2020-11-10 11:54:22,621 - Actuator - DEBUG - moving - Actuator: Actuator_ID_#177895 executed move action. Iteration: 9 Energy_actuator 83 position_reached True
2020-11-10 11:54:22,622 - Actuator - DEBUG - moving - Actuator: Actuator_ID_#177895 executed move action. Iteration: 9 Energy_actuator 83  position_reached True
2020-11-10 11:54:22,658 - Actuator - DEBUG - object_manipulating - Actuator: Actuator_ID_#583387result manipulate = True. destination: (7, 7, 7), range: (10, 10, 10), energy_actuator: 99
2020-11-10 11:54:22,688 - Actuator - DEBUG - object_catching - Actuator: Actuator_ID_#778141 executed catch action. automa catcher: Automa_ID_#751809, range: (10, 10, 10), energy_actuator: 99
2020-11-10 11:54:27,676 - Actuator - DEBUG - moving - Actuator: Actuator_ID_#213321 from: (0, 0, 0) to: (5, 5, 3) -  Evalutate direction: foward_up_right
2020-11-10 11:54:27,676 - Actuator - DEBUG - moving - Actuator: Actuator_ID_#213321 -  max_dist_for_single_iteration: 6,  min_dist_from_pos_to_dest: 3,  num Iteration: 3 
2020-11-10 11:54:27,716 - Actuator - DEBUG - moving - Actuator: Actuator_ID_#213321 executed move action. Iteration: 0 Energy_actuator 94 position_reached True
2020-11-10 11:54:27,720 - Actuator - DEBUG - moving - Actuator: Actuator_ID_#213321 executed move action. Iteration: 1 Energy_actuator 88 position_reached True
2020-11-10 11:54:27,724 - Actuator - DEBUG - moving - Actuator: Actuator_ID_#213321 executed move action. Iteration: 2 Energy_actuator 82 position_reached True
2020-11-10 11:54:27,726 - Actuator - DEBUG - moving - Actuator: Actuator_ID_#376060 from: (0, 0, 0) to: (5, 5, 3) -  Evalutate direction: foward_up_right
2020-11-10 11:54:27,727 - Actuator - DEBUG - moving - Actuator: Actuator_ID_#376060 -  max_dist_for_single_iteration: 2,  min_dist_from_pos_to_dest: 3,  num Iteration: 2 
2020-11-10 11:54:27,751 - Actuator - DEBUG - moving - Actuator: Actuator_ID_#376060 executed move action. Iteration: 0 Energy_actuator 98 position_reached False
2020-11-10 11:54:27,755 - Actuator - DEBUG - moving - Actuator: Actuator_ID_#376060 executed move action. Iteration: 1 Energy_actuator 96 position_reached False
2020-11-10 11:54:27,758 - Actuator - DEBUG - moving - Actuator: Actuator_ID_#380672 from: (0, 0, 0) to: (5, 5, 3) -  Evalutate direction: foward_up_right
2020-11-10 11:54:27,759 - Actuator - DEBUG - moving - Actuator: Actuator_ID_#380672 -  max_dist_for_single_iteration: 2,  min_dist_from_pos_to_dest: 3,  num Iteration: 2 
2020-11-10 11:54:27,783 - Actuator - DEBUG - moving - Actuator: Actuator_ID_#380672 executed move action. Iteration: 0 Energy_actuator 98 position_reached False
2020-11-10 11:54:27,789 - Actuator - DEBUG - moving - Actuator: Actuator_ID_#380672 executed move action. Iteration: 1 Energy_actuator 96 position_reached False
2020-11-10 11:54:27,814 - Actuator - DEBUG - object_manipulating - Actuator: Actuator_ID_#544196result manipulate = True. destination: (9, 9, 9), range: (10, 10, 10), energy_actuator: 90
2020-11-10 11:54:27,820 - Actuator - DEBUG - object_manipulating - Actuator: Actuator_ID_#748456 not executed manipulate action because destination is out of range. destination: (11, 11, 11), range: (10, 10, 10), energy_actuator: 90
2020-11-10 11:54:27,849 - Actuator - DEBUG - object_catching - Actuator: Actuator_ID_#649899 executed catch action. automa catcher: Automa_ID_#858299, range: (10, 10, 10), energy_actuator: 90
2020-11-10 11:54:27,854 - Actuator - DEBUG - object_assimilating - Actuator: Actuator_ID_#983921 executed assimilate action with object damage. automa: Automa_ID_#133706, object position: (5, 5, 5), range: (10, 10, 10), energy_actuator: 90, object_resilience: 80, object_health: 90, object_active: True, object_critical: False, object_anomaly: False, object_destroyed: False, object_removed: False, object_energy: 100
2020-11-10 11:54:27,855 - Actuator - DEBUG - object_assimilating - Actuator: Actuator_ID_#983921 executed assimilate action. Object wasn't removed from position manager. automa: Automa_ID_#133706, range: (10, 10, 10), energy_actuator: 90
2020-11-10 11:54:27,892 - Actuator - DEBUG - object_assimilating - Actuator: Actuator_ID_#345912 not executed assimilate action because object not in range. automa: None, object position: (15, 15, 15), range: (10, 10, 10), energy_actuator: 90
2020-11-10 11:54:27,950 - Actuator - DEBUG - object_assimilating - Actuator: Actuator_ID_#347986 executed assimilate action with object damage. automa: Automa_ID_#504699, object position: (5, 5, 5), range: (10, 10, 10), energy_actuator: 90, object_resilience: 80, object_health: 0, object_active: True, object_critical: False, object_anomaly: False, object_destroyed: True, object_removed: False, object_energy: 100
2020-11-10 11:54:27,956 - Actuator - DEBUG - object_assimilating - Actuator: Actuator_ID_#347986 executed assimilate action with complete assimilation and energy gain. Object was removed from position manager. automa: Automa_ID_#504699, range: (10, 10, 10), energy_actuator: 90
2020-11-10 11:54:27,992 - Actuator - DEBUG - shooting - Actuator: Actuator_ID_#31385 executed projectile launch action with object damage. automa: Automa_ID_#926342, object position: (46, 45, 44), range: (70, 70, 70), energy_actuator: 90, object_resilience: 80, object_health: 90, object_active: True, object_critical: False, object_anomaly: False, object_destroyed: False, object_removed: False
2020-11-10 11:54:27,993 - Actuator - DEBUG - shooting - Actuator: Actuator_ID_#31385 executed projectile launch action but object wasn't destroyed. automa: Automa_ID_#926342, object destroyed: Object_ID_#425250
2020-11-10 11:54:28,052 - Actuator - DEBUG - shooting - Actuator: Actuator_ID_#987592 not executed projectile launch action because object not in range. automa: Automa_ID_#156223, object position: (46, 45, 44), range: (41, 42, 43), energy_actuator: 90
2020-11-10 11:54:28,088 - Actuator - DEBUG - shooting - Actuator: Actuator_ID_#634115 executed projectile launch action with object damage. automa: Automa_ID_#777033, object position: (-46, -45, -44), range: (70, 70, 70), energy_actuator: 90, object_resilience: 80, object_health: 90, object_active: True, object_critical: False, object_anomaly: False, object_destroyed: False, object_removed: False
2020-11-10 11:54:28,090 - Actuator - DEBUG - shooting - Actuator: Actuator_ID_#634115 executed projectile launch action but object wasn't destroyed. automa: Automa_ID_#777033, object destroyed: Object_ID_#260688
2020-11-10 11:54:28,126 - Actuator - DEBUG - shooting - Actuator: Actuator_ID_#54650 executed projectile launch action with object damage. automa: Automa_ID_#690808, object position: (-46, -45, -44), range: (70, 70, 70), energy_actuator: 90, object_resilience: 80, object_health: 0, object_active: True, object_critical: False, object_anomaly: False, object_destroyed: True, object_removed: False
2020-11-10 11:54:28,154 - Actuator - DEBUG - shooting - Actuator: Actuator_ID_#54650 executed projectile launch action with object destruction and removal from position manager. automa: Automa_ID_#690808, object_destroyed: Object_ID_#372076
2020-11-10 11:54:28,193 - Actuator - DEBUG - shooting - Actuator: Actuator_ID_#123866 not executed projectile launch action because object not in range. automa: Automa_ID_#940141, object position: (-46, -45, -44), range: (44, 44, 44), energy_actuator: 90
2020-11-10 11:54:28,254 - Actuator - DEBUG - shooting - Actuator: Actuator_ID_#66725 executed projectile launch action with object damage. automa: Automa_ID_#81057, object position: (46, 45, 44), range: (70, 70, 70), energy_actuator: 90, object_resilience: 80, object_health: 90, object_active: True, object_critical: False, object_anomaly: False, object_destroyed: False, object_removed: False
2020-11-10 11:54:28,258 - Actuator - DEBUG - shooting - Actuator: Actuator_ID_#66725 executed projectile launch action but object wasn't destroyed. automa: Automa_ID_#81057, object destroyed: Object_ID_#98948
2020-11-10 11:54:28,291 - Actuator - DEBUG - shooting - Actuator: Actuator_ID_#673516 executed projectile launch action with object damage. automa: Automa_ID_#818218, object position: (46, 45, 44), range: (70, 70, 70), energy_actuator: 90, object_resilience: 80, object_health: 90, object_active: True, object_critical: False, object_anomaly: False, object_destroyed: False, object_removed: False
2020-11-10 11:54:28,292 - Actuator - DEBUG - shooting - Actuator: Actuator_ID_#673516 executed projectile launch action but object wasn't destroyed. automa: Automa_ID_#818218, object destroyed: Object_ID_#932678
2020-11-10 11:54:28,526 - Actuator - DEBUG - moving - Actuator: Actuator_ID_#413142 from: (0, 0, 0) to: (10, 10, 10) -  Evalutate direction: foward_up_right
2020-11-10 11:54:28,526 - Actuator - DEBUG - moving - Actuator: Actuator_ID_#413142 -  max_dist_for_single_iteration: 7,  min_dist_from_pos_to_dest: 10,  num Iteration: 7 
2020-11-10 11:54:28,589 - Actuator - DEBUG - moving - Actuator: Actuator_ID_#413142 executed move action. Iteration: 0 Energy_actuator 99 position_reached False
2020-11-10 11:54:28,593 - Actuator - DEBUG - moving - Actuator: Actuator_ID_#413142 executed move action. Iteration: 1 Energy_actuator 98 position_reached False
2020-11-10 11:54:28,620 - Actuator - DEBUG - moving - Actuator: Actuator_ID_#413142 executed move action. Iteration: 2 Energy_actuator 97 position_reached False
2020-11-10 11:54:28,624 - Actuator - DEBUG - moving - Actuator: Actuator_ID_#413142 executed move action. Iteration: 3 Energy_actuator 96 position_reached False
2020-11-10 11:54:28,628 - Actuator - DEBUG - moving - Actuator: Actuator_ID_#413142 executed move action. Iteration: 4 Energy_actuator 95 position_reached False
2020-11-10 11:54:28,654 - Actuator - DEBUG - moving - Actuator: Actuator_ID_#413142 executed move action. Iteration: 5 Energy_actuator 94 position_reached False
2020-11-10 11:54:28,658 - Actuator - DEBUG - moving - Actuator: Actuator_ID_#413142 executed move action. Iteration: 6 Energy_actuator 93 position_reached False
2020-11-10 11:54:28,682 - Actuator - DEBUG - moving - Actuator: Actuator_ID_#413142 from: (0, 0, 0) to: (10, 10, 10) -  Evalutate direction: foward_up_right
2020-11-10 11:54:28,683 - Actuator - DEBUG - moving - Actuator: Actuator_ID_#413142 -  max_dist_for_single_iteration: 10,  min_dist_from_pos_to_dest: 10,  num Iteration: 10 
2020-11-10 11:54:28,687 - Actuator - DEBUG - moving - Actuator: Actuator_ID_#413142 executed move action. Iteration: 0 Energy_actuator 92 position_reached True
2020-11-10 11:54:28,690 - Actuator - DEBUG - moving - Actuator: Actuator_ID_#413142 executed move action. Iteration: 1 Energy_actuator 91 position_reached True
2020-11-10 11:54:28,692 - Actuator - DEBUG - moving - Actuator: Actuator_ID_#413142 executed move action. Iteration: 2 Energy_actuator 90 position_reached True
2020-11-10 11:54:28,716 - Actuator - DEBUG - moving - Actuator: Actuator_ID_#413142 executed move action. Iteration: 3 Energy_actuator 89 position_reached True
2020-11-10 11:54:28,719 - Actuator - DEBUG - moving - Actuator: Actuator_ID_#413142 executed move action. Iteration: 4 Energy_actuator 88 position_reached True
2020-11-10 11:54:28,722 - Actuator - DEBUG - moving - Actuator: Actuator_ID_#413142 executed move action. Iteration: 5 Energy_actuator 87 position_reached True
2020-11-10 11:54:28,725 - Actuator - DEBUG - moving - Actuator: Actuator_ID_#413142 executed move action. Iteration: 6 Energy_actuator 86 position_reached True
2020-11-10 11:54:28,750 - Actuator - DEBUG - moving - Actuator: Actuator_ID_#413142 executed move action. Iteration: 7 Energy_actuator 85 position_reached True
2020-11-10 11:54:28,757 - Actuator - DEBUG - moving - Actuator: Actuator_ID_#413142 executed move action. Iteration: 8 Energy_actuator 84 position_reached True
2020-11-10 11:54:28,760 - Actuator - DEBUG - moving - Actuator: Actuator_ID_#413142 executed move action. Iteration: 9 Energy_actuator 83 position_reached True
2020-11-10 11:54:28,760 - Actuator - DEBUG - moving - Actuator: Actuator_ID_#413142 executed move action. Iteration: 9 Energy_actuator 83  position_reached True
2020-11-10 11:54:28,791 - Actuator - DEBUG - object_manipulating - Actuator: Actuator_ID_#176700result manipulate = True. destination: (7, 7, 7), range: (10, 10, 10), energy_actuator: 99
2020-11-10 11:54:28,819 - Actuator - DEBUG - object_catching - Actuator: Actuator_ID_#983875 executed catch action. automa catcher: Automa_ID_#292434, range: (10, 10, 10), energy_actuator: 99
