2020-11-19 11:07:31,748 - Object - DEBUG - insertEvent - Object: Automa inserted new event in queue, event id: None_#400862, events in queue: 1
2020-11-19 11:07:31,915 - Object - DEBUG - insertEvent - Object: Automa inserted new event in queue, event id: None_#231127, events in queue: 1
2020-11-19 11:07:32,021 - Object - DEBUG - insertEvent - Object: Automa inserted new event in queue, event id: None_#880593, events in queue: 1
2020-11-19 11:07:32,223 - Object - DEBUG - insertEvent - Object: Automa inserted new event in queue, event id: None_#372844, events in queue: 1
2020-11-19 11:07:32,431 - Object - DEBUG - insertEvent - Object: Automa inserted new event in queue, event id: None_#366797, events in queue: 1
2020-11-19 11:07:32,719 - Object - DEBUG - insertEvent - Object: Automa inserted new event in queue, event id: None_#881791, events in queue: 1
2020-11-19 11:07:32,961 - Object - DEBUG - insertEvent - Object: Automa inserted new event in queue, event id: None_#275193, events in queue: 1
2020-11-19 11:07:33,209 - Object - DEBUG - insertEvent - Object: Automa inserted new event in queue, event id: None_#21071, events in queue: 1
2020-11-19 11:07:33,364 - Object - DEBUG - insertEvent - Object: Automa inserted new event in queue, event id: None_#738339, events in queue: 1
2020-11-19 11:07:57,122 - Object - DEBUG - insertEvent - Object: Automa inserted new event in queue, event id: None_#29231, events in queue: 1
2020-11-19 11:07:57,443 - Object - DEBUG - insertEvent - Object: Automa inserted new event in queue, event id: None_#645134, events in queue: 1
2020-11-19 11:07:57,572 - Object - DEBUG - insertEvent - Object: Automa inserted new event in queue, event id: None_#192125, events in queue: 1
2020-11-19 11:07:58,355 - Object - DEBUG - insertEvent - Object: Automa inserted new event in queue, event id: None_#451745, events in queue: 1
2020-11-19 11:07:58,592 - Object - DEBUG - insertEvent - Object: Automa inserted new event in queue, event id: None_#948915, events in queue: 1
2020-11-19 11:07:58,950 - Object - DEBUG - insertEvent - Object: Automa inserted new event in queue, event id: None_#70504, events in queue: 1
2020-11-19 11:07:59,322 - Object - DEBUG - insertEvent - Object: Automa inserted new event in queue, event id: None_#709184, events in queue: 1
2020-11-19 11:07:59,719 - Object - DEBUG - insertEvent - Object: Automa inserted new event in queue, event id: None_#710300, events in queue: 1
2020-11-19 11:08:00,257 - Object - DEBUG - insertEvent - Object: Automa inserted new event in queue, event id: None_#922029, events in queue: 1
2020-11-19 11:08:40,363 - Object - DEBUG - insertEvent - Object: Automa inserted new event in queue, event id: None_#858241, events in queue: 1
2020-11-19 11:08:40,678 - Object - DEBUG - insertEvent - Object: Automa inserted new event in queue, event id: None_#515752, events in queue: 1
2020-11-19 11:08:40,854 - Object - DEBUG - insertEvent - Object: Automa inserted new event in queue, event id: None_#166055, events in queue: 1
2020-11-19 11:08:41,227 - Object - DEBUG - insertEvent - Object: Automa inserted new event in queue, event id: None_#141416, events in queue: 1
2020-11-19 11:08:41,604 - Object - DEBUG - insertEvent - Object: Automa inserted new event in queue, event id: None_#770727, events in queue: 1
2020-11-19 11:08:42,161 - Object - DEBUG - insertEvent - Object: Automa inserted new event in queue, event id: None_#660553, events in queue: 1
2020-11-19 11:08:42,766 - Object - DEBUG - insertEvent - Object: Automa inserted new event in queue, event id: None_#7202, events in queue: 1
2020-11-19 11:08:43,409 - Object - DEBUG - insertEvent - Object: Automa inserted new event in queue, event id: None_#829018, events in queue: 1
2020-11-19 11:08:43,673 - Object - DEBUG - insertEvent - Object: Automa inserted new event in queue, event id: None_#344115, events in queue: 1
2020-11-19 11:10:37,458 - Object - DEBUG - insertEvent - Object: Automa inserted new event in queue, event id: None_#481985, events in queue: 1
2020-11-19 11:41:25,453 - Object - DEBUG - insertEvent - Object: Automa inserted new event in queue, event id: None_#480887, events in queue: 1
2020-11-19 12:00:27,418 - Object - DEBUG - insertEvent - Object: Automa inserted new event in queue, event id: None_#663509, events in queue: 1
2020-11-19 12:00:27,610 - Object - DEBUG - insertEvent - Object: Object_Name_#9254 inserted new event in queue, event id: None_#930650, events in queue: 1
2020-11-19 12:01:13,656 - Object - DEBUG - insertEvent - Object: Automa inserted new event in queue, event id: None_#244549, events in queue: 1
2020-11-19 12:01:14,691 - Object - DEBUG - insertEvent - Object: Object_Name_#6893 inserted new event in queue, event id: None_#247525, events in queue: 1
2020-11-19 12:01:14,858 - Object - DEBUG - insertEvent - Object: Object_Name_#5002 inserted new event in queue, event id: None_#379039, events in queue: 1
2020-11-19 12:01:15,152 - Object - DEBUG - insertEvent - Object: Object_Name_#4759 inserted new event in queue, event id: None_#55367, events in queue: 1
2020-11-19 12:01:15,855 - Object - DEBUG - insertEvent - Object: Object_Name_#9752 inserted new event in queue, event id: None_#109480, events in queue: 1
2020-11-19 18:43:47,294 - Object - DEBUG - insertEvent - Object: Automa inserted new event in queue, event id: None_#701944, events in queue: 1
2020-11-19 18:43:47,564 - Object - DEBUG - insertEvent - Object: Automa inserted new event in queue, event id: None_#856976, events in queue: 1
2020-11-19 18:43:47,729 - Object - DEBUG - insertEvent - Object: Automa inserted new event in queue, event id: None_#687219, events in queue: 1
2020-11-19 18:43:48,090 - Object - DEBUG - insertEvent - Object: Automa inserted new event in queue, event id: None_#705151, events in queue: 1
2020-11-19 18:43:48,259 - Object - DEBUG - insertEvent - Object: Automa inserted new event in queue, event id: None_#45862, events in queue: 1
2020-11-19 18:43:48,564 - Object - DEBUG - insertEvent - Object: Automa inserted new event in queue, event id: None_#658949, events in queue: 1
2020-11-19 18:43:48,656 - Object - DEBUG - insertEvent - Object: Automa inserted new event in queue, event id: None_#476275, events in queue: 1
2020-11-19 18:43:48,798 - Object - DEBUG - insertEvent - Object: Automa inserted new event in queue, event id: None_#782831, events in queue: 1
2020-11-19 18:43:48,900 - Object - DEBUG - insertEvent - Object: Automa inserted new event in queue, event id: None_#693601, events in queue: 1
2020-11-19 18:46:36,209 - Object - DEBUG - insertEvent - Object: Automa inserted new event in queue, event id: None_#882970, events in queue: 1
2020-11-19 18:46:36,690 - Object - DEBUG - insertEvent - Object: Automa inserted new event in queue, event id: None_#628762, events in queue: 1
2020-11-19 18:46:37,012 - Object - DEBUG - insertEvent - Object: Automa inserted new event in queue, event id: None_#536778, events in queue: 1
2020-11-19 18:46:37,579 - Object - DEBUG - insertEvent - Object: Automa inserted new event in queue, event id: None_#121386, events in queue: 1
2020-11-19 18:47:15,357 - Object - DEBUG - insertEvent - Object: Automa inserted new event in queue, event id: None_#499066, events in queue: 1
2020-11-19 18:54:18,109 - Object - DEBUG - insertEvent - Object: Automa inserted new event in queue, event id: PUSH_#134628, events in queue: 1
2020-11-19 18:54:18,753 - Object - DEBUG - insertEvent - Object: Automa inserted new event in queue, event id: POP_#877575, events in queue: 1
2020-11-19 18:54:19,236 - Object - DEBUG - insertEvent - Object: Automa inserted new event in queue, event id: ASSIMILATE_#823156, events in queue: 1
2020-11-19 18:54:20,216 - Object - DEBUG - insertEvent - Object: Automa inserted new event in queue, event id: ASSIMILATE_#336067, events in queue: 1
2020-11-19 18:54:20,723 - Object - DEBUG - insertEvent - Object: Automa inserted new event in queue, event id: HIT_#938547, events in queue: 1
2020-11-19 18:56:25,557 - Object - DEBUG - insertEvent - Object: Automa inserted new event in queue, event id: PUSH_#575772, events in queue: 1
2020-11-19 18:56:25,726 - Object - DEBUG - insertEvent - Object: Automa inserted new event in queue, event id: POP_#376858, events in queue: 1
2020-11-19 18:56:25,771 - Object - DEBUG - insertEvent - Object: Automa inserted new event in queue, event id: ASSIMILATE_#317107, events in queue: 1
2020-11-19 18:56:25,999 - Object - DEBUG - insertEvent - Object: Automa inserted new event in queue, event id: ASSIMILATE_#810829, events in queue: 1
2020-11-19 18:56:26,102 - Object - DEBUG - insertEvent - Object: Automa inserted new event in queue, event id: HIT_#839, events in queue: 1
2020-11-19 18:58:58,083 - Object - DEBUG - insertEvent - Object: Automa inserted new event in queue, event id: PUSH_#821750, events in queue: 1
2020-11-19 18:58:58,433 - Object - DEBUG - insertEvent - Object: Automa inserted new event in queue, event id: POP_#458437, events in queue: 1
2020-11-19 18:58:58,712 - Object - DEBUG - insertEvent - Object: Automa inserted new event in queue, event id: ASSIMILATE_#793640, events in queue: 1
2020-11-19 18:58:59,500 - Object - DEBUG - insertEvent - Object: Automa inserted new event in queue, event id: ASSIMILATE_#821307, events in queue: 1
2020-11-19 18:59:07,227 - Object - DEBUG - insertEvent - Object: Automa inserted new event in queue, event id: HIT_#406942, events in queue: 1
2020-11-19 18:59:43,321 - Object - DEBUG - insertEvent - Object: Automa inserted new event in queue, event id: PUSH_#444339, events in queue: 1
2020-11-19 18:59:43,698 - Object - DEBUG - insertEvent - Object: Automa inserted new event in queue, event id: POP_#345551, events in queue: 1
2020-11-19 18:59:43,896 - Object - DEBUG - insertEvent - Object: Automa inserted new event in queue, event id: ASSIMILATE_#535787, events in queue: 1
2020-11-19 18:59:44,386 - Object - DEBUG - insertEvent - Object: Automa inserted new event in queue, event id: ASSIMILATE_#487598, events in queue: 1
2020-11-19 19:00:09,263 - Object - DEBUG - insertEvent - Object: Automa inserted new event in queue, event id: HIT_#915347, events in queue: 1
2020-11-19 19:03:54,738 - Object - DEBUG - insertEvent - Object: Automa inserted new event in queue, event id: PUSH_#11471, events in queue: 1
2020-11-19 19:03:54,843 - Object - DEBUG - insertEvent - Object: Automa inserted new event in queue, event id: POP_#333647, events in queue: 1
2020-11-19 19:03:54,912 - Object - DEBUG - insertEvent - Object: Automa inserted new event in queue, event id: ASSIMILATE_#584280, events in queue: 1
2020-11-19 19:03:55,660 - Object - DEBUG - insertEvent - Object: Automa inserted new event in queue, event id: ASSIMILATE_#373884, events in queue: 1
2020-11-19 19:03:55,766 - Object - DEBUG - insertEvent - Object: Automa inserted new event in queue, event id: HIT_#263994, events in queue: 1
2020-11-19 19:13:24,142 - Object - DEBUG - insertEvent - Object: Automa inserted new event in queue, event id: PUSH_#308756, events in queue: 1
2020-11-19 19:13:24,683 - Object - DEBUG - insertEvent - Object: Automa inserted new event in queue, event id: POP_#340787, events in queue: 1
2020-11-19 19:13:25,024 - Object - DEBUG - insertEvent - Object: Automa inserted new event in queue, event id: ASSIMILATE_#421681, events in queue: 1
2020-11-19 19:13:25,524 - Object - DEBUG - insertEvent - Object: Automa inserted new event in queue, event id: ASSIMILATE_#214311, events in queue: 1
2020-11-19 19:13:25,824 - Object - DEBUG - insertEvent - Object: Automa inserted new event in queue, event id: HIT_#847790, events in queue: 1
2020-11-19 19:14:42,607 - Object - DEBUG - insertEvent - Object: Automa inserted new event in queue, event id: PUSH_#884337, events in queue: 1
2020-11-19 19:14:42,736 - Object - DEBUG - insertEvent - Object: Automa inserted new event in queue, event id: POP_#509575, events in queue: 1
2020-11-19 19:14:42,840 - Object - DEBUG - insertEvent - Object: Automa inserted new event in queue, event id: ASSIMILATE_#48652, events in queue: 1
2020-11-19 19:14:43,039 - Object - DEBUG - insertEvent - Object: Automa inserted new event in queue, event id: ASSIMILATE_#935017, events in queue: 1
2020-11-19 19:14:43,167 - Object - DEBUG - insertEvent - Object: Automa inserted new event in queue, event id: HIT_#36804, events in queue: 1
2020-11-19 19:14:43,172 - Object - DEBUG - getEventActive - Object: Automa event id: HIT_#36804, events is awaiting decrease time2go at: 0
2020-11-19 19:15:03,089 - Object - DEBUG - insertEvent - Object: Automa inserted new event in queue, event id: PUSH_#66028, events in queue: 1
2020-11-19 19:15:03,408 - Object - DEBUG - insertEvent - Object: Automa inserted new event in queue, event id: POP_#820159, events in queue: 1
2020-11-19 19:15:03,706 - Object - DEBUG - insertEvent - Object: Automa inserted new event in queue, event id: ASSIMILATE_#184680, events in queue: 1
2020-11-19 19:15:04,071 - Object - DEBUG - insertEvent - Object: Automa inserted new event in queue, event id: ASSIMILATE_#143485, events in queue: 1
2020-11-19 19:15:28,528 - Object - DEBUG - insertEvent - Object: Automa inserted new event in queue, event id: HIT_#893274, events in queue: 1
2020-11-19 19:16:59,416 - Object - DEBUG - getEventActive - Object: Automa event id: HIT_#893274, events is awaiting decrease time2go at: 0
2020-11-19 19:18:04,351 - Object - DEBUG - insertEvent - Object: Automa inserted new event in queue, event id: PUSH_#572233, events in queue: 1
2020-11-19 19:18:05,135 - Object - DEBUG - insertEvent - Object: Automa inserted new event in queue, event id: POP_#843028, events in queue: 1
2020-11-19 19:18:05,699 - Object - DEBUG - insertEvent - Object: Automa inserted new event in queue, event id: ASSIMILATE_#545258, events in queue: 1
2020-11-19 19:18:06,368 - Object - DEBUG - insertEvent - Object: Automa inserted new event in queue, event id: ASSIMILATE_#108647, events in queue: 1
2020-11-19 19:18:16,004 - Object - DEBUG - insertEvent - Object: Automa inserted new event in queue, event id: HIT_#785698, events in queue: 1
2020-11-19 19:22:45,482 - Object - DEBUG - insertEvent - Object: Automa inserted new event in queue, event id: PUSH_#367851, events in queue: 1
2020-11-19 19:22:45,927 - Object - DEBUG - insertEvent - Object: Automa inserted new event in queue, event id: POP_#600440, events in queue: 1
2020-11-19 19:22:46,143 - Object - DEBUG - insertEvent - Object: Automa inserted new event in queue, event id: ASSIMILATE_#584266, events in queue: 1
2020-11-19 19:22:46,503 - Object - DEBUG - insertEvent - Object: Automa inserted new event in queue, event id: ASSIMILATE_#279906, events in queue: 1
2020-11-19 19:22:46,648 - Object - DEBUG - insertEvent - Object: Automa inserted new event in queue, event id: HIT_#350854, events in queue: 1
2020-11-19 19:23:37,307 - Object - DEBUG - insertEvent - Object: Automa inserted new event in queue, event id: PUSH_#529087, events in queue: 1
2020-11-19 19:23:37,700 - Object - DEBUG - insertEvent - Object: Automa inserted new event in queue, event id: POP_#34180, events in queue: 1
2020-11-19 19:23:37,920 - Object - DEBUG - insertEvent - Object: Automa inserted new event in queue, event id: ASSIMILATE_#46823, events in queue: 1
2020-11-19 19:23:38,348 - Object - DEBUG - insertEvent - Object: Automa inserted new event in queue, event id: ASSIMILATE_#377282, events in queue: 1
2020-11-19 19:23:38,465 - Object - DEBUG - insertEvent - Object: Automa inserted new event in queue, event id: HIT_#101547, events in queue: 1
2020-11-19 19:29:13,694 - Object - DEBUG - insertEvent - Object: Automa inserted new event in queue, event id: PUSH_#720305, events in queue: 1
2020-11-19 19:29:13,972 - Object - DEBUG - insertEvent - Object: Automa inserted new event in queue, event id: POP_#479828, events in queue: 1
2020-11-19 19:29:14,256 - Object - DEBUG - insertEvent - Object: Automa inserted new event in queue, event id: ASSIMILATE_#292188, events in queue: 1
2020-11-19 19:29:14,638 - Object - DEBUG - insertEvent - Object: Automa inserted new event in queue, event id: ASSIMILATE_#424837, events in queue: 1
2020-11-19 19:29:14,796 - Object - DEBUG - insertEvent - Object: Automa inserted new event in queue, event id: HIT_#715975, events in queue: 1
2020-11-19 19:31:04,995 - Object - DEBUG - insertEvent - Object: Automa inserted new event in queue, event id: PUSH_#349545, events in queue: 1
2020-11-19 19:31:05,258 - Object - DEBUG - insertEvent - Object: Automa inserted new event in queue, event id: POP_#160245, events in queue: 1
2020-11-19 19:31:05,364 - Object - DEBUG - insertEvent - Object: Automa inserted new event in queue, event id: ASSIMILATE_#487101, events in queue: 1
2020-11-19 19:31:05,897 - Object - DEBUG - insertEvent - Object: Automa inserted new event in queue, event id: ASSIMILATE_#393655, events in queue: 1
2020-11-19 19:31:06,046 - Object - DEBUG - insertEvent - Object: Automa inserted new event in queue, event id: HIT_#130224, events in queue: 1
2020-11-19 19:31:50,478 - Object - DEBUG - insertEvent - Object: Automa inserted new event in queue, event id: PUSH_#184901, events in queue: 1
2020-11-19 19:31:50,817 - Object - DEBUG - insertEvent - Object: Automa inserted new event in queue, event id: POP_#626405, events in queue: 1
2020-11-19 19:31:51,015 - Object - DEBUG - insertEvent - Object: Automa inserted new event in queue, event id: ASSIMILATE_#481523, events in queue: 1
2020-11-19 19:31:51,494 - Object - DEBUG - insertEvent - Object: Automa inserted new event in queue, event id: ASSIMILATE_#489683, events in queue: 1
2020-11-19 19:31:51,608 - Object - DEBUG - insertEvent - Object: Automa inserted new event in queue, event id: HIT_#311289, events in queue: 1
2020-11-19 19:31:51,810 - Object - DEBUG - insertEvent - Object: Automa inserted new event in queue, event id: HIT_#922177, events in queue: 1
2020-11-19 19:33:16,242 - Object - DEBUG - insertEvent - Object: Automa inserted new event in queue, event id: PUSH_#382319, events in queue: 1
2020-11-19 19:33:16,559 - Object - DEBUG - insertEvent - Object: Automa inserted new event in queue, event id: POP_#736131, events in queue: 1
2020-11-19 19:33:16,767 - Object - DEBUG - insertEvent - Object: Automa inserted new event in queue, event id: ASSIMILATE_#314371, events in queue: 1
2020-11-19 19:33:17,075 - Object - DEBUG - insertEvent - Object: Automa inserted new event in queue, event id: ASSIMILATE_#240136, events in queue: 1
2020-11-19 19:33:17,235 - Object - DEBUG - insertEvent - Object: Automa inserted new event in queue, event id: HIT_#965480, events in queue: 1
2020-11-19 19:33:18,119 - Object - DEBUG - insertEvent - Object: Automa inserted new event in queue, event id: HIT_#439188, events in queue: 1
2020-11-19 19:33:18,408 - Object - DEBUG - insertEvent - Object: Automa inserted new event in queue, event id: HIT_#122025, events in queue: 1
2020-11-19 19:33:18,537 - Object - DEBUG - insertEvent - Object: Automa inserted new event in queue, event id: HIT_#792531, events in queue: 1
2020-11-19 19:33:18,577 - Object - DEBUG - insertEvent - Object: Automa inserted new event in queue, event id: HIT_#44059, events in queue: 1
2020-11-20 09:52:30,416 - Object - DEBUG - insertEvent - Object: Automa inserted new event in queue, event id: PUSH_#24543, events in queue: 1
2020-11-20 09:52:30,767 - Object - DEBUG - insertEvent - Object: Automa inserted new event in queue, event id: POP_#254794, events in queue: 1
2020-11-20 09:52:30,897 - Object - DEBUG - insertEvent - Object: Automa inserted new event in queue, event id: ASSIMILATE_#649947, events in queue: 1
2020-11-20 09:52:31,667 - Object - DEBUG - insertEvent - Object: Automa inserted new event in queue, event id: ASSIMILATE_#329496, events in queue: 1
2020-11-20 09:52:32,065 - Object - DEBUG - insertEvent - Object: Automa inserted new event in queue, event id: HIT_#625729, events in queue: 1
2020-11-20 09:52:32,641 - Object - DEBUG - insertEvent - Object: Automa inserted new event in queue, event id: HIT_#400286, events in queue: 1
2020-11-20 09:52:32,951 - Object - DEBUG - insertEvent - Object: Automa inserted new event in queue, event id: HIT_#602150, events in queue: 1
2020-11-20 09:52:33,243 - Object - DEBUG - insertEvent - Object: Automa inserted new event in queue, event id: HIT_#79655, events in queue: 1
2020-11-20 09:52:33,365 - Object - DEBUG - insertEvent - Object: Automa inserted new event in queue, event id: HIT_#171201, events in queue: 1
2020-11-20 09:56:48,382 - Object - DEBUG - insertEvent - Object: Automa inserted new event in queue, event id: PUSH_#308024, events in queue: 1
2020-11-20 09:56:49,103 - Object - DEBUG - insertEvent - Object: Automa inserted new event in queue, event id: POP_#283476, events in queue: 1
2020-11-20 09:56:49,542 - Object - DEBUG - insertEvent - Object: Automa inserted new event in queue, event id: ASSIMILATE_#594954, events in queue: 1
2020-11-20 09:56:49,781 - Object - DEBUG - insertEvent - Object: Automa inserted new event in queue, event id: ASSIMILATE_#778544, events in queue: 1
2020-11-20 09:56:49,960 - Object - DEBUG - insertEvent - Object: Automa inserted new event in queue, event id: HIT_#815967, events in queue: 1
2020-11-20 09:56:50,114 - Object - DEBUG - insertEvent - Object: Automa inserted new event in queue, event id: HIT_#79879, events in queue: 1
2020-11-20 09:56:50,332 - Object - DEBUG - insertEvent - Object: Automa inserted new event in queue, event id: HIT_#230794, events in queue: 1
2020-11-20 09:56:50,794 - Object - DEBUG - insertEvent - Object: Automa inserted new event in queue, event id: HIT_#161860, events in queue: 1
2020-11-20 09:56:51,142 - Object - DEBUG - insertEvent - Object: Automa inserted new event in queue, event id: HIT_#150905, events in queue: 1
2020-11-20 10:01:06,993 - Object - DEBUG - insertEvent - Object: Automa inserted new event in queue, event id: PUSH_#2695, events in queue: 1
2020-11-20 10:01:07,239 - Object - DEBUG - insertEvent - Object: Object_Name_#749 inserted new event in queue, event id: POP_#924925, events in queue: 1
2020-11-20 10:01:07,300 - Object - DEBUG - insertEvent - Object: Object_Name_#2232 inserted new event in queue, event id: HIT_#861745, events in queue: 1
2020-11-20 10:01:07,663 - Object - DEBUG - insertEvent - Object: Object_Name_#8306 inserted new event in queue, event id: HIT_#715279, events in queue: 1
2020-11-20 10:01:08,686 - Object - DEBUG - insertEvent - Object: Object_Name_#1764 inserted new event in queue, event id: HIT_#460852, events in queue: 1
2020-11-20 10:01:08,948 - Object - DEBUG - insertEvent - Object: Object_Name_#6977 inserted new event in queue, event id: HIT_#190477, events in queue: 1
2020-11-20 10:12:17,069 - Object - DEBUG - insertEvent - Object: Automa inserted new event in queue, event id: PUSH_#489463, events in queue: 1
2020-11-20 10:12:17,291 - Object - DEBUG - insertEvent - Object: Object_Name_#798 inserted new event in queue, event id: POP_#512999, events in queue: 1
2020-11-20 10:12:17,602 - Object - DEBUG - insertEvent - Object: Object_Name_#4369 inserted new event in queue, event id: HIT_#86905, events in queue: 1
2020-11-20 10:12:17,844 - Object - DEBUG - insertEvent - Object: Object_Name_#42 inserted new event in queue, event id: HIT_#835661, events in queue: 1
2020-11-20 10:12:18,183 - Object - DEBUG - insertEvent - Object: Object_Name_#8931 inserted new event in queue, event id: HIT_#350289, events in queue: 1
2020-11-20 10:12:18,672 - Object - DEBUG - insertEvent - Object: Object_Name_#4774 inserted new event in queue, event id: HIT_#443798, events in queue: 1
2020-11-20 10:42:41,927 - Object - DEBUG - insertEvent - Object: Automa inserted new event in queue, event id: PUSH_#763478, events in queue: 1
2020-11-20 10:42:42,046 - Object - DEBUG - insertEvent - Object: Object_Name_#7127 inserted new event in queue, event id: POP_#189174, events in queue: 1
2020-11-20 10:42:42,097 - Object - DEBUG - insertEvent - Object: Object_Name_#765 inserted new event in queue, event id: HIT_#472866, events in queue: 1
2020-11-20 10:42:42,194 - Object - DEBUG - insertEvent - Object: Object_Name_#9628 inserted new event in queue, event id: HIT_#680085, events in queue: 1
2020-11-20 10:42:42,262 - Object - DEBUG - insertEvent - Object: Object_Name_#1562 inserted new event in queue, event id: HIT_#243914, events in queue: 1
2020-11-20 10:42:42,498 - Object - DEBUG - insertEvent - Object: Object_Name_#748 inserted new event in queue, event id: HIT_#344409, events in queue: 1
2020-11-20 10:43:37,146 - Object - DEBUG - insertEvent - Object: Automa inserted new event in queue, event id: PUSH_#342822, events in queue: 1
2020-11-20 10:43:37,434 - Object - DEBUG - insertEvent - Object: Object_Name_#1331 inserted new event in queue, event id: POP_#999115, events in queue: 1
2020-11-20 10:43:37,714 - Object - DEBUG - insertEvent - Object: Object_Name_#3972 inserted new event in queue, event id: HIT_#406057, events in queue: 1
2020-11-20 10:43:38,110 - Object - DEBUG - insertEvent - Object: Object_Name_#1264 inserted new event in queue, event id: HIT_#863026, events in queue: 1
2020-11-20 10:43:38,313 - Object - DEBUG - insertEvent - Object: Object_Name_#6010 inserted new event in queue, event id: HIT_#357062, events in queue: 1
2020-11-20 10:43:38,794 - Object - DEBUG - insertEvent - Object: Object_Name_#1705 inserted new event in queue, event id: HIT_#410455, events in queue: 1
2020-11-20 10:44:31,111 - Object - DEBUG - insertEvent - Object: Automa inserted new event in queue, event id: PUSH_#23762, events in queue: 1
2020-11-20 10:44:31,263 - Object - DEBUG - insertEvent - Object: Object_Name_#6154 inserted new event in queue, event id: POP_#660945, events in queue: 1
2020-11-20 10:44:31,423 - Object - DEBUG - insertEvent - Object: Object_Name_#2787 inserted new event in queue, event id: HIT_#652264, events in queue: 1
2020-11-20 10:44:31,494 - Object - DEBUG - insertEvent - Object: Object_Name_#7647 inserted new event in queue, event id: HIT_#766687, events in queue: 1
2020-11-20 10:44:31,562 - Object - DEBUG - insertEvent - Object: Object_Name_#9225 inserted new event in queue, event id: HIT_#562385, events in queue: 1
2020-11-20 10:44:31,861 - Object - DEBUG - insertEvent - Object: Object_Name_#224 inserted new event in queue, event id: HIT_#775758, events in queue: 1
2020-11-20 10:45:30,229 - Object - DEBUG - insertEvent - Object: Automa inserted new event in queue, event id: PUSH_#657984, events in queue: 1
2020-11-20 10:45:30,452 - Object - DEBUG - insertEvent - Object: Object_Name_#4326 inserted new event in queue, event id: POP_#535530, events in queue: 1
2020-11-20 10:45:30,708 - Object - DEBUG - insertEvent - Object: Object_Name_#997 inserted new event in queue, event id: HIT_#212854, events in queue: 1
2020-11-20 10:45:30,925 - Object - DEBUG - insertEvent - Object: Object_Name_#6026 inserted new event in queue, event id: HIT_#354214, events in queue: 1
2020-11-20 10:45:31,102 - Object - DEBUG - insertEvent - Object: Object_Name_#955 inserted new event in queue, event id: HIT_#435271, events in queue: 1
2020-11-20 10:45:31,606 - Object - DEBUG - insertEvent - Object: Object_Name_#9641 inserted new event in queue, event id: HIT_#607463, events in queue: 1
2020-11-20 11:08:48,277 - Object - DEBUG - insertEvent - Object: Automa inserted new event in queue, event id: PUSH_#830972, events in queue: 1
2020-11-20 11:08:48,446 - Object - DEBUG - insertEvent - Object: Object_Name_#6690 inserted new event in queue, event id: POP_#353762, events in queue: 1
2020-11-20 11:08:48,778 - Object - DEBUG - insertEvent - Object: Object_Name_#3646 inserted new event in queue, event id: HIT_#757016, events in queue: 1
2020-11-20 11:08:49,007 - Object - DEBUG - insertEvent - Object: Object_Name_#2802 inserted new event in queue, event id: HIT_#491881, events in queue: 1
2020-11-20 11:08:49,243 - Object - DEBUG - insertEvent - Object: Object_Name_#6259 inserted new event in queue, event id: HIT_#51343, events in queue: 1
2020-11-20 11:08:49,826 - Object - DEBUG - insertEvent - Object: Object_Name_#7170 inserted new event in queue, event id: HIT_#455663, events in queue: 1
2020-11-20 11:09:06,524 - Object - DEBUG - insertEvent - Object: Automa inserted new event in queue, event id: PUSH_#327596, events in queue: 1
2020-11-20 11:09:06,760 - Object - DEBUG - insertEvent - Object: Object_Name_#7366 inserted new event in queue, event id: POP_#470443, events in queue: 1
2020-11-20 11:09:06,969 - Object - DEBUG - insertEvent - Object: Object_Name_#8306 inserted new event in queue, event id: HIT_#646324, events in queue: 1
2020-11-20 11:09:07,033 - Object - DEBUG - insertEvent - Object: Object_Name_#7641 inserted new event in queue, event id: HIT_#40976, events in queue: 1
2020-11-20 11:09:07,191 - Object - DEBUG - insertEvent - Object: Object_Name_#4222 inserted new event in queue, event id: HIT_#620577, events in queue: 1
2020-11-20 11:09:07,701 - Object - DEBUG - insertEvent - Object: Object_Name_#1381 inserted new event in queue, event id: HIT_#349326, events in queue: 1
2020-11-22 10:08:58,587 - Object - DEBUG - insertEvent - Object: Automa inserted new event in queue, event id: PUSH_#534217, events in queue: 1
2020-11-22 10:08:59,240 - Object - DEBUG - insertEvent - Object: Automa inserted new event in queue, event id: POP_#399950, events in queue: 1
2020-11-22 10:08:59,697 - Object - DEBUG - insertEvent - Object: Automa inserted new event in queue, event id: ASSIMILATE_#353471, events in queue: 1
2020-11-22 10:09:00,882 - Object - DEBUG - insertEvent - Object: Automa inserted new event in queue, event id: ASSIMILATE_#754476, events in queue: 1
2020-11-22 10:09:01,206 - Object - DEBUG - insertEvent - Object: Automa inserted new event in queue, event id: HIT_#638854, events in queue: 1
2020-11-22 10:09:01,674 - Object - DEBUG - insertEvent - Object: Automa inserted new event in queue, event id: HIT_#58345, events in queue: 1
2020-11-22 10:09:01,940 - Object - DEBUG - insertEvent - Object: Automa inserted new event in queue, event id: HIT_#752723, events in queue: 1
2020-11-22 10:09:02,342 - Object - DEBUG - insertEvent - Object: Automa inserted new event in queue, event id: HIT_#917616, events in queue: 1
2020-11-22 10:09:02,505 - Object - DEBUG - insertEvent - Object: Automa inserted new event in queue, event id: HIT_#486792, events in queue: 1
2020-11-22 10:10:57,840 - Object - DEBUG - insertEvent - Object: Automa inserted new event in queue, event id: PUSH_#299039, events in queue: 1
2020-11-22 10:10:58,120 - Object - DEBUG - insertEvent - Object: Automa inserted new event in queue, event id: POP_#683797, events in queue: 1
2020-11-22 10:10:58,306 - Object - DEBUG - insertEvent - Object: Automa inserted new event in queue, event id: ASSIMILATE_#486387, events in queue: 1
2020-11-22 10:10:58,864 - Object - DEBUG - insertEvent - Object: Automa inserted new event in queue, event id: ASSIMILATE_#486444, events in queue: 1
2020-11-22 10:10:59,153 - Object - DEBUG - insertEvent - Object: Automa inserted new event in queue, event id: HIT_#981072, events in queue: 1
2020-11-22 10:10:59,335 - Object - DEBUG - insertEvent - Object: Automa inserted new event in queue, event id: HIT_#27817, events in queue: 1
2020-11-22 10:10:59,436 - Object - DEBUG - insertEvent - Object: Automa inserted new event in queue, event id: HIT_#706523, events in queue: 1
2020-11-22 10:10:59,680 - Object - DEBUG - insertEvent - Object: Automa inserted new event in queue, event id: HIT_#120310, events in queue: 1
2020-11-22 10:10:59,739 - Object - DEBUG - insertEvent - Object: Automa inserted new event in queue, event id: HIT_#821502, events in queue: 1
2020-11-22 10:11:06,941 - Object - DEBUG - insertEvent - Object: Automa inserted new event in queue, event id: PUSH_#229192, events in queue: 1
2020-11-22 10:11:07,059 - Object - DEBUG - insertEvent - Object: Object_Name_#3060 inserted new event in queue, event id: POP_#268691, events in queue: 1
2020-11-22 10:11:07,206 - Object - DEBUG - insertEvent - Object: Object_Name_#7982 inserted new event in queue, event id: HIT_#436529, events in queue: 1
2020-11-22 10:11:07,308 - Object - DEBUG - insertEvent - Object: Object_Name_#5551 inserted new event in queue, event id: HIT_#161286, events in queue: 1
2020-11-22 10:11:07,386 - Object - DEBUG - insertEvent - Object: Object_Name_#1735 inserted new event in queue, event id: HIT_#998421, events in queue: 1
2020-11-22 10:11:07,690 - Object - DEBUG - insertEvent - Object: Object_Name_#8439 inserted new event in queue, event id: HIT_#170917, events in queue: 1
2020-11-22 15:52:59,396 - Object - DEBUG - destroy - Object: Marcantony destroyed
2020-11-22 15:54:12,733 - Object - DEBUG - destroy - Object: Marcantony destroyed
2020-11-22 15:55:32,819 - Object - DEBUG - destroy - Object: Marcantony destroyed
2020-11-22 16:01:27,605 - Object - DEBUG - insertEvent - Object: Automa inserted new event in queue, event id: PUSH_#481100, events in queue: 1
2020-11-22 16:01:27,750 - Object - DEBUG - insertEvent - Object: Object_Name_#7540 inserted new event in queue, event id: POP_#754052, events in queue: 1
2020-11-22 16:01:27,802 - Object - DEBUG - insertEvent - Object: Object_Name_#6090 inserted new event in queue, event id: HIT_#497988, events in queue: 1
2020-11-22 16:01:27,932 - Object - DEBUG - insertEvent - Object: Object_Name_#1195 inserted new event in queue, event id: HIT_#408798, events in queue: 1
2020-11-22 16:01:27,980 - Object - DEBUG - insertEvent - Object: Object_Name_#7689 inserted new event in queue, event id: HIT_#239757, events in queue: 1
2020-11-22 16:01:28,202 - Object - DEBUG - insertEvent - Object: Object_Name_#5109 inserted new event in queue, event id: HIT_#128913, events in queue: 1
2020-11-23 14:59:17,694 - Object - DEBUG - insertEvent - Object: Automa inserted new event in queue, event id: PUSH_#243978, events in queue: 1
2020-11-23 14:59:17,746 - Object - DEBUG - insertEvent - Object: Object_Name_#8443 inserted new event in queue, event id: POP_#13315, events in queue: 1
2020-11-23 14:59:17,799 - Object - DEBUG - insertEvent - Object: Object_Name_#168 inserted new event in queue, event id: HIT_#150356, events in queue: 1
2020-11-23 14:59:17,883 - Object - DEBUG - insertEvent - Object: Object_Name_#6857 inserted new event in queue, event id: HIT_#71787, events in queue: 1
2020-11-23 14:59:18,081 - Object - DEBUG - insertEvent - Object: Object_Name_#6723 inserted new event in queue, event id: HIT_#858461, events in queue: 1
2020-11-23 14:59:18,179 - Object - DEBUG - insertEvent - Object: Object_Name_#6209 inserted new event in queue, event id: HIT_#742517, events in queue: 1
2020-11-23 15:09:00,357 - Object - DEBUG - destroy - Object: Automa destroyed
2020-11-23 15:09:01,939 - Object - DEBUG - insertEvent - Object: Automa inserted new event in queue, event id: PUSH_#585468, events in queue: 1
2020-11-23 15:09:02,118 - Object - DEBUG - insertEvent - Object: Object_Name_#1401 inserted new event in queue, event id: POP_#91412, events in queue: 1
2020-11-23 15:09:02,274 - Object - DEBUG - insertEvent - Object: Object_Name_#4082 inserted new event in queue, event id: HIT_#679489, events in queue: 1
2020-11-23 15:09:02,527 - Object - DEBUG - insertEvent - Object: Object_Name_#1268 inserted new event in queue, event id: HIT_#469545, events in queue: 1
2020-11-23 15:09:02,710 - Object - DEBUG - insertEvent - Object: Object_Name_#124 inserted new event in queue, event id: HIT_#693744, events in queue: 1
2020-11-23 15:09:02,923 - Object - DEBUG - insertEvent - Object: Object_Name_#1149 inserted new event in queue, event id: HIT_#799029, events in queue: 1
2020-11-28 14:22:11,234 - Object - DEBUG - destroy - Object: Automa destroyed
2020-11-28 14:22:12,841 - Object - DEBUG - insertEvent - Object: Automa inserted new event in queue, event id: PUSH_#80902, events in queue: 1
2020-11-28 14:22:12,892 - Object - DEBUG - insertEvent - Object: Object_Name_#4629 inserted new event in queue, event id: POP_#771878, events in queue: 1
2020-11-28 14:22:13,210 - Object - DEBUG - insertEvent - Object: Object_Name_#4572 inserted new event in queue, event id: HIT_#75333, events in queue: 1
2020-11-28 14:22:13,438 - Object - DEBUG - insertEvent - Object: Object_Name_#9614 inserted new event in queue, event id: HIT_#968268, events in queue: 1
2020-11-28 14:22:13,576 - Object - DEBUG - insertEvent - Object: Object_Name_#639 inserted new event in queue, event id: HIT_#119023, events in queue: 1
2020-11-28 14:22:13,808 - Object - DEBUG - insertEvent - Object: Object_Name_#4805 inserted new event in queue, event id: HIT_#884335, events in queue: 1
2020-11-28 14:23:53,210 - Object - DEBUG - insertEvent - Object: Automa inserted new event in queue, event id: PUSH_#6447, events in queue: 1
2020-11-28 14:23:53,440 - Object - DEBUG - insertEvent - Object: Automa inserted new event in queue, event id: POP_#574212, events in queue: 1
2020-11-28 14:23:53,509 - Object - DEBUG - insertEvent - Object: Automa inserted new event in queue, event id: ASSIMILATE_#732671, events in queue: 1
2020-11-28 14:23:53,740 - Object - DEBUG - insertEvent - Object: Automa inserted new event in queue, event id: ASSIMILATE_#165894, events in queue: 1
2020-11-28 14:23:53,912 - Object - DEBUG - insertEvent - Object: Automa inserted new event in queue, event id: HIT_#685076, events in queue: 1
2020-11-28 14:23:54,002 - Object - DEBUG - insertEvent - Object: Automa inserted new event in queue, event id: HIT_#939922, events in queue: 1
2020-11-28 14:23:54,099 - Object - DEBUG - insertEvent - Object: Automa inserted new event in queue, event id: HIT_#451911, events in queue: 1
2020-11-28 14:23:54,300 - Object - DEBUG - insertEvent - Object: Automa inserted new event in queue, event id: HIT_#934533, events in queue: 1
2020-11-28 14:23:54,354 - Object - DEBUG - insertEvent - Object: Automa inserted new event in queue, event id: HIT_#249424, events in queue: 1
2020-11-28 14:23:59,298 - Object - DEBUG - destroy - Object: Automa destroyed
2020-11-28 14:23:59,684 - Object - DEBUG - insertEvent - Object: Automa inserted new event in queue, event id: PUSH_#407519, events in queue: 1
2020-11-28 14:23:59,755 - Object - DEBUG - insertEvent - Object: Object_Name_#7980 inserted new event in queue, event id: POP_#492656, events in queue: 1
2020-11-28 14:23:59,806 - Object - DEBUG - insertEvent - Object: Object_Name_#2847 inserted new event in queue, event id: HIT_#686345, events in queue: 1
2020-11-28 14:23:59,874 - Object - DEBUG - insertEvent - Object: Object_Name_#7936 inserted new event in queue, event id: HIT_#306378, events in queue: 1
2020-11-28 14:23:59,920 - Object - DEBUG - insertEvent - Object: Object_Name_#8544 inserted new event in queue, event id: HIT_#575027, events in queue: 1
2020-11-28 14:24:00,136 - Object - DEBUG - insertEvent - Object: Object_Name_#1185 inserted new event in queue, event id: HIT_#620366, events in queue: 1
2020-11-28 15:03:47,122 - Object - DEBUG - destroy - Object: Marcantony destroyed
2020-11-28 15:03:58,774 - Object - DEBUG - destroy - Object: Marcantony destroyed
2020-11-29 00:39:44,755 - Object - DEBUG - insertEvent - Object: Automa inserted new event in queue, event id: PUSH_#206396, events in queue: 1
2020-11-29 00:39:44,826 - Object - DEBUG - insertEvent - Object: Automa inserted new event in queue, event id: POP_#444115, events in queue: 1
2020-11-29 00:39:44,857 - Object - DEBUG - insertEvent - Object: Automa inserted new event in queue, event id: ASSIMILATE_#752892, events in queue: 1
2020-11-29 00:41:04,209 - Object - DEBUG - insertEvent - Object: Automa inserted new event in queue, event id: PUSH_#112901, events in queue: 1
2020-11-29 00:41:04,275 - Object - DEBUG - insertEvent - Object: Automa inserted new event in queue, event id: POP_#238798, events in queue: 1
2020-11-29 00:41:04,322 - Object - DEBUG - insertEvent - Object: Automa inserted new event in queue, event id: ASSIMILATE_#658314, events in queue: 1
2020-11-29 00:41:04,376 - Object - DEBUG - insertEvent - Object: Automa inserted new event in queue, event id: ASSIMILATE_#860799, events in queue: 1
2020-11-29 00:41:04,405 - Object - DEBUG - insertEvent - Object: Automa inserted new event in queue, event id: HIT_#332142, events in queue: 1
2020-11-29 00:41:04,460 - Object - DEBUG - insertEvent - Object: Automa inserted new event in queue, event id: HIT_#729346, events in queue: 1
2020-11-29 00:41:04,491 - Object - DEBUG - insertEvent - Object: Automa inserted new event in queue, event id: HIT_#497603, events in queue: 1
2020-11-29 00:41:04,526 - Object - DEBUG - insertEvent - Object: Automa inserted new event in queue, event id: HIT_#807710, events in queue: 1
2020-11-29 00:41:04,561 - Object - DEBUG - insertEvent - Object: Automa inserted new event in queue, event id: HIT_#246573, events in queue: 1
2020-11-29 00:44:38,815 - Object - DEBUG - insertEvent - Object: Automa inserted new event in queue, event id: PUSH_#285429, events in queue: 1
2020-11-29 00:44:38,867 - Object - DEBUG - insertEvent - Object: Automa inserted new event in queue, event id: POP_#820384, events in queue: 1
2020-11-29 00:44:38,902 - Object - DEBUG - insertEvent - Object: Automa inserted new event in queue, event id: ASSIMILATE_#238193, events in queue: 1
2020-11-29 00:44:38,968 - Object - DEBUG - insertEvent - Object: Automa inserted new event in queue, event id: ASSIMILATE_#621901, events in queue: 1
2020-11-29 00:44:39,002 - Object - DEBUG - insertEvent - Object: Automa inserted new event in queue, event id: HIT_#264297, events in queue: 1
2020-11-29 00:44:39,058 - Object - DEBUG - insertEvent - Object: Automa inserted new event in queue, event id: HIT_#400570, events in queue: 1
2020-11-29 00:44:39,089 - Object - DEBUG - insertEvent - Object: Automa inserted new event in queue, event id: HIT_#704406, events in queue: 1
2020-11-29 00:44:39,149 - Object - DEBUG - insertEvent - Object: Automa inserted new event in queue, event id: HIT_#217519, events in queue: 1
2020-11-29 00:44:39,173 - Object - DEBUG - insertEvent - Object: Automa inserted new event in queue, event id: HIT_#278977, events in queue: 1
2020-11-29 11:23:39,068 - Object - DEBUG - insertEvent - Object: Automa inserted new event in queue, event id: PUSH_#957901, events in queue: 1
2020-11-29 11:23:39,452 - Object - DEBUG - insertEvent - Object: Automa inserted new event in queue, event id: POP_#710592, events in queue: 1
2020-11-29 11:23:39,553 - Object - DEBUG - insertEvent - Object: Automa inserted new event in queue, event id: ASSIMILATE_#403280, events in queue: 1
2020-11-29 11:30:03,468 - Object - DEBUG - insertEvent - Object: Automa inserted new event in queue, event id: PUSH_#814462, events in queue: 1
2020-11-29 11:30:03,568 - Object - DEBUG - insertEvent - Object: Automa inserted new event in queue, event id: POP_#330511, events in queue: 1
2020-11-29 11:30:03,610 - Object - DEBUG - insertEvent - Object: Automa inserted new event in queue, event id: ASSIMILATE_#396597, events in queue: 1
2020-11-29 11:30:03,694 - Object - DEBUG - insertEvent - Object: Automa inserted new event in queue, event id: ASSIMILATE_#79570, events in queue: 1
2020-11-29 11:30:03,730 - Object - DEBUG - insertEvent - Object: Automa inserted new event in queue, event id: HIT_#423436, events in queue: 1
2020-11-29 11:30:03,799 - Object - DEBUG - insertEvent - Object: Automa inserted new event in queue, event id: HIT_#941290, events in queue: 1
2020-11-29 11:30:03,847 - Object - DEBUG - insertEvent - Object: Automa inserted new event in queue, event id: HIT_#33898, events in queue: 1
2020-11-29 11:30:03,944 - Object - DEBUG - insertEvent - Object: Automa inserted new event in queue, event id: HIT_#771324, events in queue: 1
2020-11-29 11:30:03,978 - Object - DEBUG - insertEvent - Object: Automa inserted new event in queue, event id: HIT_#321351, events in queue: 1
2020-11-29 11:30:17,425 - Object - DEBUG - insertEvent - Object: Automa inserted new event in queue, event id: PUSH_#370771, events in queue: 1
2020-11-29 11:30:17,500 - Object - DEBUG - insertEvent - Object: Automa inserted new event in queue, event id: POP_#429901, events in queue: 1
2020-11-29 11:30:17,561 - Object - DEBUG - insertEvent - Object: Automa inserted new event in queue, event id: ASSIMILATE_#601445, events in queue: 1
2020-11-29 11:38:06,084 - Object - DEBUG - insertEvent - Object: Automa inserted new event in queue, event id: ASSIMILATE_#154084, events in queue: 1
2020-11-29 11:38:47,557 - Object - DEBUG - insertEvent - Object: Automa inserted new event in queue, event id: PUSH_#188143, events in queue: 1
2020-11-29 11:38:47,672 - Object - DEBUG - insertEvent - Object: Automa inserted new event in queue, event id: POP_#442328, events in queue: 1
2020-11-29 11:38:47,704 - Object - DEBUG - insertEvent - Object: Automa inserted new event in queue, event id: ASSIMILATE_#707052, events in queue: 1
2020-11-29 11:38:47,786 - Object - DEBUG - insertEvent - Object: Automa inserted new event in queue, event id: HIT_#249043, events in queue: 1
2020-11-29 11:38:47,858 - Object - DEBUG - insertEvent - Object: Automa inserted new event in queue, event id: HIT_#334169, events in queue: 1
2020-11-29 11:38:47,936 - Object - DEBUG - insertEvent - Object: Automa inserted new event in queue, event id: HIT_#481570, events in queue: 1
2020-11-29 11:38:48,019 - Object - DEBUG - insertEvent - Object: Automa inserted new event in queue, event id: HIT_#980050, events in queue: 1
2020-11-29 11:38:48,054 - Object - DEBUG - insertEvent - Object: Automa inserted new event in queue, event id: HIT_#213445, events in queue: 1
2020-11-29 11:39:13,281 - Object - DEBUG - insertEvent - Object: Automa inserted new event in queue, event id: PUSH_#506039, events in queue: 1
2020-11-29 11:39:13,357 - Object - DEBUG - insertEvent - Object: Automa inserted new event in queue, event id: POP_#598036, events in queue: 1
2020-11-29 11:39:13,439 - Object - DEBUG - insertEvent - Object: Automa inserted new event in queue, event id: ASSIMILATE_#786100, events in queue: 1
2020-11-29 11:39:30,033 - Object - DEBUG - insertEvent - Object: Automa inserted new event in queue, event id: HIT_#440937, events in queue: 1
2020-11-29 11:39:47,161 - Object - DEBUG - insertEvent - Object: Automa inserted new event in queue, event id: HIT_#954499, events in queue: 1
2020-11-29 11:39:55,279 - Object - DEBUG - insertEvent - Object: Automa inserted new event in queue, event id: HIT_#113031, events in queue: 1
2020-11-29 11:40:08,828 - Object - DEBUG - insertEvent - Object: Automa inserted new event in queue, event id: HIT_#74662, events in queue: 1
2020-11-29 12:00:19,398 - Object - DEBUG - insertEvent - Object: Automa inserted new event in queue, event id: PUSH_#87602, events in queue: 1
2020-11-29 12:00:19,466 - Object - DEBUG - insertEvent - Object: Automa inserted new event in queue, event id: POP_#149450, events in queue: 1
2020-11-29 12:00:19,519 - Object - DEBUG - insertEvent - Object: Automa inserted new event in queue, event id: ASSIMILATE_#12422, events in queue: 1
2020-11-29 12:00:19,617 - Object - DEBUG - insertEvent - Object: Automa inserted new event in queue, event id: HIT_#925618, events in queue: 1
2020-11-29 12:00:19,679 - Object - DEBUG - insertEvent - Object: Automa inserted new event in queue, event id: HIT_#549393, events in queue: 1
2020-11-29 12:00:19,731 - Object - DEBUG - insertEvent - Object: Automa inserted new event in queue, event id: HIT_#681746, events in queue: 1
2020-11-29 12:00:19,797 - Object - DEBUG - insertEvent - Object: Automa inserted new event in queue, event id: HIT_#531713, events in queue: 1
2020-11-29 12:00:19,830 - Object - DEBUG - insertEvent - Object: Automa inserted new event in queue, event id: HIT_#274086, events in queue: 1
2020-11-29 12:01:11,159 - Object - DEBUG - insertEvent - Object: Automa inserted new event in queue, event id: PUSH_#576717, events in queue: 1
2020-11-29 12:13:29,841 - Object - DEBUG - insertEvent - Object: Automa inserted new event in queue, event id: PUSH_#467186, events in queue: 1
2020-11-29 12:14:05,187 - Object - DEBUG - insertEvent - Object: Automa inserted new event in queue, event id: POP_#209969, events in queue: 1
2020-11-29 12:14:05,351 - Object - DEBUG - insertEvent - Object: Automa inserted new event in queue, event id: ASSIMILATE_#471600, events in queue: 1
2020-11-29 12:14:09,154 - Object - DEBUG - insertEvent - Object: Automa inserted new event in queue, event id: HIT_#29079, events in queue: 1
2020-11-29 12:14:09,349 - Object - DEBUG - insertEvent - Object: Automa inserted new event in queue, event id: HIT_#194585, events in queue: 1
2020-11-29 12:14:09,406 - Object - DEBUG - insertEvent - Object: Automa inserted new event in queue, event id: HIT_#954534, events in queue: 1
2020-11-29 12:14:09,505 - Object - DEBUG - insertEvent - Object: Automa inserted new event in queue, event id: HIT_#735009, events in queue: 1
2020-11-29 12:14:09,598 - Object - DEBUG - insertEvent - Object: Automa inserted new event in queue, event id: HIT_#813184, events in queue: 1
2020-11-29 12:18:53,781 - Object - DEBUG - destroy - Object: Automa destroyed
2020-11-29 12:18:54,348 - Object - DEBUG - insertEvent - Object: Object_Name_#1419 inserted new event in queue, event id: PUSH_#709932, events in queue: 1
2020-11-29 12:18:54,382 - Object - DEBUG - insertEvent - Object: Automa inserted new event in queue, event id: PUSH_#778851, events in queue: 1
2020-11-29 12:18:54,415 - Object - DEBUG - insertEvent - Object: Object_Name_#9006 inserted new event in queue, event id: POP_#363301, events in queue: 1
2020-11-29 12:18:54,449 - Object - DEBUG - insertEvent - Object: Object_Name_#949 inserted new event in queue, event id: HIT_#552939, events in queue: 1
2020-11-29 12:18:54,497 - Object - DEBUG - insertEvent - Object: Object_Name_#3914 inserted new event in queue, event id: HIT_#853356, events in queue: 1
2020-11-29 12:18:54,527 - Object - DEBUG - insertEvent - Object: Object_Name_#7987 inserted new event in queue, event id: HIT_#172157, events in queue: 1
2020-11-29 12:18:54,557 - Object - DEBUG - insertEvent - Object: Object_Name_#9881 inserted new event in queue, event id: ASSIMILATE_#366971, events in queue: 1
2020-11-29 12:18:54,582 - Object - DEBUG - insertEvent - Object: Object_Name_#1958 inserted new event in queue, event id: HIT_#846404, events in queue: 1
2020-11-29 12:26:47,628 - Object - DEBUG - insertEvent - Object: Automa inserted new event in queue, event id: PUSH_#861192, events in queue: 1
2020-11-29 12:26:47,724 - Object - DEBUG - insertEvent - Object: Automa inserted new event in queue, event id: POP_#947005, events in queue: 1
2020-11-29 12:26:47,766 - Object - DEBUG - insertEvent - Object: Automa inserted new event in queue, event id: ASSIMILATE_#739389, events in queue: 1
2020-11-29 12:26:47,841 - Object - DEBUG - insertEvent - Object: Automa inserted new event in queue, event id: HIT_#34558, events in queue: 1
2020-11-29 12:26:47,922 - Object - DEBUG - insertEvent - Object: Automa inserted new event in queue, event id: HIT_#721726, events in queue: 1
2020-11-29 12:26:47,951 - Object - DEBUG - insertEvent - Object: Automa inserted new event in queue, event id: HIT_#821386, events in queue: 1
2020-11-29 12:26:48,019 - Object - DEBUG - insertEvent - Object: Automa inserted new event in queue, event id: HIT_#787758, events in queue: 1
2020-11-29 12:26:48,087 - Object - DEBUG - insertEvent - Object: Automa inserted new event in queue, event id: HIT_#815254, events in queue: 1
2020-11-29 12:27:35,464 - Object - DEBUG - destroy - Object: Automa destroyed
2020-11-29 12:39:45,467 - Object - DEBUG - insertEvent - Object: Object_Name_#705 inserted new event in queue, event id: PUSH_#564375, events in queue: 1
2020-11-29 12:42:04,087 - Object - DEBUG - destroy - Object: Automa destroyed
2020-11-29 12:44:30,460 - Object - DEBUG - insertEvent - Object: Object_Name_#9040 inserted new event in queue, event id: PUSH_#970058, events in queue: 1
2020-11-29 12:47:01,669 - Object - DEBUG - destroy - Object: Automa destroyed
2020-11-29 12:47:02,238 - Object - DEBUG - insertEvent - Object: Object_Name_#7774 inserted new event in queue, event id: PUSH_#354529, events in queue: 1
2020-11-29 12:47:02,287 - Object - DEBUG - insertEvent - Object: Automa inserted new event in queue, event id: PUSH_#441571, events in queue: 1
2020-11-29 12:47:02,317 - Object - DEBUG - insertEvent - Object: Object_Name_#1236 inserted new event in queue, event id: POP_#699864, events in queue: 1
2020-11-29 12:47:02,350 - Object - DEBUG - insertEvent - Object: Object_Name_#9494 inserted new event in queue, event id: HIT_#320855, events in queue: 1
2020-11-29 12:47:02,385 - Object - DEBUG - insertEvent - Object: Object_Name_#5725 inserted new event in queue, event id: HIT_#54095, events in queue: 1
2020-11-29 12:47:02,418 - Object - DEBUG - insertEvent - Object: Object_Name_#9980 inserted new event in queue, event id: HIT_#402254, events in queue: 1
2020-11-29 12:47:02,451 - Object - DEBUG - insertEvent - Object: Object_Name_#1144 inserted new event in queue, event id: ASSIMILATE_#810941, events in queue: 1
2020-11-29 12:47:02,485 - Object - DEBUG - insertEvent - Object: Object_Name_#709 inserted new event in queue, event id: HIT_#107317, events in queue: 1
2020-11-29 12:47:58,850 - Object - DEBUG - destroy - Object: Automa destroyed
2020-11-29 12:47:59,839 - Object - DEBUG - insertEvent - Object: Object_Name_#248 inserted new event in queue, event id: PUSH_#835911, events in queue: 1
2020-11-29 12:47:59,905 - Object - DEBUG - insertEvent - Object: Automa inserted new event in queue, event id: PUSH_#270346, events in queue: 1
2020-11-29 12:47:59,967 - Object - DEBUG - insertEvent - Object: Object_Name_#1879 inserted new event in queue, event id: POP_#137174, events in queue: 1
2020-11-29 12:48:00,021 - Object - DEBUG - insertEvent - Object: Object_Name_#7809 inserted new event in queue, event id: HIT_#308326, events in queue: 1
2020-11-29 12:48:00,084 - Object - DEBUG - insertEvent - Object: Object_Name_#599 inserted new event in queue, event id: HIT_#649973, events in queue: 1
2020-11-29 12:48:00,138 - Object - DEBUG - insertEvent - Object: Object_Name_#4005 inserted new event in queue, event id: HIT_#220832, events in queue: 1
2020-11-29 12:48:10,179 - Object - DEBUG - insertEvent - Object: Object_Name_#9522 inserted new event in queue, event id: ASSIMILATE_#296240, events in queue: 1
2020-11-29 12:49:30,254 - Object - DEBUG - destroy - Object: Automa destroyed
2020-11-29 12:49:30,851 - Object - DEBUG - insertEvent - Object: Object_Name_#1203 inserted new event in queue, event id: PUSH_#964385, events in queue: 1
2020-11-29 12:49:30,899 - Object - DEBUG - insertEvent - Object: Automa inserted new event in queue, event id: PUSH_#152571, events in queue: 1
2020-11-29 12:49:30,932 - Object - DEBUG - insertEvent - Object: Object_Name_#600 inserted new event in queue, event id: POP_#514707, events in queue: 1
2020-11-29 12:49:30,967 - Object - DEBUG - insertEvent - Object: Object_Name_#3886 inserted new event in queue, event id: HIT_#993026, events in queue: 1
2020-11-29 12:49:30,999 - Object - DEBUG - insertEvent - Object: Object_Name_#5409 inserted new event in queue, event id: HIT_#27419, events in queue: 1
2020-11-29 12:49:31,035 - Object - DEBUG - insertEvent - Object: Object_Name_#7402 inserted new event in queue, event id: HIT_#970057, events in queue: 1
2020-11-29 12:49:31,083 - Object - DEBUG - insertEvent - Object: Object_Name_#5227 inserted new event in queue, event id: ASSIMILATE_#806219, events in queue: 1
2020-11-29 12:49:31,114 - Object - DEBUG - insertEvent - Object: Object_Name_#3654 inserted new event in queue, event id: HIT_#812409, events in queue: 1
2021-01-04 12:22:38,712 - Object - DEBUG - destroy - Object: Marcantony destroyed
2021-01-04 12:22:39,932 - Object - DEBUG - insertEvent - Object: Automa inserted new event in queue, event id: PUSH_#140562, events in queue: 1
2021-01-04 12:22:40,272 - Object - DEBUG - insertEvent - Object: Automa inserted new event in queue, event id: POP_#772153, events in queue: 1
2021-01-04 12:22:40,730 - Object - DEBUG - insertEvent - Object: Automa inserted new event in queue, event id: ASSIMILATE_#629945, events in queue: 1
2021-01-04 12:22:41,247 - Object - DEBUG - insertEvent - Object: Automa inserted new event in queue, event id: HIT_#761059, events in queue: 1
2021-01-04 12:22:42,016 - Object - DEBUG - insertEvent - Object: Automa inserted new event in queue, event id: HIT_#892391, events in queue: 1
2021-01-04 12:22:42,233 - Object - DEBUG - insertEvent - Object: Automa inserted new event in queue, event id: HIT_#555054, events in queue: 1
2021-01-04 12:22:42,710 - Object - DEBUG - insertEvent - Object: Automa inserted new event in queue, event id: HIT_#550765, events in queue: 1
2021-01-04 12:22:42,879 - Object - DEBUG - insertEvent - Object: Automa inserted new event in queue, event id: HIT_#250450, events in queue: 1
2021-01-04 12:23:02,568 - Object - DEBUG - destroy - Object: Automa destroyed
2021-01-04 12:23:04,161 - Object - DEBUG - insertEvent - Object: Object_Name_#3440 inserted new event in queue, event id: PUSH_#967830, events in queue: 1
2021-01-04 12:23:04,329 - Object - DEBUG - insertEvent - Object: Automa inserted new event in queue, event id: PUSH_#941212, events in queue: 1
2021-01-04 12:23:04,481 - Object - DEBUG - insertEvent - Object: Object_Name_#8857 inserted new event in queue, event id: POP_#509390, events in queue: 1
2021-01-04 12:23:04,597 - Object - DEBUG - insertEvent - Object: Object_Name_#4656 inserted new event in queue, event id: HIT_#577916, events in queue: 1
2021-01-04 12:23:04,695 - Object - DEBUG - insertEvent - Object: Object_Name_#2086 inserted new event in queue, event id: HIT_#690141, events in queue: 1
2021-01-04 12:23:04,818 - Object - DEBUG - insertEvent - Object: Object_Name_#5829 inserted new event in queue, event id: HIT_#196710, events in queue: 1
2021-01-04 12:23:05,039 - Object - DEBUG - insertEvent - Object: Object_Name_#5017 inserted new event in queue, event id: ASSIMILATE_#536162, events in queue: 1
2021-01-04 12:23:05,556 - Object - DEBUG - insertEvent - Object: Object_Name_#5616 inserted new event in queue, event id: HIT_#467839, events in queue: 1
2021-01-04 12:23:16,767 - Object - DEBUG - destroy - Object: Marcantony destroyed
2021-01-04 12:23:21,812 - Object - DEBUG - insertEvent - Object: Automa inserted new event in queue, event id: PUSH_#800093, events in queue: 1
2021-01-04 12:23:21,896 - Object - DEBUG - insertEvent - Object: Automa inserted new event in queue, event id: POP_#845030, events in queue: 1
2021-01-04 12:23:21,928 - Object - DEBUG - insertEvent - Object: Automa inserted new event in queue, event id: ASSIMILATE_#919082, events in queue: 1
2021-01-04 12:23:22,015 - Object - DEBUG - insertEvent - Object: Automa inserted new event in queue, event id: HIT_#584578, events in queue: 1
2021-01-04 12:23:22,110 - Object - DEBUG - insertEvent - Object: Automa inserted new event in queue, event id: HIT_#555719, events in queue: 1
2021-01-04 12:23:22,160 - Object - DEBUG - insertEvent - Object: Automa inserted new event in queue, event id: HIT_#465407, events in queue: 1
2021-01-04 12:23:22,231 - Object - DEBUG - insertEvent - Object: Automa inserted new event in queue, event id: HIT_#726838, events in queue: 1
2021-01-04 12:23:22,263 - Object - DEBUG - insertEvent - Object: Automa inserted new event in queue, event id: HIT_#450151, events in queue: 1
2021-01-04 12:23:22,505 - Object - DEBUG - destroy - Object: Automa destroyed
2021-01-04 12:23:23,165 - Object - DEBUG - insertEvent - Object: Object_Name_#4998 inserted new event in queue, event id: PUSH_#257996, events in queue: 1
2021-01-04 12:23:23,232 - Object - DEBUG - insertEvent - Object: Automa inserted new event in queue, event id: PUSH_#508754, events in queue: 1
2021-01-04 12:23:23,291 - Object - DEBUG - insertEvent - Object: Object_Name_#4332 inserted new event in queue, event id: POP_#940108, events in queue: 1
2021-01-04 12:23:23,348 - Object - DEBUG - insertEvent - Object: Object_Name_#6122 inserted new event in queue, event id: HIT_#423302, events in queue: 1
2021-01-04 12:23:23,413 - Object - DEBUG - insertEvent - Object: Object_Name_#4165 inserted new event in queue, event id: HIT_#84058, events in queue: 1
2021-01-04 12:23:23,461 - Object - DEBUG - insertEvent - Object: Object_Name_#1555 inserted new event in queue, event id: HIT_#799687, events in queue: 1
2021-01-04 12:23:23,496 - Object - DEBUG - insertEvent - Object: Object_Name_#4136 inserted new event in queue, event id: ASSIMILATE_#708926, events in queue: 1
2021-01-04 12:23:23,530 - Object - DEBUG - insertEvent - Object: Object_Name_#4039 inserted new event in queue, event id: HIT_#311431, events in queue: 1
2021-01-04 12:30:30,891 - Object - DEBUG - destroy - Object: Marcantony destroyed
2021-01-04 12:30:31,191 - Object - DEBUG - insertEvent - Object: Automa inserted new event in queue, event id: PUSH_#53447, events in queue: 1
2021-01-04 12:30:31,388 - Object - DEBUG - insertEvent - Object: Automa inserted new event in queue, event id: POP_#32826, events in queue: 1
2021-01-04 12:30:31,422 - Object - DEBUG - insertEvent - Object: Automa inserted new event in queue, event id: ASSIMILATE_#148058, events in queue: 1
2021-01-04 12:30:31,547 - Object - DEBUG - insertEvent - Object: Automa inserted new event in queue, event id: HIT_#403806, events in queue: 1
2021-01-04 12:30:31,672 - Object - DEBUG - insertEvent - Object: Automa inserted new event in queue, event id: HIT_#804896, events in queue: 1
2021-01-04 12:30:31,748 - Object - DEBUG - insertEvent - Object: Automa inserted new event in queue, event id: HIT_#159521, events in queue: 1
2021-01-04 12:30:31,951 - Object - DEBUG - insertEvent - Object: Automa inserted new event in queue, event id: HIT_#608037, events in queue: 1
2021-01-04 12:30:31,991 - Object - DEBUG - insertEvent - Object: Automa inserted new event in queue, event id: HIT_#39676, events in queue: 1
2021-01-04 12:30:36,722 - Object - DEBUG - destroy - Object: Automa destroyed
2021-01-04 12:30:37,506 - Object - DEBUG - insertEvent - Object: Object_Name_#791 inserted new event in queue, event id: PUSH_#370105, events in queue: 1
2021-01-04 12:30:37,574 - Object - DEBUG - insertEvent - Object: Automa inserted new event in queue, event id: PUSH_#243035, events in queue: 1
2021-01-04 12:30:37,642 - Object - DEBUG - insertEvent - Object: Object_Name_#6923 inserted new event in queue, event id: POP_#709060, events in queue: 1
2021-01-04 12:30:37,690 - Object - DEBUG - insertEvent - Object: Object_Name_#7451 inserted new event in queue, event id: HIT_#510821, events in queue: 1
2021-01-04 12:30:37,791 - Object - DEBUG - insertEvent - Object: Object_Name_#9938 inserted new event in queue, event id: HIT_#522958, events in queue: 1
2021-01-04 12:30:37,842 - Object - DEBUG - insertEvent - Object: Object_Name_#1144 inserted new event in queue, event id: HIT_#907865, events in queue: 1
2021-01-04 12:30:37,925 - Object - DEBUG - insertEvent - Object: Object_Name_#1739 inserted new event in queue, event id: ASSIMILATE_#48604, events in queue: 1
2021-01-04 12:30:38,023 - Object - DEBUG - insertEvent - Object: Object_Name_#8692 inserted new event in queue, event id: HIT_#973106, events in queue: 1
2021-01-04 12:30:42,125 - Object - DEBUG - destroy - Object: Marcantony destroyed
2021-01-04 12:30:46,674 - Object - DEBUG - insertEvent - Object: Automa inserted new event in queue, event id: PUSH_#982909, events in queue: 1
2021-01-04 12:30:46,786 - Object - DEBUG - insertEvent - Object: Automa inserted new event in queue, event id: POP_#107475, events in queue: 1
2021-01-04 12:30:46,823 - Object - DEBUG - insertEvent - Object: Automa inserted new event in queue, event id: ASSIMILATE_#566241, events in queue: 1
2021-01-04 12:30:46,900 - Object - DEBUG - insertEvent - Object: Automa inserted new event in queue, event id: HIT_#986074, events in queue: 1
2021-01-04 12:30:46,984 - Object - DEBUG - insertEvent - Object: Automa inserted new event in queue, event id: HIT_#61894, events in queue: 1
2021-01-04 12:30:47,038 - Object - DEBUG - insertEvent - Object: Automa inserted new event in queue, event id: HIT_#590347, events in queue: 1
2021-01-04 12:30:47,101 - Object - DEBUG - insertEvent - Object: Automa inserted new event in queue, event id: HIT_#457386, events in queue: 1
2021-01-04 12:30:47,153 - Object - DEBUG - insertEvent - Object: Automa inserted new event in queue, event id: HIT_#967340, events in queue: 1
2021-01-04 12:30:47,361 - Object - DEBUG - destroy - Object: Automa destroyed
2021-01-04 12:30:48,004 - Object - DEBUG - insertEvent - Object: Object_Name_#8197 inserted new event in queue, event id: PUSH_#560118, events in queue: 1
2021-01-04 12:30:48,053 - Object - DEBUG - insertEvent - Object: Automa inserted new event in queue, event id: PUSH_#955047, events in queue: 1
2021-01-04 12:30:48,120 - Object - DEBUG - insertEvent - Object: Object_Name_#502 inserted new event in queue, event id: POP_#200627, events in queue: 1
2021-01-04 12:30:48,155 - Object - DEBUG - insertEvent - Object: Object_Name_#8679 inserted new event in queue, event id: HIT_#956162, events in queue: 1
2021-01-04 12:30:48,245 - Object - DEBUG - insertEvent - Object: Object_Name_#533 inserted new event in queue, event id: HIT_#969705, events in queue: 1
2021-01-04 12:30:48,276 - Object - DEBUG - insertEvent - Object: Object_Name_#1934 inserted new event in queue, event id: HIT_#442151, events in queue: 1
2021-01-04 12:30:48,320 - Object - DEBUG - insertEvent - Object: Object_Name_#9391 inserted new event in queue, event id: ASSIMILATE_#214773, events in queue: 1
2021-01-04 12:30:48,351 - Object - DEBUG - insertEvent - Object: Object_Name_#8489 inserted new event in queue, event id: HIT_#958889, events in queue: 1
2021-08-17 11:13:30,984 - Object - DEBUG - insertEvent - Object: Automa inserted new event in queue, event id: PUSH_#24218, events in queue: 1
2021-08-17 11:13:31,019 - Object - DEBUG - insertEvent - Object: Automa inserted new event in queue, event id: POP_#817352, events in queue: 1
2021-08-17 11:13:31,036 - Object - DEBUG - insertEvent - Object: Automa inserted new event in queue, event id: ASSIMILATE_#833868, events in queue: 1
2021-08-17 11:13:31,073 - Object - DEBUG - insertEvent - Object: Automa inserted new event in queue, event id: HIT_#777423, events in queue: 1
2021-08-17 11:13:31,134 - Object - DEBUG - insertEvent - Object: Automa inserted new event in queue, event id: HIT_#765809, events in queue: 1
2021-08-17 11:13:31,162 - Object - DEBUG - insertEvent - Object: Automa inserted new event in queue, event id: HIT_#629453, events in queue: 1
2021-08-17 11:13:31,193 - Object - DEBUG - insertEvent - Object: Automa inserted new event in queue, event id: HIT_#598464, events in queue: 1
2021-08-17 11:13:31,213 - Object - DEBUG - insertEvent - Object: Automa inserted new event in queue, event id: HIT_#957952, events in queue: 1
2021-08-17 11:17:50,012 - Object - DEBUG - insertEvent - Object: Automa inserted new event in queue, event id: PUSH_#772750, events in queue: 1
2021-08-17 11:17:50,076 - Object - DEBUG - insertEvent - Object: Automa inserted new event in queue, event id: POP_#288884, events in queue: 1
2021-08-17 11:17:50,102 - Object - DEBUG - insertEvent - Object: Automa inserted new event in queue, event id: ASSIMILATE_#793415, events in queue: 1
2021-08-17 11:17:50,157 - Object - DEBUG - insertEvent - Object: Automa inserted new event in queue, event id: HIT_#867335, events in queue: 1
2021-08-17 11:17:50,202 - Object - DEBUG - insertEvent - Object: Automa inserted new event in queue, event id: HIT_#128244, events in queue: 1
2021-08-17 11:17:50,240 - Object - DEBUG - insertEvent - Object: Automa inserted new event in queue, event id: HIT_#263412, events in queue: 1
2021-08-17 11:17:50,295 - Object - DEBUG - insertEvent - Object: Automa inserted new event in queue, event id: HIT_#142458, events in queue: 1
2021-08-17 11:17:50,327 - Object - DEBUG - insertEvent - Object: Automa inserted new event in queue, event id: HIT_#753107, events in queue: 1
2021-08-17 11:18:12,328 - Object - DEBUG - insertEvent - Object: Automa inserted new event in queue, event id: PUSH_#581708, events in queue: 1
2021-08-17 11:18:12,365 - Object - DEBUG - insertEvent - Object: Automa inserted new event in queue, event id: POP_#103252, events in queue: 1
2021-08-17 11:18:12,387 - Object - DEBUG - insertEvent - Object: Automa inserted new event in queue, event id: ASSIMILATE_#354826, events in queue: 1
2021-08-17 11:18:12,428 - Object - DEBUG - insertEvent - Object: Automa inserted new event in queue, event id: HIT_#889455, events in queue: 1
2021-08-17 11:18:12,462 - Object - DEBUG - insertEvent - Object: Automa inserted new event in queue, event id: HIT_#633350, events in queue: 1
2021-08-17 11:18:12,490 - Object - DEBUG - insertEvent - Object: Automa inserted new event in queue, event id: HIT_#945917, events in queue: 1
2021-08-17 11:18:12,527 - Object - DEBUG - insertEvent - Object: Automa inserted new event in queue, event id: HIT_#237793, events in queue: 1
2021-08-17 11:18:12,546 - Object - DEBUG - insertEvent - Object: Automa inserted new event in queue, event id: HIT_#660245, events in queue: 1
2021-08-17 11:18:29,348 - Object - DEBUG - insertEvent - Object: Automa inserted new event in queue, event id: PUSH_#71237, events in queue: 1
2021-08-17 11:18:29,383 - Object - DEBUG - insertEvent - Object: Automa inserted new event in queue, event id: POP_#756928, events in queue: 1
2021-08-17 11:18:29,406 - Object - DEBUG - insertEvent - Object: Automa inserted new event in queue, event id: ASSIMILATE_#249236, events in queue: 1
2021-08-17 11:18:29,446 - Object - DEBUG - insertEvent - Object: Automa inserted new event in queue, event id: HIT_#401807, events in queue: 1
2021-08-17 11:18:29,510 - Object - DEBUG - insertEvent - Object: Automa inserted new event in queue, event id: HIT_#161514, events in queue: 1
2021-08-17 11:18:29,635 - Object - DEBUG - insertEvent - Object: Automa inserted new event in queue, event id: HIT_#341506, events in queue: 1
2021-08-17 11:18:29,754 - Object - DEBUG - insertEvent - Object: Automa inserted new event in queue, event id: HIT_#516735, events in queue: 1
2021-08-17 11:18:29,774 - Object - DEBUG - insertEvent - Object: Automa inserted new event in queue, event id: HIT_#228642, events in queue: 1
2021-08-17 11:51:43,093 - Object - DEBUG - insertEvent - Object: Automa inserted new event in queue, event id: PUSH_#328535, events in queue: 1
2021-08-17 12:34:13,810 - Object - DEBUG - insertEvent - Object: Automa inserted new event in queue, event id: PUSH_#113863, events in queue: 1
2021-08-17 12:49:40,409 - Object - DEBUG - insertEvent - Object: Automa inserted new event in queue, event id: PUSH_#403489, events in queue: 1
2021-08-17 12:49:40,450 - Object - DEBUG - insertEvent - Object: Automa inserted new event in queue, event id: POP_#655681, events in queue: 1
2021-08-17 12:49:40,472 - Object - DEBUG - insertEvent - Object: Automa inserted new event in queue, event id: ASSIMILATE_#154851, events in queue: 1
2021-08-17 12:49:40,515 - Object - DEBUG - insertEvent - Object: Automa inserted new event in queue, event id: HIT_#171406, events in queue: 1
2021-08-17 12:49:40,572 - Object - DEBUG - insertEvent - Object: Automa inserted new event in queue, event id: HIT_#4578, events in queue: 1
2021-08-17 12:49:40,591 - Object - DEBUG - insertEvent - Object: Automa inserted new event in queue, event id: HIT_#343212, events in queue: 1
2021-08-17 12:49:40,641 - Object - DEBUG - insertEvent - Object: Automa inserted new event in queue, event id: HIT_#140561, events in queue: 1
2021-08-17 12:49:40,662 - Object - DEBUG - insertEvent - Object: Automa inserted new event in queue, event id: HIT_#992002, events in queue: 1
2021-08-17 12:57:09,903 - Object - DEBUG - insertEvent - Object: Automa inserted new event in queue, event id: PUSH_#717923, events in queue: 1
2021-08-17 16:14:03,484 - Object - DEBUG - insertEvent - Object: Automa inserted new event in queue, event id: PUSH_#568558, events in queue: 1
2021-08-17 16:14:03,547 - Object - DEBUG - insertEvent - Object: Automa inserted new event in queue, event id: POP_#956154, events in queue: 1
2021-08-17 16:14:03,571 - Object - DEBUG - insertEvent - Object: Automa inserted new event in queue, event id: ASSIMILATE_#11632, events in queue: 1
2021-08-17 16:14:03,618 - Object - DEBUG - insertEvent - Object: Automa inserted new event in queue, event id: HIT_#908789, events in queue: 1
2021-08-17 16:14:03,670 - Object - DEBUG - insertEvent - Object: Automa inserted new event in queue, event id: HIT_#235460, events in queue: 1
2021-08-17 16:14:03,692 - Object - DEBUG - insertEvent - Object: Automa inserted new event in queue, event id: HIT_#172899, events in queue: 1
2021-08-17 16:14:03,746 - Object - DEBUG - insertEvent - Object: Automa inserted new event in queue, event id: HIT_#36485, events in queue: 1
2021-08-17 16:14:03,776 - Object - DEBUG - insertEvent - Object: Automa inserted new event in queue, event id: HIT_#724911, events in queue: 1
2021-08-17 16:18:53,807 - Object - DEBUG - insertEvent - Object: Automa inserted new event in queue, event id: PUSH_#139526, events in queue: 1
2021-08-17 16:18:53,839 - Object - DEBUG - insertEvent - Object: Automa inserted new event in queue, event id: POP_#405720, events in queue: 1
2021-08-17 16:18:53,859 - Object - DEBUG - insertEvent - Object: Automa inserted new event in queue, event id: ASSIMILATE_#487723, events in queue: 1
2021-08-17 16:18:53,891 - Object - DEBUG - insertEvent - Object: Automa inserted new event in queue, event id: HIT_#373188, events in queue: 1
2021-08-17 16:18:53,929 - Object - DEBUG - insertEvent - Object: Automa inserted new event in queue, event id: HIT_#822176, events in queue: 1
2021-08-17 16:18:53,944 - Object - DEBUG - insertEvent - Object: Automa inserted new event in queue, event id: HIT_#125043, events in queue: 1
2021-08-17 16:18:53,974 - Object - DEBUG - insertEvent - Object: Automa inserted new event in queue, event id: HIT_#656976, events in queue: 1
2021-08-17 16:18:53,993 - Object - DEBUG - insertEvent - Object: Automa inserted new event in queue, event id: HIT_#782564, events in queue: 1
2021-08-17 16:19:42,761 - Object - DEBUG - insertEvent - Object: Automa inserted new event in queue, event id: PUSH_#242082, events in queue: 1
2021-08-17 16:19:42,792 - Object - DEBUG - insertEvent - Object: Automa inserted new event in queue, event id: POP_#304585, events in queue: 1
2021-08-17 16:19:42,810 - Object - DEBUG - insertEvent - Object: Automa inserted new event in queue, event id: ASSIMILATE_#334040, events in queue: 1
2021-08-17 16:19:42,849 - Object - DEBUG - insertEvent - Object: Automa inserted new event in queue, event id: HIT_#294724, events in queue: 1
2021-08-17 16:19:42,884 - Object - DEBUG - insertEvent - Object: Automa inserted new event in queue, event id: HIT_#381220, events in queue: 1
2021-08-17 16:19:42,899 - Object - DEBUG - insertEvent - Object: Automa inserted new event in queue, event id: HIT_#880101, events in queue: 1
2021-08-17 16:19:42,933 - Object - DEBUG - insertEvent - Object: Automa inserted new event in queue, event id: HIT_#570299, events in queue: 1
2021-08-17 16:19:42,952 - Object - DEBUG - insertEvent - Object: Automa inserted new event in queue, event id: HIT_#84826, events in queue: 1
2021-08-17 16:21:14,565 - Object - DEBUG - insertEvent - Object: Automa inserted new event in queue, event id: PUSH_#539986, events in queue: 1
2021-08-17 16:21:14,620 - Object - DEBUG - insertEvent - Object: Automa inserted new event in queue, event id: POP_#497244, events in queue: 1
2021-08-17 16:22:03,349 - Object - DEBUG - insertEvent - Object: Automa inserted new event in queue, event id: PUSH_#449754, events in queue: 1
2021-08-17 16:22:03,402 - Object - DEBUG - insertEvent - Object: Automa inserted new event in queue, event id: POP_#712733, events in queue: 1
2021-08-17 16:22:50,320 - Object - DEBUG - insertEvent - Object: Automa inserted new event in queue, event id: PUSH_#185515, events in queue: 1
2021-08-17 16:22:50,400 - Object - DEBUG - insertEvent - Object: Automa inserted new event in queue, event id: POP_#855928, events in queue: 1
2021-08-17 16:22:50,426 - Object - DEBUG - insertEvent - Object: Automa inserted new event in queue, event id: PUSH_#551441, events in queue: 1
2021-08-17 16:22:50,516 - Object - DEBUG - insertEvent - Object: Automa inserted new event in queue, event id: HIT_#862036, events in queue: 1
2021-08-17 16:22:50,566 - Object - DEBUG - insertEvent - Object: Automa inserted new event in queue, event id: HIT_#169375, events in queue: 1
2021-08-17 16:22:50,598 - Object - DEBUG - insertEvent - Object: Automa inserted new event in queue, event id: HIT_#566446, events in queue: 1
2021-08-17 16:22:50,653 - Object - DEBUG - insertEvent - Object: Automa inserted new event in queue, event id: HIT_#221695, events in queue: 1
2021-08-17 16:22:50,890 - Object - DEBUG - insertEvent - Object: Automa inserted new event in queue, event id: HIT_#401349, events in queue: 1
2021-08-17 16:27:22,714 - Object - DEBUG - insertEvent - Object: Automa inserted new event in queue, event id: PUSH_#713694, events in queue: 1
2021-08-17 16:27:22,762 - Object - DEBUG - insertEvent - Object: Automa inserted new event in queue, event id: POP_#757418, events in queue: 1
2021-08-17 16:32:30,576 - Object - DEBUG - insertEvent - Object: Automa inserted new event in queue, event id: PUSH_#266053, events in queue: 1
2021-08-17 16:32:30,608 - Object - DEBUG - insertEvent - Object: Automa inserted new event in queue, event id: POP_#777503, events in queue: 1
2021-08-17 16:32:30,630 - Object - DEBUG - insertEvent - Object: Automa inserted new event in queue, event id: ASSIMILATE_#333752, events in queue: 1
2021-08-17 16:32:30,667 - Object - DEBUG - insertEvent - Object: Automa inserted new event in queue, event id: HIT_#133362, events in queue: 1
2021-08-17 16:32:30,702 - Object - DEBUG - insertEvent - Object: Automa inserted new event in queue, event id: HIT_#59996, events in queue: 1
2021-08-17 16:32:30,719 - Object - DEBUG - insertEvent - Object: Automa inserted new event in queue, event id: HIT_#743939, events in queue: 1
2021-08-17 16:32:30,755 - Object - DEBUG - insertEvent - Object: Automa inserted new event in queue, event id: HIT_#108758, events in queue: 1
2021-08-17 16:32:30,773 - Object - DEBUG - insertEvent - Object: Automa inserted new event in queue, event id: HIT_#633849, events in queue: 1
2021-08-17 16:45:32,527 - Object - DEBUG - insertEvent - Object: Automa inserted new event in queue, event id: PUSH_#24875, events in queue: 1
2021-08-17 16:45:32,561 - Object - DEBUG - insertEvent - Object: Automa inserted new event in queue, event id: ASSIMILATE_#229747, events in queue: 1
2021-08-17 16:45:32,584 - Object - DEBUG - insertEvent - Object: Automa inserted new event in queue, event id: ASSIMILATE_#959924, events in queue: 1
2021-08-17 16:45:32,623 - Object - DEBUG - insertEvent - Object: Automa inserted new event in queue, event id: HIT_#452172, events in queue: 1
2021-08-17 16:45:32,655 - Object - DEBUG - insertEvent - Object: Automa inserted new event in queue, event id: HIT_#402987, events in queue: 1
2021-08-17 16:45:32,671 - Object - DEBUG - insertEvent - Object: Automa inserted new event in queue, event id: HIT_#292888, events in queue: 1
2021-08-17 16:45:32,703 - Object - DEBUG - insertEvent - Object: Automa inserted new event in queue, event id: HIT_#817, events in queue: 1
2021-08-17 16:45:32,719 - Object - DEBUG - insertEvent - Object: Automa inserted new event in queue, event id: HIT_#942521, events in queue: 1
2021-08-17 16:47:52,257 - Object - DEBUG - insertEvent - Object: Automa inserted new event in queue, event id: PUSH_#724364, events in queue: 1
2021-08-17 17:04:12,251 - Object - DEBUG - insertEvent - Object: Automa inserted new event in queue, event id: PUSH_#544092, events in queue: 1
2021-08-17 17:04:12,312 - Object - DEBUG - insertEvent - Object: Automa inserted new event in queue, event id: POP_#594719, events in queue: 1
2021-08-17 17:04:12,338 - Object - DEBUG - insertEvent - Object: Automa inserted new event in queue, event id: ASSIMILATE_#298115, events in queue: 1
2021-08-17 17:04:12,380 - Object - DEBUG - insertEvent - Object: Automa inserted new event in queue, event id: HIT_#133322, events in queue: 1
2021-08-17 17:04:12,434 - Object - DEBUG - insertEvent - Object: Automa inserted new event in queue, event id: HIT_#157870, events in queue: 1
2021-08-17 17:04:12,450 - Object - DEBUG - insertEvent - Object: Automa inserted new event in queue, event id: HIT_#484793, events in queue: 1
2021-08-17 17:04:12,478 - Object - DEBUG - insertEvent - Object: Automa inserted new event in queue, event id: HIT_#230659, events in queue: 1
2021-08-17 17:04:12,495 - Object - DEBUG - insertEvent - Object: Automa inserted new event in queue, event id: HIT_#20855, events in queue: 1
2021-08-17 17:05:37,779 - Object - DEBUG - insertEvent - Object: Automa inserted new event in queue, event id: PUSH_#642339, events in queue: 1
2021-08-17 17:05:37,824 - Object - DEBUG - insertEvent - Object: Automa inserted new event in queue, event id: POP_#98973, events in queue: 1
2021-08-17 17:05:37,840 - Object - DEBUG - insertEvent - Object: Automa inserted new event in queue, event id: ASSIMILATE_#827462, events in queue: 1
2021-08-17 17:05:37,872 - Object - DEBUG - insertEvent - Object: Automa inserted new event in queue, event id: POP_#498681, events in queue: 1
2021-08-17 17:05:37,907 - Object - DEBUG - insertEvent - Object: Automa inserted new event in queue, event id: POP_#341737, events in queue: 1
2021-08-17 17:05:37,927 - Object - DEBUG - insertEvent - Object: Automa inserted new event in queue, event id: POP_#626726, events in queue: 1
2021-08-17 17:05:37,965 - Object - DEBUG - insertEvent - Object: Automa inserted new event in queue, event id: POP_#19664, events in queue: 1
2021-08-17 17:05:37,983 - Object - DEBUG - insertEvent - Object: Automa inserted new event in queue, event id: POP_#852981, events in queue: 1
2021-08-17 17:20:05,891 - Object - DEBUG - insertEvent - Object: Automa inserted new event in queue, event id: PUSH_#153506, events in queue: 1
2021-08-17 17:20:05,927 - Object - DEBUG - insertEvent - Object: Automa inserted new event in queue, event id: POP_#806667, events in queue: 1
2021-08-17 17:20:05,943 - Object - DEBUG - insertEvent - Object: Automa inserted new event in queue, event id: ASSIMILATE_#282413, events in queue: 1
2021-08-17 17:20:05,976 - Object - DEBUG - insertEvent - Object: Automa inserted new event in queue, event id: HIT_#720469, events in queue: 1
2021-08-17 17:20:06,009 - Object - DEBUG - insertEvent - Object: Automa inserted new event in queue, event id: HIT_#345016, events in queue: 1
2021-08-17 17:20:06,030 - Object - DEBUG - insertEvent - Object: Automa inserted new event in queue, event id: HIT_#116891, events in queue: 1
2021-08-17 17:20:06,065 - Object - DEBUG - insertEvent - Object: Automa inserted new event in queue, event id: HIT_#468400, events in queue: 1
2021-08-17 17:20:06,086 - Object - DEBUG - insertEvent - Object: Automa inserted new event in queue, event id: HIT_#72281, events in queue: 1
2021-08-17 19:02:25,707 - Object - DEBUG - destroy - Object: Automa destroyed
2021-08-17 19:02:26,274 - Object - DEBUG - insertEvent - Object: Automa inserted new event in queue, event id: PUSH_#948471, events in queue: 1
2021-08-17 20:05:11,771 - Object - DEBUG - destroy - Object: Automa destroyed
2021-08-17 20:05:12,050 - Object - DEBUG - insertEvent - Object: Automa inserted new event in queue, event id: PUSH_#528141, events in queue: 1
2021-08-17 20:05:48,914 - Object - DEBUG - destroy - Object: Automa destroyed
2021-08-17 20:05:49,209 - Object - DEBUG - insertEvent - Object: Automa inserted new event in queue, event id: PUSH_#323766, events in queue: 1
2021-08-17 20:13:16,582 - Object - DEBUG - destroy - Object: Automa destroyed
2021-08-17 20:13:16,898 - Object - DEBUG - insertEvent - Object: Automa inserted new event in queue, event id: PUSH_#149799, events in queue: 1
2021-08-17 20:14:18,492 - Object - DEBUG - destroy - Object: Automa destroyed
2021-08-17 23:10:26,322 - Object - DEBUG - destroy - Object: Automa destroyed
2021-08-17 23:50:57,292 - Object - DEBUG - destroy - Object: Automa destroyed
2021-08-18 00:00:06,415 - Object - DEBUG - destroy - Object: Automa destroyed
2021-08-18 00:00:21,460 - Object - DEBUG - insertEvent - Object: Object_Name_#720 inserted new event in queue, event id: PUSH_#969126, events in queue: 1
2021-08-18 00:00:47,906 - Object - DEBUG - insertEvent - Object: Automa inserted new event in queue, event id: PUSH_#629182, events in queue: 1
2021-08-18 00:00:54,909 - Object - DEBUG - insertEvent - Object: Object_Name_#9251 inserted new event in queue, event id: POP_#398848, events in queue: 1
2021-08-18 00:01:02,651 - Object - DEBUG - insertEvent - Object: Object_Name_#741 inserted new event in queue, event id: HIT_#311337, events in queue: 1
2021-08-18 00:01:11,832 - Object - DEBUG - insertEvent - Object: Object_Name_#9410 inserted new event in queue, event id: HIT_#815357, events in queue: 1
2021-08-18 00:01:22,315 - Object - DEBUG - insertEvent - Object: Object_Name_#5513 inserted new event in queue, event id: HIT_#171133, events in queue: 1
2021-08-18 00:01:38,906 - Object - DEBUG - insertEvent - Object: Object_Name_#2843 inserted new event in queue, event id: ASSIMILATE_#719458, events in queue: 1
2021-08-18 00:01:46,221 - Object - DEBUG - insertEvent - Object: Object_Name_#6382 inserted new event in queue, event id: HIT_#585212, events in queue: 1
