2020-11-10 11:54:21,153 - Sensor - DEBUG - perception - scanning volume 0 to detect object
2020-11-10 11:54:21,154 - Sensor - DEBUG - perception - prob:0.67, volume_prob:90.0, scanning volume:True
2020-11-10 11:54:21,155 - Sensor - DEBUG - perception - exists 1 objects in sub-volume
2020-11-10 11:54:21,156 - Sensor - DEBUG - perception - detected object: New_42_ID_#463580  with emissivity type, level: radio, 5 using intensity sensor: 1, and inserted in detected object list
2020-11-10 11:54:21,156 - Sensor - DEBUG - perception - detected 1 objects and inserted in detected object list
2020-11-10 11:54:21,157 - Sensor - DEBUG - perception - scanning volume 1 to detect object
2020-11-10 11:54:21,158 - Sensor - DEBUG - perception - prob:0.23, volume_prob:77.14285714285715, scanning volume:True
2020-11-10 11:54:21,159 - Sensor - DEBUG - perception - exists 1 objects in sub-volume
2020-11-10 11:54:21,159 - Sensor - DEBUG - perception - detected object: New_63_ID_#719330  with emissivity type, level: radio, 5 using intensity sensor: 1, and inserted in detected object list
2020-11-10 11:54:21,160 - Sensor - DEBUG - perception - detected 1 objects and inserted in detected object list
2020-11-10 11:54:21,160 - Sensor - DEBUG - perception - scanning volume 2 to detect object
2020-11-10 11:54:21,161 - Sensor - DEBUG - perception - prob:0.18, volume_prob:64.28571428571429, scanning volume:True
2020-11-10 11:54:21,162 - Sensor - DEBUG - perception - detected 2 objects and consumed 0.5 energy. Sensor energy avalaible: 100
2020-11-10 11:54:22,192 - Sensor - DEBUG - perception - scanning volume 0 to detect object
2020-11-10 11:54:22,193 - Sensor - DEBUG - perception - prob:0.17, volume_prob:90.0, scanning volume:True
2020-11-10 11:54:22,193 - Sensor - DEBUG - perception - exists 1 objects in sub-volume
2020-11-10 11:54:22,194 - Sensor - DEBUG - perception - detected 0 objects and inserted in detected object list
2020-11-10 11:54:22,216 - Sensor - DEBUG - perception - scanning volume 1 to detect object
2020-11-10 11:54:22,217 - Sensor - DEBUG - perception - prob:0.71, volume_prob:77.14285714285715, scanning volume:True
2020-11-10 11:54:22,218 - Sensor - DEBUG - perception - exists 1 objects in sub-volume
2020-11-10 11:54:22,219 - Sensor - DEBUG - perception - detected 0 objects and inserted in detected object list
2020-11-10 11:54:22,219 - Sensor - DEBUG - perception - scanning volume 2 to detect object
2020-11-10 11:54:22,220 - Sensor - DEBUG - perception - prob:0.88, volume_prob:64.28571428571429, scanning volume:True
2020-11-10 11:54:22,222 - Sensor - DEBUG - perception - detected 0 objects and consumed 0.5 energy. Sensor energy avalaible: 100
2020-11-10 11:54:23,692 - Sensor - DEBUG - perception - scanning volume 0 to detect object
2020-11-10 11:54:23,718 - Sensor - DEBUG - perception - prob:1.0, volume_prob:100.0, scanning volume:True
2020-11-10 11:54:23,723 - Sensor - DEBUG - perception - exists 8 objects in sub-volume
2020-11-10 11:54:23,724 - Sensor - DEBUG - perception - detected object: New_42_ID_#344471  with emissivity type, level: radio, 5 using intensity sensor: 1, and inserted in detected object list
2020-11-10 11:54:23,724 - Sensor - DEBUG - perception - detected object: New_43_ID_#767406  with emissivity type, level: radio, 5 using intensity sensor: 1, and inserted in detected object list
2020-11-10 11:54:23,725 - Sensor - DEBUG - perception - detected object: New_46_ID_#511545  with emissivity type, level: radio, 5 using intensity sensor: 1, and inserted in detected object list
2020-11-10 11:54:23,725 - Sensor - DEBUG - perception - detected object: New_47_ID_#550108  with emissivity type, level: radio, 5 using intensity sensor: 1, and inserted in detected object list
2020-11-10 11:54:23,725 - Sensor - DEBUG - perception - detected object: New_58_ID_#497155  with emissivity type, level: radio, 5 using intensity sensor: 1, and inserted in detected object list
2020-11-10 11:54:23,726 - Sensor - DEBUG - perception - detected object: New_59_ID_#150179  with emissivity type, level: radio, 5 using intensity sensor: 1, and inserted in detected object list
2020-11-10 11:54:23,726 - Sensor - DEBUG - perception - detected object: New_62_ID_#752285  with emissivity type, level: radio, 5 using intensity sensor: 1, and inserted in detected object list
2020-11-10 11:54:23,726 - Sensor - DEBUG - perception - detected object: New_63_ID_#161956  with emissivity type, level: radio, 5 using intensity sensor: 1, and inserted in detected object list
2020-11-10 11:54:23,727 - Sensor - DEBUG - perception - detected 8 objects and inserted in detected object list
2020-11-10 11:54:23,729 - Sensor - DEBUG - perception - detected 8 objects and consumed 1.0 energy. Sensor energy avalaible: 99
2020-11-10 11:54:23,792 - Sensor - DEBUG - perception - scanning volume 0 to detect object
2020-11-10 11:54:23,792 - Sensor - DEBUG - perception - prob:0.38, volume_prob:100.0, scanning volume:True
2020-11-10 11:54:23,797 - Sensor - DEBUG - perception - exists 8 objects in sub-volume
2020-11-10 11:54:23,830 - Sensor - DEBUG - perception - detected object: New_42_ID_#344471  with emissivity type, level: optical, 5 using intensity sensor: 1, and inserted in detected object list
2020-11-10 11:54:23,833 - Sensor - DEBUG - perception - detected object: New_43_ID_#767406  with emissivity type, level: optical, 5 using intensity sensor: 1, and inserted in detected object list
2020-11-10 11:54:23,834 - Sensor - DEBUG - perception - detected object: New_46_ID_#511545  with emissivity type, level: optical, 5 using intensity sensor: 1, and inserted in detected object list
2020-11-10 11:54:23,834 - Sensor - DEBUG - perception - detected object: New_47_ID_#550108  with emissivity type, level: optical, 5 using intensity sensor: 1, and inserted in detected object list
2020-11-10 11:54:23,835 - Sensor - DEBUG - perception - detected object: New_58_ID_#497155  with emissivity type, level: optical, 5 using intensity sensor: 1, and inserted in detected object list
2020-11-10 11:54:23,835 - Sensor - DEBUG - perception - detected object: New_59_ID_#150179  with emissivity type, level: optical, 5 using intensity sensor: 1, and inserted in detected object list
2020-11-10 11:54:23,836 - Sensor - DEBUG - perception - detected object: New_62_ID_#752285  with emissivity type, level: optical, 5 using intensity sensor: 1, and inserted in detected object list
2020-11-10 11:54:23,836 - Sensor - DEBUG - perception - detected object: New_63_ID_#161956  with emissivity type, level: optical, 5 using intensity sensor: 1, and inserted in detected object list
2020-11-10 11:54:23,836 - Sensor - DEBUG - perception - detected 8 objects and inserted in detected object list
2020-11-10 11:54:23,837 - Sensor - DEBUG - perception - detected 8 objects and consumed 1.0 energy. Sensor energy avalaible: 99
2020-11-10 11:54:23,840 - Sensor - DEBUG - perception - scanning volume 0 to detect object
2020-11-10 11:54:23,840 - Sensor - DEBUG - perception - prob:0.82, volume_prob:100.0, scanning volume:True
2020-11-10 11:54:23,845 - Sensor - DEBUG - perception - exists 8 objects in sub-volume
2020-11-10 11:54:23,878 - Sensor - DEBUG - perception - detected 0 objects and inserted in detected object list
2020-11-10 11:54:23,879 - Sensor - DEBUG - perception - detected 0 objects and consumed 1.0 energy. Sensor energy avalaible: 99
2020-11-10 11:54:26,838 - Sensor - DEBUG - perception - scanning volume 0 to detect object
2020-11-10 11:54:26,839 - Sensor - DEBUG - perception - prob:0.17, volume_prob:90.0, scanning volume:True
2020-11-10 11:54:26,840 - Sensor - DEBUG - perception - exists 1 objects in sub-volume
2020-11-10 11:54:26,840 - Sensor - DEBUG - perception - detected object: New_42_ID_#261347  with emissivity type, level: radio, 5 using intensity sensor: 1, and inserted in detected object list
2020-11-10 11:54:26,841 - Sensor - DEBUG - perception - detected 1 objects and inserted in detected object list
2020-11-10 11:54:26,841 - Sensor - DEBUG - perception - scanning volume 1 to detect object
2020-11-10 11:54:26,841 - Sensor - DEBUG - perception - prob:0.82, volume_prob:77.14285714285715, scanning volume:True
2020-11-10 11:54:26,842 - Sensor - DEBUG - perception - exists 1 objects in sub-volume
2020-11-10 11:54:26,843 - Sensor - DEBUG - perception - detected object: New_63_ID_#104791  with emissivity type, level: radio, 5 using intensity sensor: 1, and inserted in detected object list
2020-11-10 11:54:26,843 - Sensor - DEBUG - perception - detected 1 objects and inserted in detected object list
2020-11-10 11:54:26,843 - Sensor - DEBUG - perception - scanning volume 2 to detect object
2020-11-10 11:54:26,844 - Sensor - DEBUG - perception - prob:0.52, volume_prob:64.28571428571429, scanning volume:True
2020-11-10 11:54:26,845 - Sensor - DEBUG - perception - detected 2 objects and consumed 0.5 energy. Sensor energy avalaible: 100
2020-11-10 11:54:27,643 - Sensor - DEBUG - perception - scanning volume 0 to detect object
2020-11-10 11:54:27,643 - Sensor - DEBUG - perception - prob:0.4, volume_prob:90.0, scanning volume:True
2020-11-10 11:54:27,644 - Sensor - DEBUG - perception - exists 1 objects in sub-volume
2020-11-10 11:54:27,666 - Sensor - DEBUG - perception - detected 0 objects and inserted in detected object list
2020-11-10 11:54:27,667 - Sensor - DEBUG - perception - scanning volume 1 to detect object
2020-11-10 11:54:27,668 - Sensor - DEBUG - perception - prob:0.48, volume_prob:77.14285714285715, scanning volume:True
2020-11-10 11:54:27,669 - Sensor - DEBUG - perception - exists 1 objects in sub-volume
2020-11-10 11:54:27,670 - Sensor - DEBUG - perception - detected 0 objects and inserted in detected object list
2020-11-10 11:54:27,671 - Sensor - DEBUG - perception - scanning volume 2 to detect object
2020-11-10 11:54:27,671 - Sensor - DEBUG - perception - prob:0.74, volume_prob:64.28571428571429, scanning volume:True
2020-11-10 11:54:27,672 - Sensor - DEBUG - perception - detected 0 objects and consumed 0.5 energy. Sensor energy avalaible: 100
2020-11-10 11:54:29,592 - Sensor - DEBUG - perception - scanning volume 0 to detect object
2020-11-10 11:54:29,593 - Sensor - DEBUG - perception - prob:0.43, volume_prob:100.0, scanning volume:True
2020-11-10 11:54:29,597 - Sensor - DEBUG - perception - exists 8 objects in sub-volume
2020-11-10 11:54:29,616 - Sensor - DEBUG - perception - detected object: New_42_ID_#310834  with emissivity type, level: radio, 5 using intensity sensor: 1, and inserted in detected object list
2020-11-10 11:54:29,617 - Sensor - DEBUG - perception - detected object: New_43_ID_#234045  with emissivity type, level: radio, 5 using intensity sensor: 1, and inserted in detected object list
2020-11-10 11:54:29,618 - Sensor - DEBUG - perception - detected object: New_46_ID_#459318  with emissivity type, level: radio, 5 using intensity sensor: 1, and inserted in detected object list
2020-11-10 11:54:29,618 - Sensor - DEBUG - perception - detected object: New_47_ID_#650915  with emissivity type, level: radio, 5 using intensity sensor: 1, and inserted in detected object list
2020-11-10 11:54:29,619 - Sensor - DEBUG - perception - detected object: New_58_ID_#324344  with emissivity type, level: radio, 5 using intensity sensor: 1, and inserted in detected object list
2020-11-10 11:54:29,620 - Sensor - DEBUG - perception - detected object: New_59_ID_#390224  with emissivity type, level: radio, 5 using intensity sensor: 1, and inserted in detected object list
2020-11-10 11:54:29,620 - Sensor - DEBUG - perception - detected object: New_62_ID_#487623  with emissivity type, level: radio, 5 using intensity sensor: 1, and inserted in detected object list
2020-11-10 11:54:29,620 - Sensor - DEBUG - perception - detected object: New_63_ID_#93282  with emissivity type, level: radio, 5 using intensity sensor: 1, and inserted in detected object list
2020-11-10 11:54:29,621 - Sensor - DEBUG - perception - detected 8 objects and inserted in detected object list
2020-11-10 11:54:29,622 - Sensor - DEBUG - perception - detected 8 objects and consumed 1.0 energy. Sensor energy avalaible: 99
2020-11-10 11:54:29,625 - Sensor - DEBUG - perception - scanning volume 0 to detect object
2020-11-10 11:54:29,626 - Sensor - DEBUG - perception - prob:0.73, volume_prob:100.0, scanning volume:True
2020-11-10 11:54:29,630 - Sensor - DEBUG - perception - exists 8 objects in sub-volume
2020-11-10 11:54:29,655 - Sensor - DEBUG - perception - detected object: New_42_ID_#310834  with emissivity type, level: optical, 5 using intensity sensor: 1, and inserted in detected object list
2020-11-10 11:54:29,656 - Sensor - DEBUG - perception - detected object: New_43_ID_#234045  with emissivity type, level: optical, 5 using intensity sensor: 1, and inserted in detected object list
2020-11-10 11:54:29,657 - Sensor - DEBUG - perception - detected object: New_46_ID_#459318  with emissivity type, level: optical, 5 using intensity sensor: 1, and inserted in detected object list
2020-11-10 11:54:29,657 - Sensor - DEBUG - perception - detected object: New_47_ID_#650915  with emissivity type, level: optical, 5 using intensity sensor: 1, and inserted in detected object list
2020-11-10 11:54:29,658 - Sensor - DEBUG - perception - detected object: New_58_ID_#324344  with emissivity type, level: optical, 5 using intensity sensor: 1, and inserted in detected object list
2020-11-10 11:54:29,659 - Sensor - DEBUG - perception - detected object: New_59_ID_#390224  with emissivity type, level: optical, 5 using intensity sensor: 1, and inserted in detected object list
2020-11-10 11:54:29,660 - Sensor - DEBUG - perception - detected object: New_62_ID_#487623  with emissivity type, level: optical, 5 using intensity sensor: 1, and inserted in detected object list
2020-11-10 11:54:29,660 - Sensor - DEBUG - perception - detected object: New_63_ID_#93282  with emissivity type, level: optical, 5 using intensity sensor: 1, and inserted in detected object list
2020-11-10 11:54:29,661 - Sensor - DEBUG - perception - detected 8 objects and inserted in detected object list
2020-11-10 11:54:29,687 - Sensor - DEBUG - perception - detected 8 objects and consumed 1.0 energy. Sensor energy avalaible: 99
2020-11-10 11:54:29,692 - Sensor - DEBUG - perception - scanning volume 0 to detect object
2020-11-10 11:54:29,693 - Sensor - DEBUG - perception - prob:0.68, volume_prob:100.0, scanning volume:True
2020-11-10 11:54:29,698 - Sensor - DEBUG - perception - exists 8 objects in sub-volume
2020-11-10 11:54:29,721 - Sensor - DEBUG - perception - detected 0 objects and inserted in detected object list
2020-11-10 11:54:29,722 - Sensor - DEBUG - perception - detected 0 objects and consumed 1.0 energy. Sensor energy avalaible: 99
