2020-11-10 11:54:21,125 - Sensibility - DEBUG - get_tetrahedric_probability - step_prob_volumes:0.14285714285714285 dim_volumes:(7, 7, 7)
2020-11-10 11:54:21,125 - Sensibility - DEBUG - get_tetrahedric_probability - volume:0, volume points:[[0, 0, 0], [6, 6, 6]], probability:1.0
2020-11-10 11:54:21,126 - Sensibility - DEBUG - get_tetrahedric_probability - volume:1, volume points:[[7, 7, 7], [13, 13, 13]], probability:0.8571428571428572
2020-11-10 11:54:21,126 - Sensibility - DEBUG - get_tetrahedric_probability - volume:2, volume points:[[14, 14, 14], [20, 20, 20]], probability:0.7142857142857143
2020-11-10 11:54:21,127 - Sensibility - DEBUG - get_tetrahedric_probability - volume:3, volume points:[[21, 21, 21], [27, 27, 27]], probability:0.5714285714285714
2020-11-10 11:54:21,150 - Sensibility - DEBUG - get_tetrahedric_probability - volume:4, volume points:[[28, 28, 28], [34, 34, 34]], probability:0.4285714285714286
2020-11-10 11:54:21,151 - Sensibility - DEBUG - get_tetrahedric_probability - volume:5, volume points:[[35, 35, 35], [41, 41, 41]], probability:0.2857142857142858
2020-11-10 11:54:21,152 - Sensibility - DEBUG - get_tetrahedric_probability - volume:6, volume points:[[42, 42, 42], [48, 48, 48]], probability:0.1428571428571429
2020-11-10 11:54:22,189 - Sensibility - DEBUG - get_tetrahedric_probability - step_prob_volumes:0.14285714285714285 dim_volumes:(7, 7, 7)
2020-11-10 11:54:22,189 - Sensibility - DEBUG - get_tetrahedric_probability - volume:0, volume points:[[0, 0, 0], [6, 6, 6]], probability:1.0
2020-11-10 11:54:22,189 - Sensibility - DEBUG - get_tetrahedric_probability - volume:1, volume points:[[7, 7, 7], [13, 13, 13]], probability:0.8571428571428572
2020-11-10 11:54:22,190 - Sensibility - DEBUG - get_tetrahedric_probability - volume:2, volume points:[[14, 14, 14], [20, 20, 20]], probability:0.7142857142857143
2020-11-10 11:54:22,191 - Sensibility - DEBUG - get_tetrahedric_probability - volume:3, volume points:[[21, 21, 21], [27, 27, 27]], probability:0.5714285714285714
2020-11-10 11:54:22,191 - Sensibility - DEBUG - get_tetrahedric_probability - volume:4, volume points:[[28, 28, 28], [34, 34, 34]], probability:0.4285714285714286
2020-11-10 11:54:22,191 - Sensibility - DEBUG - get_tetrahedric_probability - volume:5, volume points:[[35, 35, 35], [41, 41, 41]], probability:0.2857142857142858
2020-11-10 11:54:22,192 - Sensibility - DEBUG - get_tetrahedric_probability - volume:6, volume points:[[42, 42, 42], [48, 48, 48]], probability:0.1428571428571429
2020-11-10 11:54:22,225 - Sensibility - DEBUG - get_tetrahedric_probability - step_prob_volumes:0.2 dim_volumes:(200, 180, 160)
2020-11-10 11:54:22,226 - Sensibility - DEBUG - get_tetrahedric_probability - volume:0, volume points:[[0, 0, 0], [199, 179, 159]], probability:1.0
2020-11-10 11:54:22,226 - Sensibility - DEBUG - get_tetrahedric_probability - volume:1, volume points:[[200, 180, 160], [399, 359, 319]], probability:0.8
2020-11-10 11:54:22,226 - Sensibility - DEBUG - get_tetrahedric_probability - volume:2, volume points:[[400, 360, 320], [599, 539, 479]], probability:0.6
2020-11-10 11:54:22,227 - Sensibility - DEBUG - get_tetrahedric_probability - volume:3, volume points:[[600, 540, 480], [799, 719, 639]], probability:0.3999999999999999
2020-11-10 11:54:22,250 - Sensibility - DEBUG - get_tetrahedric_probability - volume:4, volume points:[[800, 720, 640], [999, 899, 799]], probability:0.19999999999999996
2020-11-10 11:54:22,251 - Sensibility - DEBUG - get_tetrahedric_probability - step_prob_volumes:0.2 dim_volumes:(200, 180, 160)
2020-11-10 11:54:22,252 - Sensibility - DEBUG - get_tetrahedric_probability - volume:0, volume points:[[101, 234, 200], [300, 413, 359]], probability:1.0
2020-11-10 11:54:22,253 - Sensibility - DEBUG - get_tetrahedric_probability - volume:1, volume points:[[301, 414, 360], [500, 593, 519]], probability:0.8
2020-11-10 11:54:22,253 - Sensibility - DEBUG - get_tetrahedric_probability - volume:2, volume points:[[501, 594, 520], [700, 773, 679]], probability:0.6
2020-11-10 11:54:22,254 - Sensibility - DEBUG - get_tetrahedric_probability - volume:3, volume points:[[701, 774, 680], [900, 953, 839]], probability:0.3999999999999999
2020-11-10 11:54:22,254 - Sensibility - DEBUG - get_tetrahedric_probability - volume:4, volume points:[[901, 954, 840], [1100, 1133, 999]], probability:0.19999999999999996
2020-11-10 11:54:22,255 - Sensibility - DEBUG - get_tetrahedric_probability - step_prob_volumes:0.2 dim_volumes:(200, 180, 160)
2020-11-10 11:54:22,256 - Sensibility - DEBUG - get_tetrahedric_probability - volume:0, volume points:[[-700, -900, -1300], [-501, -721, -1141]], probability:1.0
2020-11-10 11:54:22,256 - Sensibility - DEBUG - get_tetrahedric_probability - volume:1, volume points:[[-500, -720, -1140], [-301, -541, -981]], probability:0.8
2020-11-10 11:54:22,257 - Sensibility - DEBUG - get_tetrahedric_probability - volume:2, volume points:[[-300, -540, -980], [-101, -361, -821]], probability:0.6
2020-11-10 11:54:22,257 - Sensibility - DEBUG - get_tetrahedric_probability - volume:3, volume points:[[-100, -360, -820], [99, -181, -661]], probability:0.3999999999999999
2020-11-10 11:54:22,258 - Sensibility - DEBUG - get_tetrahedric_probability - volume:4, volume points:[[100, -180, -660], [299, -1, -501]], probability:0.19999999999999996
2020-11-10 11:54:22,258 - Sensibility - DEBUG - get_tetrahedric_probability - step_prob_volumes:0.2 dim_volumes:(-200, -180, -160)
2020-11-10 11:54:22,259 - Sensibility - DEBUG - get_tetrahedric_probability - volume:0, volume points:[[0, 0, 0], [-201, -181, -161]], probability:1.0
2020-11-10 11:54:22,259 - Sensibility - DEBUG - get_tetrahedric_probability - volume:1, volume points:[[-200, -180, -160], [-401, -361, -321]], probability:0.8
2020-11-10 11:54:22,259 - Sensibility - DEBUG - get_tetrahedric_probability - volume:2, volume points:[[-400, -360, -320], [-601, -541, -481]], probability:0.6
2020-11-10 11:54:22,260 - Sensibility - DEBUG - get_tetrahedric_probability - volume:3, volume points:[[-600, -540, -480], [-801, -721, -641]], probability:0.3999999999999999
2020-11-10 11:54:22,260 - Sensibility - DEBUG - get_tetrahedric_probability - volume:4, volume points:[[-800, -720, -640], [-1001, -901, -801]], probability:0.19999999999999996
2020-11-10 11:54:22,260 - Sensibility - DEBUG - get_tetrahedric_probability - step_prob_volumes:0.2 dim_volumes:(-200, -180, -160)
2020-11-10 11:54:22,261 - Sensibility - DEBUG - get_tetrahedric_probability - volume:0, volume points:[[101, 234, 200], [-100, 53, 39]], probability:1.0
2020-11-10 11:54:22,286 - Sensibility - DEBUG - get_tetrahedric_probability - volume:1, volume points:[[-99, 54, 40], [-300, -127, -121]], probability:0.8
2020-11-10 11:54:22,287 - Sensibility - DEBUG - get_tetrahedric_probability - volume:2, volume points:[[-299, -126, -120], [-500, -307, -281]], probability:0.6
2020-11-10 11:54:22,287 - Sensibility - DEBUG - get_tetrahedric_probability - volume:3, volume points:[[-499, -306, -280], [-700, -487, -441]], probability:0.3999999999999999
2020-11-10 11:54:22,288 - Sensibility - DEBUG - get_tetrahedric_probability - volume:4, volume points:[[-699, -486, -440], [-900, -667, -601]], probability:0.19999999999999996
2020-11-10 11:54:22,289 - Sensibility - DEBUG - get_tetrahedric_probability - step_prob_volumes:0.2 dim_volumes:(-200, -180, -160)
2020-11-10 11:54:22,289 - Sensibility - DEBUG - get_tetrahedric_probability - volume:0, volume points:[[-700, -900, -1300], [-901, -1081, -1461]], probability:1.0
2020-11-10 11:54:22,290 - Sensibility - DEBUG - get_tetrahedric_probability - volume:1, volume points:[[-900, -1080, -1460], [-1101, -1261, -1621]], probability:0.8
2020-11-10 11:54:22,291 - Sensibility - DEBUG - get_tetrahedric_probability - volume:2, volume points:[[-1100, -1260, -1620], [-1301, -1441, -1781]], probability:0.6
2020-11-10 11:54:22,291 - Sensibility - DEBUG - get_tetrahedric_probability - volume:3, volume points:[[-1300, -1440, -1780], [-1501, -1621, -1941]], probability:0.3999999999999999
2020-11-10 11:54:22,292 - Sensibility - DEBUG - get_tetrahedric_probability - volume:4, volume points:[[-1500, -1620, -1940], [-1701, -1801, -2101]], probability:0.19999999999999996
2020-11-10 11:54:23,689 - Sensibility - DEBUG - get_tetrahedric_probability - step_prob_volumes:0.2 dim_volumes:(20, 20, 20)
2020-11-10 11:54:23,690 - Sensibility - DEBUG - get_tetrahedric_probability - volume:0, volume points:[[0, 0, 0], [19, 19, 19]], probability:1.0
2020-11-10 11:54:23,690 - Sensibility - DEBUG - get_tetrahedric_probability - volume:1, volume points:[[20, 20, 20], [39, 39, 39]], probability:0.8
2020-11-10 11:54:23,691 - Sensibility - DEBUG - get_tetrahedric_probability - volume:2, volume points:[[40, 40, 40], [59, 59, 59]], probability:0.6
2020-11-10 11:54:23,691 - Sensibility - DEBUG - get_tetrahedric_probability - volume:3, volume points:[[60, 60, 60], [79, 79, 79]], probability:0.3999999999999999
2020-11-10 11:54:23,692 - Sensibility - DEBUG - get_tetrahedric_probability - volume:4, volume points:[[80, 80, 80], [99, 99, 99]], probability:0.19999999999999996
2020-11-10 11:54:23,762 - Sensibility - DEBUG - get_tetrahedric_probability - step_prob_volumes:0.2 dim_volumes:(20, 20, 20)
2020-11-10 11:54:23,789 - Sensibility - DEBUG - get_tetrahedric_probability - volume:0, volume points:[[0, 0, 0], [19, 19, 19]], probability:1.0
2020-11-10 11:54:23,790 - Sensibility - DEBUG - get_tetrahedric_probability - volume:1, volume points:[[20, 20, 20], [39, 39, 39]], probability:0.8
2020-11-10 11:54:23,791 - Sensibility - DEBUG - get_tetrahedric_probability - volume:2, volume points:[[40, 40, 40], [59, 59, 59]], probability:0.6
2020-11-10 11:54:23,791 - Sensibility - DEBUG - get_tetrahedric_probability - volume:3, volume points:[[60, 60, 60], [79, 79, 79]], probability:0.3999999999999999
2020-11-10 11:54:23,791 - Sensibility - DEBUG - get_tetrahedric_probability - volume:4, volume points:[[80, 80, 80], [99, 99, 99]], probability:0.19999999999999996
2020-11-10 11:54:23,837 - Sensibility - DEBUG - get_tetrahedric_probability - step_prob_volumes:0.2 dim_volumes:(20, 20, 20)
2020-11-10 11:54:23,837 - Sensibility - DEBUG - get_tetrahedric_probability - volume:0, volume points:[[0, 0, 0], [19, 19, 19]], probability:1.0
2020-11-10 11:54:23,838 - Sensibility - DEBUG - get_tetrahedric_probability - volume:1, volume points:[[20, 20, 20], [39, 39, 39]], probability:0.8
2020-11-10 11:54:23,838 - Sensibility - DEBUG - get_tetrahedric_probability - volume:2, volume points:[[40, 40, 40], [59, 59, 59]], probability:0.6
2020-11-10 11:54:23,839 - Sensibility - DEBUG - get_tetrahedric_probability - volume:3, volume points:[[60, 60, 60], [79, 79, 79]], probability:0.3999999999999999
2020-11-10 11:54:23,840 - Sensibility - DEBUG - get_tetrahedric_probability - volume:4, volume points:[[80, 80, 80], [99, 99, 99]], probability:0.19999999999999996
2020-11-10 11:54:26,833 - Sensibility - DEBUG - get_tetrahedric_probability - step_prob_volumes:0.14285714285714285 dim_volumes:(7, 7, 7)
2020-11-10 11:54:26,834 - Sensibility - DEBUG - get_tetrahedric_probability - volume:0, volume points:[[0, 0, 0], [6, 6, 6]], probability:1.0
2020-11-10 11:54:26,835 - Sensibility - DEBUG - get_tetrahedric_probability - volume:1, volume points:[[7, 7, 7], [13, 13, 13]], probability:0.8571428571428572
2020-11-10 11:54:26,836 - Sensibility - DEBUG - get_tetrahedric_probability - volume:2, volume points:[[14, 14, 14], [20, 20, 20]], probability:0.7142857142857143
2020-11-10 11:54:26,836 - Sensibility - DEBUG - get_tetrahedric_probability - volume:3, volume points:[[21, 21, 21], [27, 27, 27]], probability:0.5714285714285714
2020-11-10 11:54:26,837 - Sensibility - DEBUG - get_tetrahedric_probability - volume:4, volume points:[[28, 28, 28], [34, 34, 34]], probability:0.4285714285714286
2020-11-10 11:54:26,837 - Sensibility - DEBUG - get_tetrahedric_probability - volume:5, volume points:[[35, 35, 35], [41, 41, 41]], probability:0.2857142857142858
2020-11-10 11:54:26,838 - Sensibility - DEBUG - get_tetrahedric_probability - volume:6, volume points:[[42, 42, 42], [48, 48, 48]], probability:0.1428571428571429
2020-11-10 11:54:27,640 - Sensibility - DEBUG - get_tetrahedric_probability - step_prob_volumes:0.14285714285714285 dim_volumes:(7, 7, 7)
2020-11-10 11:54:27,640 - Sensibility - DEBUG - get_tetrahedric_probability - volume:0, volume points:[[0, 0, 0], [6, 6, 6]], probability:1.0
2020-11-10 11:54:27,641 - Sensibility - DEBUG - get_tetrahedric_probability - volume:1, volume points:[[7, 7, 7], [13, 13, 13]], probability:0.8571428571428572
2020-11-10 11:54:27,641 - Sensibility - DEBUG - get_tetrahedric_probability - volume:2, volume points:[[14, 14, 14], [20, 20, 20]], probability:0.7142857142857143
2020-11-10 11:54:27,642 - Sensibility - DEBUG - get_tetrahedric_probability - volume:3, volume points:[[21, 21, 21], [27, 27, 27]], probability:0.5714285714285714
2020-11-10 11:54:27,642 - Sensibility - DEBUG - get_tetrahedric_probability - volume:4, volume points:[[28, 28, 28], [34, 34, 34]], probability:0.4285714285714286
2020-11-10 11:54:27,642 - Sensibility - DEBUG - get_tetrahedric_probability - volume:5, volume points:[[35, 35, 35], [41, 41, 41]], probability:0.2857142857142858
2020-11-10 11:54:27,643 - Sensibility - DEBUG - get_tetrahedric_probability - volume:6, volume points:[[42, 42, 42], [48, 48, 48]], probability:0.1428571428571429
2020-11-10 11:54:28,296 - Sensibility - DEBUG - get_tetrahedric_probability - step_prob_volumes:0.2 dim_volumes:(200, 180, 160)
2020-11-10 11:54:28,322 - Sensibility - DEBUG - get_tetrahedric_probability - volume:0, volume points:[[0, 0, 0], [199, 179, 159]], probability:1.0
2020-11-10 11:54:28,324 - Sensibility - DEBUG - get_tetrahedric_probability - volume:1, volume points:[[200, 180, 160], [399, 359, 319]], probability:0.8
2020-11-10 11:54:28,325 - Sensibility - DEBUG - get_tetrahedric_probability - volume:2, volume points:[[400, 360, 320], [599, 539, 479]], probability:0.6
2020-11-10 11:54:28,326 - Sensibility - DEBUG - get_tetrahedric_probability - volume:3, volume points:[[600, 540, 480], [799, 719, 639]], probability:0.3999999999999999
2020-11-10 11:54:28,326 - Sensibility - DEBUG - get_tetrahedric_probability - volume:4, volume points:[[800, 720, 640], [999, 899, 799]], probability:0.19999999999999996
2020-11-10 11:54:28,328 - Sensibility - DEBUG - get_tetrahedric_probability - step_prob_volumes:0.2 dim_volumes:(200, 180, 160)
2020-11-10 11:54:28,353 - Sensibility - DEBUG - get_tetrahedric_probability - volume:0, volume points:[[101, 234, 200], [300, 413, 359]], probability:1.0
2020-11-10 11:54:28,353 - Sensibility - DEBUG - get_tetrahedric_probability - volume:1, volume points:[[301, 414, 360], [500, 593, 519]], probability:0.8
2020-11-10 11:54:28,354 - Sensibility - DEBUG - get_tetrahedric_probability - volume:2, volume points:[[501, 594, 520], [700, 773, 679]], probability:0.6
2020-11-10 11:54:28,355 - Sensibility - DEBUG - get_tetrahedric_probability - volume:3, volume points:[[701, 774, 680], [900, 953, 839]], probability:0.3999999999999999
2020-11-10 11:54:28,356 - Sensibility - DEBUG - get_tetrahedric_probability - volume:4, volume points:[[901, 954, 840], [1100, 1133, 999]], probability:0.19999999999999996
2020-11-10 11:54:28,356 - Sensibility - DEBUG - get_tetrahedric_probability - step_prob_volumes:0.2 dim_volumes:(200, 180, 160)
2020-11-10 11:54:28,357 - Sensibility - DEBUG - get_tetrahedric_probability - volume:0, volume points:[[-700, -900, -1300], [-501, -721, -1141]], probability:1.0
2020-11-10 11:54:28,358 - Sensibility - DEBUG - get_tetrahedric_probability - volume:1, volume points:[[-500, -720, -1140], [-301, -541, -981]], probability:0.8
2020-11-10 11:54:28,358 - Sensibility - DEBUG - get_tetrahedric_probability - volume:2, volume points:[[-300, -540, -980], [-101, -361, -821]], probability:0.6
2020-11-10 11:54:28,359 - Sensibility - DEBUG - get_tetrahedric_probability - volume:3, volume points:[[-100, -360, -820], [99, -181, -661]], probability:0.3999999999999999
2020-11-10 11:54:28,359 - Sensibility - DEBUG - get_tetrahedric_probability - volume:4, volume points:[[100, -180, -660], [299, -1, -501]], probability:0.19999999999999996
2020-11-10 11:54:28,360 - Sensibility - DEBUG - get_tetrahedric_probability - step_prob_volumes:0.2 dim_volumes:(-200, -180, -160)
2020-11-10 11:54:28,360 - Sensibility - DEBUG - get_tetrahedric_probability - volume:0, volume points:[[0, 0, 0], [-201, -181, -161]], probability:1.0
2020-11-10 11:54:28,361 - Sensibility - DEBUG - get_tetrahedric_probability - volume:1, volume points:[[-200, -180, -160], [-401, -361, -321]], probability:0.8
2020-11-10 11:54:28,392 - Sensibility - DEBUG - get_tetrahedric_probability - volume:2, volume points:[[-400, -360, -320], [-601, -541, -481]], probability:0.6
2020-11-10 11:54:28,393 - Sensibility - DEBUG - get_tetrahedric_probability - volume:3, volume points:[[-600, -540, -480], [-801, -721, -641]], probability:0.3999999999999999
2020-11-10 11:54:28,394 - Sensibility - DEBUG - get_tetrahedric_probability - volume:4, volume points:[[-800, -720, -640], [-1001, -901, -801]], probability:0.19999999999999996
2020-11-10 11:54:28,422 - Sensibility - DEBUG - get_tetrahedric_probability - step_prob_volumes:0.2 dim_volumes:(-200, -180, -160)
2020-11-10 11:54:28,422 - Sensibility - DEBUG - get_tetrahedric_probability - volume:0, volume points:[[101, 234, 200], [-100, 53, 39]], probability:1.0
2020-11-10 11:54:28,425 - Sensibility - DEBUG - get_tetrahedric_probability - volume:1, volume points:[[-99, 54, 40], [-300, -127, -121]], probability:0.8
2020-11-10 11:54:28,426 - Sensibility - DEBUG - get_tetrahedric_probability - volume:2, volume points:[[-299, -126, -120], [-500, -307, -281]], probability:0.6
2020-11-10 11:54:28,428 - Sensibility - DEBUG - get_tetrahedric_probability - volume:3, volume points:[[-499, -306, -280], [-700, -487, -441]], probability:0.3999999999999999
2020-11-10 11:54:28,455 - Sensibility - DEBUG - get_tetrahedric_probability - volume:4, volume points:[[-699, -486, -440], [-900, -667, -601]], probability:0.19999999999999996
2020-11-10 11:54:28,456 - Sensibility - DEBUG - get_tetrahedric_probability - step_prob_volumes:0.2 dim_volumes:(-200, -180, -160)
2020-11-10 11:54:28,457 - Sensibility - DEBUG - get_tetrahedric_probability - volume:0, volume points:[[-700, -900, -1300], [-901, -1081, -1461]], probability:1.0
2020-11-10 11:54:28,458 - Sensibility - DEBUG - get_tetrahedric_probability - volume:1, volume points:[[-900, -1080, -1460], [-1101, -1261, -1621]], probability:0.8
2020-11-10 11:54:28,459 - Sensibility - DEBUG - get_tetrahedric_probability - volume:2, volume points:[[-1100, -1260, -1620], [-1301, -1441, -1781]], probability:0.6
2020-11-10 11:54:28,459 - Sensibility - DEBUG - get_tetrahedric_probability - volume:3, volume points:[[-1300, -1440, -1780], [-1501, -1621, -1941]], probability:0.3999999999999999
2020-11-10 11:54:28,460 - Sensibility - DEBUG - get_tetrahedric_probability - volume:4, volume points:[[-1500, -1620, -1940], [-1701, -1801, -2101]], probability:0.19999999999999996
2020-11-10 11:54:29,589 - Sensibility - DEBUG - get_tetrahedric_probability - step_prob_volumes:0.2 dim_volumes:(20, 20, 20)
2020-11-10 11:54:29,590 - Sensibility - DEBUG - get_tetrahedric_probability - volume:0, volume points:[[0, 0, 0], [19, 19, 19]], probability:1.0
2020-11-10 11:54:29,590 - Sensibility - DEBUG - get_tetrahedric_probability - volume:1, volume points:[[20, 20, 20], [39, 39, 39]], probability:0.8
2020-11-10 11:54:29,591 - Sensibility - DEBUG - get_tetrahedric_probability - volume:2, volume points:[[40, 40, 40], [59, 59, 59]], probability:0.6
2020-11-10 11:54:29,591 - Sensibility - DEBUG - get_tetrahedric_probability - volume:3, volume points:[[60, 60, 60], [79, 79, 79]], probability:0.3999999999999999
2020-11-10 11:54:29,592 - Sensibility - DEBUG - get_tetrahedric_probability - volume:4, volume points:[[80, 80, 80], [99, 99, 99]], probability:0.19999999999999996
2020-11-10 11:54:29,622 - Sensibility - DEBUG - get_tetrahedric_probability - step_prob_volumes:0.2 dim_volumes:(20, 20, 20)
2020-11-10 11:54:29,622 - Sensibility - DEBUG - get_tetrahedric_probability - volume:0, volume points:[[0, 0, 0], [19, 19, 19]], probability:1.0
2020-11-10 11:54:29,623 - Sensibility - DEBUG - get_tetrahedric_probability - volume:1, volume points:[[20, 20, 20], [39, 39, 39]], probability:0.8
2020-11-10 11:54:29,623 - Sensibility - DEBUG - get_tetrahedric_probability - volume:2, volume points:[[40, 40, 40], [59, 59, 59]], probability:0.6
2020-11-10 11:54:29,624 - Sensibility - DEBUG - get_tetrahedric_probability - volume:3, volume points:[[60, 60, 60], [79, 79, 79]], probability:0.3999999999999999
2020-11-10 11:54:29,624 - Sensibility - DEBUG - get_tetrahedric_probability - volume:4, volume points:[[80, 80, 80], [99, 99, 99]], probability:0.19999999999999996
2020-11-10 11:54:29,688 - Sensibility - DEBUG - get_tetrahedric_probability - step_prob_volumes:0.2 dim_volumes:(20, 20, 20)
2020-11-10 11:54:29,689 - Sensibility - DEBUG - get_tetrahedric_probability - volume:0, volume points:[[0, 0, 0], [19, 19, 19]], probability:1.0
2020-11-10 11:54:29,690 - Sensibility - DEBUG - get_tetrahedric_probability - volume:1, volume points:[[20, 20, 20], [39, 39, 39]], probability:0.8
2020-11-10 11:54:29,690 - Sensibility - DEBUG - get_tetrahedric_probability - volume:2, volume points:[[40, 40, 40], [59, 59, 59]], probability:0.6
2020-11-10 11:54:29,691 - Sensibility - DEBUG - get_tetrahedric_probability - volume:3, volume points:[[60, 60, 60], [79, 79, 79]], probability:0.3999999999999999
2020-11-10 11:54:29,692 - Sensibility - DEBUG - get_tetrahedric_probability - volume:4, volume points:[[80, 80, 80], [99, 99, 99]], probability:0.19999999999999996
2020-11-10 15:26:21,625 - Sensibility - DEBUG - get_tetrahedric_probability - step_prob_volumes:0.2 dim_volumes:(20, 20, 20)
2020-11-10 15:26:21,626 - Sensibility - DEBUG - get_tetrahedric_probability - volume:0, volume points:[[0, 0, 0], [19, 19, 19]], probability:1.0
2020-11-10 15:26:21,626 - Sensibility - DEBUG - get_tetrahedric_probability - volume:1, volume points:[[20, 20, 20], [39, 39, 39]], probability:0.8
2020-11-10 15:26:21,638 - Sensibility - DEBUG - get_tetrahedric_probability - volume:2, volume points:[[40, 40, 40], [59, 59, 59]], probability:0.6
2020-11-10 15:26:21,639 - Sensibility - DEBUG - get_tetrahedric_probability - volume:3, volume points:[[60, 60, 60], [79, 79, 79]], probability:0.3999999999999999
2020-11-10 15:26:21,640 - Sensibility - DEBUG - get_tetrahedric_probability - volume:4, volume points:[[80, 80, 80], [99, 99, 99]], probability:0.19999999999999996
2020-11-10 15:26:21,714 - Sensibility - DEBUG - get_tetrahedric_probability - step_prob_volumes:0.2 dim_volumes:(20, 20, 20)
2020-11-10 15:26:21,714 - Sensibility - DEBUG - get_tetrahedric_probability - volume:0, volume points:[[0, 0, 0], [19, 19, 19]], probability:1.0
2020-11-10 15:26:21,716 - Sensibility - DEBUG - get_tetrahedric_probability - volume:1, volume points:[[20, 20, 20], [39, 39, 39]], probability:0.8
2020-11-10 15:26:21,716 - Sensibility - DEBUG - get_tetrahedric_probability - volume:2, volume points:[[40, 40, 40], [59, 59, 59]], probability:0.6
2020-11-10 15:26:21,717 - Sensibility - DEBUG - get_tetrahedric_probability - volume:3, volume points:[[60, 60, 60], [79, 79, 79]], probability:0.3999999999999999
2020-11-10 15:26:21,718 - Sensibility - DEBUG - get_tetrahedric_probability - volume:4, volume points:[[80, 80, 80], [99, 99, 99]], probability:0.19999999999999996
2020-11-10 15:26:21,744 - Sensibility - DEBUG - get_tetrahedric_probability - step_prob_volumes:0.2 dim_volumes:(20, 20, 20)
2020-11-10 15:26:21,763 - Sensibility - DEBUG - get_tetrahedric_probability - volume:0, volume points:[[0, 0, 0], [19, 19, 19]], probability:1.0
2020-11-10 15:26:21,764 - Sensibility - DEBUG - get_tetrahedric_probability - volume:1, volume points:[[20, 20, 20], [39, 39, 39]], probability:0.8
2020-11-10 15:26:21,765 - Sensibility - DEBUG - get_tetrahedric_probability - volume:2, volume points:[[40, 40, 40], [59, 59, 59]], probability:0.6
2020-11-10 15:26:21,765 - Sensibility - DEBUG - get_tetrahedric_probability - volume:3, volume points:[[60, 60, 60], [79, 79, 79]], probability:0.3999999999999999
2020-11-10 15:26:21,765 - Sensibility - DEBUG - get_tetrahedric_probability - volume:4, volume points:[[80, 80, 80], [99, 99, 99]], probability:0.19999999999999996
2020-11-10 15:28:24,771 - Sensibility - DEBUG - get_tetrahedric_probability - step_prob_volumes:0.2 dim_volumes:(20, 20, 20)
2020-11-10 15:28:24,772 - Sensibility - DEBUG - get_tetrahedric_probability - volume:0, volume points:[[0, 0, 0], [19, 19, 19]], probability:1.0
2020-11-10 15:28:24,773 - Sensibility - DEBUG - get_tetrahedric_probability - volume:1, volume points:[[20, 20, 20], [39, 39, 39]], probability:0.8
2020-11-10 15:28:24,774 - Sensibility - DEBUG - get_tetrahedric_probability - volume:2, volume points:[[40, 40, 40], [59, 59, 59]], probability:0.6
2020-11-10 15:28:24,775 - Sensibility - DEBUG - get_tetrahedric_probability - volume:3, volume points:[[60, 60, 60], [79, 79, 79]], probability:0.3999999999999999
2020-11-10 15:28:24,787 - Sensibility - DEBUG - get_tetrahedric_probability - volume:4, volume points:[[80, 80, 80], [99, 99, 99]], probability:0.19999999999999996
2020-11-10 15:28:24,863 - Sensibility - DEBUG - get_tetrahedric_probability - step_prob_volumes:0.2 dim_volumes:(20, 20, 20)
2020-11-10 15:28:24,864 - Sensibility - DEBUG - get_tetrahedric_probability - volume:0, volume points:[[0, 0, 0], [19, 19, 19]], probability:1.0
2020-11-10 15:28:24,865 - Sensibility - DEBUG - get_tetrahedric_probability - volume:1, volume points:[[20, 20, 20], [39, 39, 39]], probability:0.8
2020-11-10 15:28:24,866 - Sensibility - DEBUG - get_tetrahedric_probability - volume:2, volume points:[[40, 40, 40], [59, 59, 59]], probability:0.6
2020-11-10 15:28:24,866 - Sensibility - DEBUG - get_tetrahedric_probability - volume:3, volume points:[[60, 60, 60], [79, 79, 79]], probability:0.3999999999999999
2020-11-10 15:28:24,867 - Sensibility - DEBUG - get_tetrahedric_probability - volume:4, volume points:[[80, 80, 80], [99, 99, 99]], probability:0.19999999999999996
2020-11-10 15:28:24,926 - Sensibility - DEBUG - get_tetrahedric_probability - step_prob_volumes:0.2 dim_volumes:(20, 20, 20)
2020-11-10 15:28:24,944 - Sensibility - DEBUG - get_tetrahedric_probability - volume:0, volume points:[[0, 0, 0], [19, 19, 19]], probability:1.0
2020-11-10 15:28:24,945 - Sensibility - DEBUG - get_tetrahedric_probability - volume:1, volume points:[[20, 20, 20], [39, 39, 39]], probability:0.8
2020-11-10 15:28:24,946 - Sensibility - DEBUG - get_tetrahedric_probability - volume:2, volume points:[[40, 40, 40], [59, 59, 59]], probability:0.6
2020-11-10 15:28:24,947 - Sensibility - DEBUG - get_tetrahedric_probability - volume:3, volume points:[[60, 60, 60], [79, 79, 79]], probability:0.3999999999999999
2020-11-10 15:28:24,947 - Sensibility - DEBUG - get_tetrahedric_probability - volume:4, volume points:[[80, 80, 80], [99, 99, 99]], probability:0.19999999999999996
2020-11-10 15:31:02,223 - Sensibility - DEBUG - get_tetrahedric_probability - step_prob_volumes:0.2 dim_volumes:(20, 20, 20)
2020-11-10 15:31:02,225 - Sensibility - DEBUG - get_tetrahedric_probability - volume:0, volume points:[[0, 0, 0], [19, 19, 19]], probability:1.0
2020-11-10 15:31:02,236 - Sensibility - DEBUG - get_tetrahedric_probability - volume:1, volume points:[[20, 20, 20], [39, 39, 39]], probability:0.8
2020-11-10 15:31:02,237 - Sensibility - DEBUG - get_tetrahedric_probability - volume:2, volume points:[[40, 40, 40], [59, 59, 59]], probability:0.6
2020-11-10 15:31:02,238 - Sensibility - DEBUG - get_tetrahedric_probability - volume:3, volume points:[[60, 60, 60], [79, 79, 79]], probability:0.3999999999999999
2020-11-10 15:31:02,238 - Sensibility - DEBUG - get_tetrahedric_probability - volume:4, volume points:[[80, 80, 80], [99, 99, 99]], probability:0.19999999999999996
2020-11-10 15:31:02,277 - Sensibility - DEBUG - get_tetrahedric_probability - step_prob_volumes:0.2 dim_volumes:(20, 20, 20)
2020-11-10 15:31:02,278 - Sensibility - DEBUG - get_tetrahedric_probability - volume:0, volume points:[[0, 0, 0], [19, 19, 19]], probability:1.0
2020-11-10 15:31:02,279 - Sensibility - DEBUG - get_tetrahedric_probability - volume:1, volume points:[[20, 20, 20], [39, 39, 39]], probability:0.8
2020-11-10 15:31:02,279 - Sensibility - DEBUG - get_tetrahedric_probability - volume:2, volume points:[[40, 40, 40], [59, 59, 59]], probability:0.6
2020-11-10 15:31:02,280 - Sensibility - DEBUG - get_tetrahedric_probability - volume:3, volume points:[[60, 60, 60], [79, 79, 79]], probability:0.3999999999999999
2020-11-10 15:31:02,280 - Sensibility - DEBUG - get_tetrahedric_probability - volume:4, volume points:[[80, 80, 80], [99, 99, 99]], probability:0.19999999999999996
2020-11-10 15:31:02,290 - Sensibility - DEBUG - get_tetrahedric_probability - step_prob_volumes:0.2 dim_volumes:(20, 20, 20)
2020-11-10 15:31:02,290 - Sensibility - DEBUG - get_tetrahedric_probability - volume:0, volume points:[[0, 0, 0], [19, 19, 19]], probability:1.0
2020-11-10 15:31:02,309 - Sensibility - DEBUG - get_tetrahedric_probability - volume:1, volume points:[[20, 20, 20], [39, 39, 39]], probability:0.8
2020-11-10 15:31:02,310 - Sensibility - DEBUG - get_tetrahedric_probability - volume:2, volume points:[[40, 40, 40], [59, 59, 59]], probability:0.6
2020-11-10 15:31:02,311 - Sensibility - DEBUG - get_tetrahedric_probability - volume:3, volume points:[[60, 60, 60], [79, 79, 79]], probability:0.3999999999999999
2020-11-10 15:31:02,311 - Sensibility - DEBUG - get_tetrahedric_probability - volume:4, volume points:[[80, 80, 80], [99, 99, 99]], probability:0.19999999999999996
2020-11-10 15:56:12,075 - Sensibility - DEBUG - get_tetrahedric_probability - step_prob_volumes:0.2 dim_volumes:(20, 20, 20)
2020-11-10 15:56:12,075 - Sensibility - DEBUG - get_tetrahedric_probability - volume:0, volume points:[[0, 0, 0], [19, 19, 19]], probability:1.0
2020-11-10 15:56:12,076 - Sensibility - DEBUG - get_tetrahedric_probability - volume:1, volume points:[[20, 20, 20], [39, 39, 39]], probability:0.8
2020-11-10 15:56:12,088 - Sensibility - DEBUG - get_tetrahedric_probability - volume:2, volume points:[[40, 40, 40], [59, 59, 59]], probability:0.6
2020-11-10 15:56:12,089 - Sensibility - DEBUG - get_tetrahedric_probability - volume:3, volume points:[[60, 60, 60], [79, 79, 79]], probability:0.3999999999999999
2020-11-10 15:56:12,090 - Sensibility - DEBUG - get_tetrahedric_probability - volume:4, volume points:[[80, 80, 80], [99, 99, 99]], probability:0.19999999999999996
2020-11-10 15:56:12,147 - Sensibility - DEBUG - get_tetrahedric_probability - step_prob_volumes:0.2 dim_volumes:(20, 20, 20)
2020-11-10 15:56:12,148 - Sensibility - DEBUG - get_tetrahedric_probability - volume:0, volume points:[[0, 0, 0], [19, 19, 19]], probability:1.0
2020-11-10 15:56:12,149 - Sensibility - DEBUG - get_tetrahedric_probability - volume:1, volume points:[[20, 20, 20], [39, 39, 39]], probability:0.8
2020-11-10 15:56:12,149 - Sensibility - DEBUG - get_tetrahedric_probability - volume:2, volume points:[[40, 40, 40], [59, 59, 59]], probability:0.6
2020-11-10 15:56:12,150 - Sensibility - DEBUG - get_tetrahedric_probability - volume:3, volume points:[[60, 60, 60], [79, 79, 79]], probability:0.3999999999999999
2020-11-10 15:56:12,151 - Sensibility - DEBUG - get_tetrahedric_probability - volume:4, volume points:[[80, 80, 80], [99, 99, 99]], probability:0.19999999999999996
2020-11-10 15:56:12,193 - Sensibility - DEBUG - get_tetrahedric_probability - step_prob_volumes:0.2 dim_volumes:(20, 20, 20)
2020-11-10 15:56:12,195 - Sensibility - DEBUG - get_tetrahedric_probability - volume:0, volume points:[[0, 0, 0], [19, 19, 19]], probability:1.0
2020-11-10 15:56:12,196 - Sensibility - DEBUG - get_tetrahedric_probability - volume:1, volume points:[[20, 20, 20], [39, 39, 39]], probability:0.8
2020-11-10 15:56:12,197 - Sensibility - DEBUG - get_tetrahedric_probability - volume:2, volume points:[[40, 40, 40], [59, 59, 59]], probability:0.6
2020-11-10 15:56:12,197 - Sensibility - DEBUG - get_tetrahedric_probability - volume:3, volume points:[[60, 60, 60], [79, 79, 79]], probability:0.3999999999999999
2020-11-10 15:56:12,197 - Sensibility - DEBUG - get_tetrahedric_probability - volume:4, volume points:[[80, 80, 80], [99, 99, 99]], probability:0.19999999999999996
2020-11-10 15:58:15,420 - Sensibility - DEBUG - get_tetrahedric_probability - step_prob_volumes:0.2 dim_volumes:(20, 20, 20)
2020-11-10 15:58:15,421 - Sensibility - DEBUG - get_tetrahedric_probability - volume:0, volume points:[[0, 0, 0], [19, 19, 19]], probability:1.0
2020-11-10 15:58:15,422 - Sensibility - DEBUG - get_tetrahedric_probability - volume:1, volume points:[[20, 20, 20], [39, 39, 39]], probability:0.8
2020-11-10 15:58:15,423 - Sensibility - DEBUG - get_tetrahedric_probability - volume:2, volume points:[[40, 40, 40], [59, 59, 59]], probability:0.6
2020-11-10 15:58:15,423 - Sensibility - DEBUG - get_tetrahedric_probability - volume:3, volume points:[[60, 60, 60], [79, 79, 79]], probability:0.3999999999999999
2020-11-10 15:58:15,424 - Sensibility - DEBUG - get_tetrahedric_probability - volume:4, volume points:[[80, 80, 80], [99, 99, 99]], probability:0.19999999999999996
2020-11-10 15:58:15,492 - Sensibility - DEBUG - get_tetrahedric_probability - step_prob_volumes:0.2 dim_volumes:(20, 20, 20)
2020-11-10 15:58:15,494 - Sensibility - DEBUG - get_tetrahedric_probability - volume:0, volume points:[[0, 0, 0], [19, 19, 19]], probability:1.0
2020-11-10 15:58:15,495 - Sensibility - DEBUG - get_tetrahedric_probability - volume:1, volume points:[[20, 20, 20], [39, 39, 39]], probability:0.8
2020-11-10 15:58:15,496 - Sensibility - DEBUG - get_tetrahedric_probability - volume:2, volume points:[[40, 40, 40], [59, 59, 59]], probability:0.6
2020-11-10 15:58:15,496 - Sensibility - DEBUG - get_tetrahedric_probability - volume:3, volume points:[[60, 60, 60], [79, 79, 79]], probability:0.3999999999999999
2020-11-10 15:58:15,497 - Sensibility - DEBUG - get_tetrahedric_probability - volume:4, volume points:[[80, 80, 80], [99, 99, 99]], probability:0.19999999999999996
2020-11-10 15:58:15,507 - Sensibility - DEBUG - get_tetrahedric_probability - step_prob_volumes:0.2 dim_volumes:(20, 20, 20)
2020-11-10 15:58:15,507 - Sensibility - DEBUG - get_tetrahedric_probability - volume:0, volume points:[[0, 0, 0], [19, 19, 19]], probability:1.0
2020-11-10 15:58:15,508 - Sensibility - DEBUG - get_tetrahedric_probability - volume:1, volume points:[[20, 20, 20], [39, 39, 39]], probability:0.8
2020-11-10 15:58:15,526 - Sensibility - DEBUG - get_tetrahedric_probability - volume:2, volume points:[[40, 40, 40], [59, 59, 59]], probability:0.6
2020-11-10 15:58:15,527 - Sensibility - DEBUG - get_tetrahedric_probability - volume:3, volume points:[[60, 60, 60], [79, 79, 79]], probability:0.3999999999999999
2020-11-10 15:58:15,528 - Sensibility - DEBUG - get_tetrahedric_probability - volume:4, volume points:[[80, 80, 80], [99, 99, 99]], probability:0.19999999999999996
2020-11-10 15:59:58,104 - Sensibility - DEBUG - get_tetrahedric_probability - step_prob_volumes:0.2 dim_volumes:(20, 20, 20)
2020-11-10 15:59:58,105 - Sensibility - DEBUG - get_tetrahedric_probability - volume:0, volume points:[[0, 0, 0], [19, 19, 19]], probability:1.0
2020-11-10 15:59:58,105 - Sensibility - DEBUG - get_tetrahedric_probability - volume:1, volume points:[[20, 20, 20], [39, 39, 39]], probability:0.8
2020-11-10 15:59:58,106 - Sensibility - DEBUG - get_tetrahedric_probability - volume:2, volume points:[[40, 40, 40], [59, 59, 59]], probability:0.6
2020-11-10 15:59:58,106 - Sensibility - DEBUG - get_tetrahedric_probability - volume:3, volume points:[[60, 60, 60], [79, 79, 79]], probability:0.3999999999999999
2020-11-10 15:59:58,107 - Sensibility - DEBUG - get_tetrahedric_probability - volume:4, volume points:[[80, 80, 80], [99, 99, 99]], probability:0.19999999999999996
2020-11-10 15:59:58,178 - Sensibility - DEBUG - get_tetrahedric_probability - step_prob_volumes:0.2 dim_volumes:(20, 20, 20)
2020-11-10 15:59:58,179 - Sensibility - DEBUG - get_tetrahedric_probability - volume:0, volume points:[[0, 0, 0], [19, 19, 19]], probability:1.0
2020-11-10 15:59:58,180 - Sensibility - DEBUG - get_tetrahedric_probability - volume:1, volume points:[[20, 20, 20], [39, 39, 39]], probability:0.8
2020-11-10 15:59:58,180 - Sensibility - DEBUG - get_tetrahedric_probability - volume:2, volume points:[[40, 40, 40], [59, 59, 59]], probability:0.6
2020-11-10 15:59:58,181 - Sensibility - DEBUG - get_tetrahedric_probability - volume:3, volume points:[[60, 60, 60], [79, 79, 79]], probability:0.3999999999999999
2020-11-10 15:59:58,181 - Sensibility - DEBUG - get_tetrahedric_probability - volume:4, volume points:[[80, 80, 80], [99, 99, 99]], probability:0.19999999999999996
2020-11-10 15:59:58,210 - Sensibility - DEBUG - get_tetrahedric_probability - step_prob_volumes:0.2 dim_volumes:(20, 20, 20)
2020-11-10 15:59:58,211 - Sensibility - DEBUG - get_tetrahedric_probability - volume:0, volume points:[[0, 0, 0], [19, 19, 19]], probability:1.0
2020-11-10 15:59:58,211 - Sensibility - DEBUG - get_tetrahedric_probability - volume:1, volume points:[[20, 20, 20], [39, 39, 39]], probability:0.8
2020-11-10 15:59:58,213 - Sensibility - DEBUG - get_tetrahedric_probability - volume:2, volume points:[[40, 40, 40], [59, 59, 59]], probability:0.6
2020-11-10 15:59:58,213 - Sensibility - DEBUG - get_tetrahedric_probability - volume:3, volume points:[[60, 60, 60], [79, 79, 79]], probability:0.3999999999999999
2020-11-10 15:59:58,214 - Sensibility - DEBUG - get_tetrahedric_probability - volume:4, volume points:[[80, 80, 80], [99, 99, 99]], probability:0.19999999999999996
2020-11-10 16:00:29,354 - Sensibility - DEBUG - get_tetrahedric_probability - step_prob_volumes:0.2 dim_volumes:(20, 20, 20)
2020-11-10 16:00:29,355 - Sensibility - DEBUG - get_tetrahedric_probability - volume:0, volume points:[[0, 0, 0], [19, 19, 19]], probability:1.0
2020-11-10 16:00:29,355 - Sensibility - DEBUG - get_tetrahedric_probability - volume:1, volume points:[[20, 20, 20], [39, 39, 39]], probability:0.8
2020-11-10 16:00:29,356 - Sensibility - DEBUG - get_tetrahedric_probability - volume:2, volume points:[[40, 40, 40], [59, 59, 59]], probability:0.6
2020-11-10 16:00:29,357 - Sensibility - DEBUG - get_tetrahedric_probability - volume:3, volume points:[[60, 60, 60], [79, 79, 79]], probability:0.3999999999999999
2020-11-10 16:00:29,369 - Sensibility - DEBUG - get_tetrahedric_probability - volume:4, volume points:[[80, 80, 80], [99, 99, 99]], probability:0.19999999999999996
2020-11-10 16:00:29,426 - Sensibility - DEBUG - get_tetrahedric_probability - step_prob_volumes:0.2 dim_volumes:(20, 20, 20)
2020-11-10 16:00:29,427 - Sensibility - DEBUG - get_tetrahedric_probability - volume:0, volume points:[[0, 0, 0], [19, 19, 19]], probability:1.0
2020-11-10 16:00:29,428 - Sensibility - DEBUG - get_tetrahedric_probability - volume:1, volume points:[[20, 20, 20], [39, 39, 39]], probability:0.8
2020-11-10 16:00:29,428 - Sensibility - DEBUG - get_tetrahedric_probability - volume:2, volume points:[[40, 40, 40], [59, 59, 59]], probability:0.6
2020-11-10 16:00:29,429 - Sensibility - DEBUG - get_tetrahedric_probability - volume:3, volume points:[[60, 60, 60], [79, 79, 79]], probability:0.3999999999999999
2020-11-10 16:00:29,430 - Sensibility - DEBUG - get_tetrahedric_probability - volume:4, volume points:[[80, 80, 80], [99, 99, 99]], probability:0.19999999999999996
2020-11-10 16:00:29,439 - Sensibility - DEBUG - get_tetrahedric_probability - step_prob_volumes:0.2 dim_volumes:(20, 20, 20)
2020-11-10 16:00:29,439 - Sensibility - DEBUG - get_tetrahedric_probability - volume:0, volume points:[[0, 0, 0], [19, 19, 19]], probability:1.0
2020-11-10 16:00:29,440 - Sensibility - DEBUG - get_tetrahedric_probability - volume:1, volume points:[[20, 20, 20], [39, 39, 39]], probability:0.8
2020-11-10 16:00:29,440 - Sensibility - DEBUG - get_tetrahedric_probability - volume:2, volume points:[[40, 40, 40], [59, 59, 59]], probability:0.6
2020-11-10 16:00:29,457 - Sensibility - DEBUG - get_tetrahedric_probability - volume:3, volume points:[[60, 60, 60], [79, 79, 79]], probability:0.3999999999999999
2020-11-10 16:00:29,472 - Sensibility - DEBUG - get_tetrahedric_probability - volume:4, volume points:[[80, 80, 80], [99, 99, 99]], probability:0.19999999999999996
2020-11-10 16:01:21,632 - Sensibility - DEBUG - get_tetrahedric_probability - step_prob_volumes:0.2 dim_volumes:(20, 20, 20)
2020-11-10 16:01:21,633 - Sensibility - DEBUG - get_tetrahedric_probability - volume:0, volume points:[[0, 0, 0], [19, 19, 19]], probability:1.0
2020-11-10 16:01:21,634 - Sensibility - DEBUG - get_tetrahedric_probability - volume:1, volume points:[[20, 20, 20], [39, 39, 39]], probability:0.8
2020-11-10 16:01:21,634 - Sensibility - DEBUG - get_tetrahedric_probability - volume:2, volume points:[[40, 40, 40], [59, 59, 59]], probability:0.6
2020-11-10 16:01:21,635 - Sensibility - DEBUG - get_tetrahedric_probability - volume:3, volume points:[[60, 60, 60], [79, 79, 79]], probability:0.3999999999999999
2020-11-10 16:01:21,635 - Sensibility - DEBUG - get_tetrahedric_probability - volume:4, volume points:[[80, 80, 80], [99, 99, 99]], probability:0.19999999999999996
2020-11-10 16:01:21,704 - Sensibility - DEBUG - get_tetrahedric_probability - step_prob_volumes:0.2 dim_volumes:(20, 20, 20)
2020-11-10 16:01:21,705 - Sensibility - DEBUG - get_tetrahedric_probability - volume:0, volume points:[[0, 0, 0], [19, 19, 19]], probability:1.0
2020-11-10 16:01:21,705 - Sensibility - DEBUG - get_tetrahedric_probability - volume:1, volume points:[[20, 20, 20], [39, 39, 39]], probability:0.8
2020-11-10 16:01:21,706 - Sensibility - DEBUG - get_tetrahedric_probability - volume:2, volume points:[[40, 40, 40], [59, 59, 59]], probability:0.6
2020-11-10 16:01:21,737 - Sensibility - DEBUG - get_tetrahedric_probability - volume:3, volume points:[[60, 60, 60], [79, 79, 79]], probability:0.3999999999999999
2020-11-10 16:01:21,738 - Sensibility - DEBUG - get_tetrahedric_probability - volume:4, volume points:[[80, 80, 80], [99, 99, 99]], probability:0.19999999999999996
2020-11-10 16:01:21,823 - Sensibility - DEBUG - get_tetrahedric_probability - step_prob_volumes:0.2 dim_volumes:(20, 20, 20)
2020-11-10 16:01:21,858 - Sensibility - DEBUG - get_tetrahedric_probability - volume:0, volume points:[[0, 0, 0], [19, 19, 19]], probability:1.0
2020-11-10 16:01:21,883 - Sensibility - DEBUG - get_tetrahedric_probability - volume:1, volume points:[[20, 20, 20], [39, 39, 39]], probability:0.8
2020-11-10 16:01:21,885 - Sensibility - DEBUG - get_tetrahedric_probability - volume:2, volume points:[[40, 40, 40], [59, 59, 59]], probability:0.6
2020-11-10 16:01:21,887 - Sensibility - DEBUG - get_tetrahedric_probability - volume:3, volume points:[[60, 60, 60], [79, 79, 79]], probability:0.3999999999999999
2020-11-10 16:01:21,888 - Sensibility - DEBUG - get_tetrahedric_probability - volume:4, volume points:[[80, 80, 80], [99, 99, 99]], probability:0.19999999999999996
2020-11-10 16:01:31,320 - Sensibility - DEBUG - get_tetrahedric_probability - step_prob_volumes:0.2 dim_volumes:(20, 20, 20)
2020-11-10 16:01:31,321 - Sensibility - DEBUG - get_tetrahedric_probability - volume:0, volume points:[[0, 0, 0], [19, 19, 19]], probability:1.0
2020-11-10 16:01:31,321 - Sensibility - DEBUG - get_tetrahedric_probability - volume:1, volume points:[[20, 20, 20], [39, 39, 39]], probability:0.8
2020-11-10 16:01:31,322 - Sensibility - DEBUG - get_tetrahedric_probability - volume:2, volume points:[[40, 40, 40], [59, 59, 59]], probability:0.6
2020-11-10 16:01:31,323 - Sensibility - DEBUG - get_tetrahedric_probability - volume:3, volume points:[[60, 60, 60], [79, 79, 79]], probability:0.3999999999999999
2020-11-10 16:01:31,335 - Sensibility - DEBUG - get_tetrahedric_probability - volume:4, volume points:[[80, 80, 80], [99, 99, 99]], probability:0.19999999999999996
2020-11-10 16:01:31,409 - Sensibility - DEBUG - get_tetrahedric_probability - step_prob_volumes:0.2 dim_volumes:(20, 20, 20)
2020-11-10 16:01:31,410 - Sensibility - DEBUG - get_tetrahedric_probability - volume:0, volume points:[[0, 0, 0], [19, 19, 19]], probability:1.0
2020-11-10 16:01:31,411 - Sensibility - DEBUG - get_tetrahedric_probability - volume:1, volume points:[[20, 20, 20], [39, 39, 39]], probability:0.8
2020-11-10 16:01:31,412 - Sensibility - DEBUG - get_tetrahedric_probability - volume:2, volume points:[[40, 40, 40], [59, 59, 59]], probability:0.6
2020-11-10 16:01:31,412 - Sensibility - DEBUG - get_tetrahedric_probability - volume:3, volume points:[[60, 60, 60], [79, 79, 79]], probability:0.3999999999999999
2020-11-10 16:01:31,413 - Sensibility - DEBUG - get_tetrahedric_probability - volume:4, volume points:[[80, 80, 80], [99, 99, 99]], probability:0.19999999999999996
2020-11-10 16:01:31,440 - Sensibility - DEBUG - get_tetrahedric_probability - step_prob_volumes:0.2 dim_volumes:(20, 20, 20)
2020-11-10 16:01:31,441 - Sensibility - DEBUG - get_tetrahedric_probability - volume:0, volume points:[[0, 0, 0], [19, 19, 19]], probability:1.0
2020-11-10 16:01:31,442 - Sensibility - DEBUG - get_tetrahedric_probability - volume:1, volume points:[[20, 20, 20], [39, 39, 39]], probability:0.8
2020-11-10 16:01:31,442 - Sensibility - DEBUG - get_tetrahedric_probability - volume:2, volume points:[[40, 40, 40], [59, 59, 59]], probability:0.6
2020-11-10 16:01:31,444 - Sensibility - DEBUG - get_tetrahedric_probability - volume:3, volume points:[[60, 60, 60], [79, 79, 79]], probability:0.3999999999999999
2020-11-10 16:01:31,444 - Sensibility - DEBUG - get_tetrahedric_probability - volume:4, volume points:[[80, 80, 80], [99, 99, 99]], probability:0.19999999999999996
2020-11-10 16:02:43,355 - Sensibility - DEBUG - get_tetrahedric_probability - step_prob_volumes:0.2 dim_volumes:(20, 20, 20)
2020-11-10 16:02:43,355 - Sensibility - DEBUG - get_tetrahedric_probability - volume:0, volume points:[[0, 0, 0], [19, 19, 19]], probability:1.0
2020-11-10 16:02:43,367 - Sensibility - DEBUG - get_tetrahedric_probability - volume:1, volume points:[[20, 20, 20], [39, 39, 39]], probability:0.8
2020-11-10 16:02:43,368 - Sensibility - DEBUG - get_tetrahedric_probability - volume:2, volume points:[[40, 40, 40], [59, 59, 59]], probability:0.6
2020-11-10 16:02:43,369 - Sensibility - DEBUG - get_tetrahedric_probability - volume:3, volume points:[[60, 60, 60], [79, 79, 79]], probability:0.3999999999999999
2020-11-10 16:02:43,369 - Sensibility - DEBUG - get_tetrahedric_probability - volume:4, volume points:[[80, 80, 80], [99, 99, 99]], probability:0.19999999999999996
2020-11-10 16:02:43,410 - Sensibility - DEBUG - get_tetrahedric_probability - step_prob_volumes:0.2 dim_volumes:(20, 20, 20)
2020-11-10 16:02:43,411 - Sensibility - DEBUG - get_tetrahedric_probability - volume:0, volume points:[[0, 0, 0], [19, 19, 19]], probability:1.0
2020-11-10 16:02:43,412 - Sensibility - DEBUG - get_tetrahedric_probability - volume:1, volume points:[[20, 20, 20], [39, 39, 39]], probability:0.8
2020-11-10 16:02:43,412 - Sensibility - DEBUG - get_tetrahedric_probability - volume:2, volume points:[[40, 40, 40], [59, 59, 59]], probability:0.6
2020-11-10 16:02:43,413 - Sensibility - DEBUG - get_tetrahedric_probability - volume:3, volume points:[[60, 60, 60], [79, 79, 79]], probability:0.3999999999999999
2020-11-10 16:02:43,413 - Sensibility - DEBUG - get_tetrahedric_probability - volume:4, volume points:[[80, 80, 80], [99, 99, 99]], probability:0.19999999999999996
2020-11-10 16:02:43,459 - Sensibility - DEBUG - get_tetrahedric_probability - step_prob_volumes:0.2 dim_volumes:(20, 20, 20)
2020-11-10 16:02:43,459 - Sensibility - DEBUG - get_tetrahedric_probability - volume:0, volume points:[[0, 0, 0], [19, 19, 19]], probability:1.0
2020-11-10 16:02:43,460 - Sensibility - DEBUG - get_tetrahedric_probability - volume:1, volume points:[[20, 20, 20], [39, 39, 39]], probability:0.8
2020-11-10 16:02:43,461 - Sensibility - DEBUG - get_tetrahedric_probability - volume:2, volume points:[[40, 40, 40], [59, 59, 59]], probability:0.6
2020-11-10 16:02:43,461 - Sensibility - DEBUG - get_tetrahedric_probability - volume:3, volume points:[[60, 60, 60], [79, 79, 79]], probability:0.3999999999999999
2020-11-10 16:02:43,462 - Sensibility - DEBUG - get_tetrahedric_probability - volume:4, volume points:[[80, 80, 80], [99, 99, 99]], probability:0.19999999999999996
2020-11-10 16:09:30,349 - Sensibility - DEBUG - get_tetrahedric_probability - step_prob_volumes:0.2 dim_volumes:(20, 20, 20)
2020-11-10 16:09:30,350 - Sensibility - DEBUG - get_tetrahedric_probability - volume:0, volume points:[[0, 0, 0], [19, 19, 19]], probability:1.0
2020-11-10 16:09:30,351 - Sensibility - DEBUG - get_tetrahedric_probability - volume:1, volume points:[[20, 20, 20], [39, 39, 39]], probability:0.8
2020-11-10 16:09:30,365 - Sensibility - DEBUG - get_tetrahedric_probability - volume:2, volume points:[[40, 40, 40], [59, 59, 59]], probability:0.6
2020-11-10 16:09:30,365 - Sensibility - DEBUG - get_tetrahedric_probability - volume:3, volume points:[[60, 60, 60], [79, 79, 79]], probability:0.3999999999999999
2020-11-10 16:09:30,366 - Sensibility - DEBUG - get_tetrahedric_probability - volume:4, volume points:[[80, 80, 80], [99, 99, 99]], probability:0.19999999999999996
2020-11-10 16:09:30,400 - Sensibility - DEBUG - get_tetrahedric_probability - step_prob_volumes:0.2 dim_volumes:(20, 20, 20)
2020-11-10 16:09:30,401 - Sensibility - DEBUG - get_tetrahedric_probability - volume:0, volume points:[[0, 0, 0], [19, 19, 19]], probability:1.0
2020-11-10 16:09:30,415 - Sensibility - DEBUG - get_tetrahedric_probability - volume:1, volume points:[[20, 20, 20], [39, 39, 39]], probability:0.8
2020-11-10 16:09:30,415 - Sensibility - DEBUG - get_tetrahedric_probability - volume:2, volume points:[[40, 40, 40], [59, 59, 59]], probability:0.6
2020-11-10 16:09:30,416 - Sensibility - DEBUG - get_tetrahedric_probability - volume:3, volume points:[[60, 60, 60], [79, 79, 79]], probability:0.3999999999999999
2020-11-10 16:09:30,417 - Sensibility - DEBUG - get_tetrahedric_probability - volume:4, volume points:[[80, 80, 80], [99, 99, 99]], probability:0.19999999999999996
2020-11-10 16:09:30,450 - Sensibility - DEBUG - get_tetrahedric_probability - step_prob_volumes:0.2 dim_volumes:(20, 20, 20)
2020-11-10 16:09:30,450 - Sensibility - DEBUG - get_tetrahedric_probability - volume:0, volume points:[[0, 0, 0], [19, 19, 19]], probability:1.0
2020-11-10 16:09:30,451 - Sensibility - DEBUG - get_tetrahedric_probability - volume:1, volume points:[[20, 20, 20], [39, 39, 39]], probability:0.8
2020-11-10 16:09:30,451 - Sensibility - DEBUG - get_tetrahedric_probability - volume:2, volume points:[[40, 40, 40], [59, 59, 59]], probability:0.6
2020-11-10 16:09:30,464 - Sensibility - DEBUG - get_tetrahedric_probability - volume:3, volume points:[[60, 60, 60], [79, 79, 79]], probability:0.3999999999999999
2020-11-10 16:09:30,464 - Sensibility - DEBUG - get_tetrahedric_probability - volume:4, volume points:[[80, 80, 80], [99, 99, 99]], probability:0.19999999999999996
2020-11-10 16:10:24,956 - Sensibility - DEBUG - get_tetrahedric_probability - step_prob_volumes:0.2 dim_volumes:(20, 20, 20)
2020-11-10 16:10:24,965 - Sensibility - DEBUG - get_tetrahedric_probability - volume:0, volume points:[[0, 0, 0], [19, 19, 19]], probability:1.0
2020-11-10 16:10:24,968 - Sensibility - DEBUG - get_tetrahedric_probability - volume:1, volume points:[[20, 20, 20], [39, 39, 39]], probability:0.8
2020-11-10 16:10:24,985 - Sensibility - DEBUG - get_tetrahedric_probability - volume:2, volume points:[[40, 40, 40], [59, 59, 59]], probability:0.6
2020-11-10 16:10:25,007 - Sensibility - DEBUG - get_tetrahedric_probability - volume:3, volume points:[[60, 60, 60], [79, 79, 79]], probability:0.3999999999999999
2020-11-10 16:10:25,008 - Sensibility - DEBUG - get_tetrahedric_probability - volume:4, volume points:[[80, 80, 80], [99, 99, 99]], probability:0.19999999999999996
2020-11-10 16:10:25,063 - Sensibility - DEBUG - get_tetrahedric_probability - step_prob_volumes:0.2 dim_volumes:(20, 20, 20)
2020-11-10 16:10:25,063 - Sensibility - DEBUG - get_tetrahedric_probability - volume:0, volume points:[[0, 0, 0], [19, 19, 19]], probability:1.0
2020-11-10 16:10:25,064 - Sensibility - DEBUG - get_tetrahedric_probability - volume:1, volume points:[[20, 20, 20], [39, 39, 39]], probability:0.8
2020-11-10 16:10:25,065 - Sensibility - DEBUG - get_tetrahedric_probability - volume:2, volume points:[[40, 40, 40], [59, 59, 59]], probability:0.6
2020-11-10 16:10:25,065 - Sensibility - DEBUG - get_tetrahedric_probability - volume:3, volume points:[[60, 60, 60], [79, 79, 79]], probability:0.3999999999999999
2020-11-10 16:10:25,066 - Sensibility - DEBUG - get_tetrahedric_probability - volume:4, volume points:[[80, 80, 80], [99, 99, 99]], probability:0.19999999999999996
2020-11-10 16:10:25,102 - Sensibility - DEBUG - get_tetrahedric_probability - step_prob_volumes:0.2 dim_volumes:(20, 20, 20)
2020-11-10 16:10:25,127 - Sensibility - DEBUG - get_tetrahedric_probability - volume:0, volume points:[[0, 0, 0], [19, 19, 19]], probability:1.0
2020-11-10 16:10:25,130 - Sensibility - DEBUG - get_tetrahedric_probability - volume:1, volume points:[[20, 20, 20], [39, 39, 39]], probability:0.8
2020-11-10 16:10:25,131 - Sensibility - DEBUG - get_tetrahedric_probability - volume:2, volume points:[[40, 40, 40], [59, 59, 59]], probability:0.6
2020-11-10 16:10:25,132 - Sensibility - DEBUG - get_tetrahedric_probability - volume:3, volume points:[[60, 60, 60], [79, 79, 79]], probability:0.3999999999999999
2020-11-10 16:10:25,133 - Sensibility - DEBUG - get_tetrahedric_probability - volume:4, volume points:[[80, 80, 80], [99, 99, 99]], probability:0.19999999999999996
2020-11-10 16:11:36,065 - Sensibility - DEBUG - get_tetrahedric_probability - step_prob_volumes:0.2 dim_volumes:(20, 20, 20)
2020-11-10 16:11:36,066 - Sensibility - DEBUG - get_tetrahedric_probability - volume:0, volume points:[[0, 0, 0], [19, 19, 19]], probability:1.0
2020-11-10 16:11:36,066 - Sensibility - DEBUG - get_tetrahedric_probability - volume:1, volume points:[[20, 20, 20], [39, 39, 39]], probability:0.8
2020-11-10 16:11:36,067 - Sensibility - DEBUG - get_tetrahedric_probability - volume:2, volume points:[[40, 40, 40], [59, 59, 59]], probability:0.6
2020-11-10 16:11:36,067 - Sensibility - DEBUG - get_tetrahedric_probability - volume:3, volume points:[[60, 60, 60], [79, 79, 79]], probability:0.3999999999999999
2020-11-10 16:11:36,080 - Sensibility - DEBUG - get_tetrahedric_probability - volume:4, volume points:[[80, 80, 80], [99, 99, 99]], probability:0.19999999999999996
2020-11-10 16:11:36,138 - Sensibility - DEBUG - get_tetrahedric_probability - step_prob_volumes:0.2 dim_volumes:(20, 20, 20)
2020-11-10 16:11:36,140 - Sensibility - DEBUG - get_tetrahedric_probability - volume:0, volume points:[[0, 0, 0], [19, 19, 19]], probability:1.0
2020-11-10 16:11:36,141 - Sensibility - DEBUG - get_tetrahedric_probability - volume:1, volume points:[[20, 20, 20], [39, 39, 39]], probability:0.8
2020-11-10 16:11:36,141 - Sensibility - DEBUG - get_tetrahedric_probability - volume:2, volume points:[[40, 40, 40], [59, 59, 59]], probability:0.6
2020-11-10 16:11:36,142 - Sensibility - DEBUG - get_tetrahedric_probability - volume:3, volume points:[[60, 60, 60], [79, 79, 79]], probability:0.3999999999999999
2020-11-10 16:11:36,142 - Sensibility - DEBUG - get_tetrahedric_probability - volume:4, volume points:[[80, 80, 80], [99, 99, 99]], probability:0.19999999999999996
2020-11-10 16:11:36,187 - Sensibility - DEBUG - get_tetrahedric_probability - step_prob_volumes:0.2 dim_volumes:(20, 20, 20)
2020-11-10 16:11:36,188 - Sensibility - DEBUG - get_tetrahedric_probability - volume:0, volume points:[[0, 0, 0], [19, 19, 19]], probability:1.0
2020-11-10 16:11:36,188 - Sensibility - DEBUG - get_tetrahedric_probability - volume:1, volume points:[[20, 20, 20], [39, 39, 39]], probability:0.8
2020-11-10 16:11:36,189 - Sensibility - DEBUG - get_tetrahedric_probability - volume:2, volume points:[[40, 40, 40], [59, 59, 59]], probability:0.6
2020-11-10 16:11:36,189 - Sensibility - DEBUG - get_tetrahedric_probability - volume:3, volume points:[[60, 60, 60], [79, 79, 79]], probability:0.3999999999999999
2020-11-10 16:11:36,190 - Sensibility - DEBUG - get_tetrahedric_probability - volume:4, volume points:[[80, 80, 80], [99, 99, 99]], probability:0.19999999999999996
2020-11-16 23:32:10,838 - Sensibility - DEBUG - get_tetrahedric_probability - step_prob_volumes:0.2 dim_volumes:(20, 20, 20)
2020-11-16 23:32:10,901 - Sensibility - DEBUG - get_tetrahedric_probability - volume:0, volume points:[[0, 0, 0], [19, 19, 19]], probability:1.0
2020-11-16 23:32:10,902 - Sensibility - DEBUG - get_tetrahedric_probability - volume:1, volume points:[[20, 20, 20], [39, 39, 39]], probability:0.8
2020-11-16 23:32:10,903 - Sensibility - DEBUG - get_tetrahedric_probability - volume:2, volume points:[[40, 40, 40], [59, 59, 59]], probability:0.6
2020-11-16 23:32:10,903 - Sensibility - DEBUG - get_tetrahedric_probability - volume:3, volume points:[[60, 60, 60], [79, 79, 79]], probability:0.3999999999999999
2020-11-16 23:32:10,904 - Sensibility - DEBUG - get_tetrahedric_probability - volume:4, volume points:[[80, 80, 80], [99, 99, 99]], probability:0.19999999999999996
2020-11-16 23:32:11,180 - Sensibility - DEBUG - get_tetrahedric_probability - step_prob_volumes:0.2 dim_volumes:(20, 20, 20)
2020-11-16 23:32:11,181 - Sensibility - DEBUG - get_tetrahedric_probability - volume:0, volume points:[[0, 0, 0], [19, 19, 19]], probability:1.0
2020-11-16 23:32:11,182 - Sensibility - DEBUG - get_tetrahedric_probability - volume:1, volume points:[[20, 20, 20], [39, 39, 39]], probability:0.8
2020-11-16 23:32:11,183 - Sensibility - DEBUG - get_tetrahedric_probability - volume:2, volume points:[[40, 40, 40], [59, 59, 59]], probability:0.6
2020-11-16 23:32:11,183 - Sensibility - DEBUG - get_tetrahedric_probability - volume:3, volume points:[[60, 60, 60], [79, 79, 79]], probability:0.3999999999999999
2020-11-16 23:32:11,184 - Sensibility - DEBUG - get_tetrahedric_probability - volume:4, volume points:[[80, 80, 80], [99, 99, 99]], probability:0.19999999999999996
2020-11-16 23:32:11,386 - Sensibility - DEBUG - get_tetrahedric_probability - step_prob_volumes:0.2 dim_volumes:(20, 20, 20)
2020-11-16 23:32:11,387 - Sensibility - DEBUG - get_tetrahedric_probability - volume:0, volume points:[[0, 0, 0], [19, 19, 19]], probability:1.0
2020-11-16 23:32:11,388 - Sensibility - DEBUG - get_tetrahedric_probability - volume:1, volume points:[[20, 20, 20], [39, 39, 39]], probability:0.8
2020-11-16 23:32:11,389 - Sensibility - DEBUG - get_tetrahedric_probability - volume:2, volume points:[[40, 40, 40], [59, 59, 59]], probability:0.6
2020-11-16 23:32:11,433 - Sensibility - DEBUG - get_tetrahedric_probability - volume:3, volume points:[[60, 60, 60], [79, 79, 79]], probability:0.3999999999999999
2020-11-16 23:32:11,434 - Sensibility - DEBUG - get_tetrahedric_probability - volume:4, volume points:[[80, 80, 80], [99, 99, 99]], probability:0.19999999999999996
2020-11-16 23:36:39,805 - Sensibility - DEBUG - get_tetrahedric_probability - step_prob_volumes:0.2 dim_volumes:(20, 20, 20)
2020-11-16 23:36:39,821 - Sensibility - DEBUG - get_tetrahedric_probability - volume:0, volume points:[[0, 0, 0], [19, 19, 19]], probability:1.0
2020-11-16 23:36:39,840 - Sensibility - DEBUG - get_tetrahedric_probability - volume:1, volume points:[[20, 20, 20], [39, 39, 39]], probability:0.8
2020-11-16 23:36:39,841 - Sensibility - DEBUG - get_tetrahedric_probability - volume:2, volume points:[[40, 40, 40], [59, 59, 59]], probability:0.6
2020-11-16 23:36:39,842 - Sensibility - DEBUG - get_tetrahedric_probability - volume:3, volume points:[[60, 60, 60], [79, 79, 79]], probability:0.3999999999999999
2020-11-16 23:36:39,843 - Sensibility - DEBUG - get_tetrahedric_probability - volume:4, volume points:[[80, 80, 80], [99, 99, 99]], probability:0.19999999999999996
2020-11-16 23:36:39,898 - Sensibility - DEBUG - get_tetrahedric_probability - step_prob_volumes:0.2 dim_volumes:(20, 20, 20)
2020-11-16 23:36:39,899 - Sensibility - DEBUG - get_tetrahedric_probability - volume:0, volume points:[[0, 0, 0], [19, 19, 19]], probability:1.0
2020-11-16 23:36:39,899 - Sensibility - DEBUG - get_tetrahedric_probability - volume:1, volume points:[[20, 20, 20], [39, 39, 39]], probability:0.8
2020-11-16 23:36:39,900 - Sensibility - DEBUG - get_tetrahedric_probability - volume:2, volume points:[[40, 40, 40], [59, 59, 59]], probability:0.6
2020-11-16 23:36:39,901 - Sensibility - DEBUG - get_tetrahedric_probability - volume:3, volume points:[[60, 60, 60], [79, 79, 79]], probability:0.3999999999999999
2020-11-16 23:36:39,901 - Sensibility - DEBUG - get_tetrahedric_probability - volume:4, volume points:[[80, 80, 80], [99, 99, 99]], probability:0.19999999999999996
2020-11-16 23:36:39,968 - Sensibility - DEBUG - get_tetrahedric_probability - step_prob_volumes:0.2 dim_volumes:(20, 20, 20)
2020-11-16 23:36:39,969 - Sensibility - DEBUG - get_tetrahedric_probability - volume:0, volume points:[[0, 0, 0], [19, 19, 19]], probability:1.0
2020-11-16 23:36:39,971 - Sensibility - DEBUG - get_tetrahedric_probability - volume:1, volume points:[[20, 20, 20], [39, 39, 39]], probability:0.8
2020-11-16 23:36:39,995 - Sensibility - DEBUG - get_tetrahedric_probability - volume:2, volume points:[[40, 40, 40], [59, 59, 59]], probability:0.6
2020-11-16 23:36:39,996 - Sensibility - DEBUG - get_tetrahedric_probability - volume:3, volume points:[[60, 60, 60], [79, 79, 79]], probability:0.3999999999999999
2020-11-16 23:36:39,997 - Sensibility - DEBUG - get_tetrahedric_probability - volume:4, volume points:[[80, 80, 80], [99, 99, 99]], probability:0.19999999999999996
2020-11-17 00:13:24,166 - Sensibility - DEBUG - get_tetrahedric_probability - step_prob_volumes:0.2 dim_volumes:(20, 20, 20)
2020-11-17 00:13:24,167 - Sensibility - DEBUG - get_tetrahedric_probability - volume:0, volume points:[[0, 0, 0], [19, 19, 19]], probability:1.0
2020-11-17 00:13:24,168 - Sensibility - DEBUG - get_tetrahedric_probability - volume:1, volume points:[[20, 20, 20], [39, 39, 39]], probability:0.8
2020-11-17 00:13:24,169 - Sensibility - DEBUG - get_tetrahedric_probability - volume:2, volume points:[[40, 40, 40], [59, 59, 59]], probability:0.6
2020-11-17 00:13:24,170 - Sensibility - DEBUG - get_tetrahedric_probability - volume:3, volume points:[[60, 60, 60], [79, 79, 79]], probability:0.3999999999999999
2020-11-17 00:13:24,171 - Sensibility - DEBUG - get_tetrahedric_probability - volume:4, volume points:[[80, 80, 80], [99, 99, 99]], probability:0.19999999999999996
2020-11-17 00:13:24,206 - Sensibility - DEBUG - get_tetrahedric_probability - step_prob_volumes:0.2 dim_volumes:(20, 20, 20)
2020-11-17 00:13:24,207 - Sensibility - DEBUG - get_tetrahedric_probability - volume:0, volume points:[[0, 0, 0], [19, 19, 19]], probability:1.0
2020-11-17 00:13:24,207 - Sensibility - DEBUG - get_tetrahedric_probability - volume:1, volume points:[[20, 20, 20], [39, 39, 39]], probability:0.8
2020-11-17 00:13:24,208 - Sensibility - DEBUG - get_tetrahedric_probability - volume:2, volume points:[[40, 40, 40], [59, 59, 59]], probability:0.6
2020-11-17 00:13:24,208 - Sensibility - DEBUG - get_tetrahedric_probability - volume:3, volume points:[[60, 60, 60], [79, 79, 79]], probability:0.3999999999999999
2020-11-17 00:13:24,209 - Sensibility - DEBUG - get_tetrahedric_probability - volume:4, volume points:[[80, 80, 80], [99, 99, 99]], probability:0.19999999999999996
2020-11-17 00:13:24,266 - Sensibility - DEBUG - get_tetrahedric_probability - step_prob_volumes:0.2 dim_volumes:(20, 20, 20)
2020-11-17 00:13:24,268 - Sensibility - DEBUG - get_tetrahedric_probability - volume:0, volume points:[[0, 0, 0], [19, 19, 19]], probability:1.0
2020-11-17 00:13:24,269 - Sensibility - DEBUG - get_tetrahedric_probability - volume:1, volume points:[[20, 20, 20], [39, 39, 39]], probability:0.8
2020-11-17 00:13:24,270 - Sensibility - DEBUG - get_tetrahedric_probability - volume:2, volume points:[[40, 40, 40], [59, 59, 59]], probability:0.6
2020-11-17 00:13:24,271 - Sensibility - DEBUG - get_tetrahedric_probability - volume:3, volume points:[[60, 60, 60], [79, 79, 79]], probability:0.3999999999999999
2020-11-17 00:13:24,272 - Sensibility - DEBUG - get_tetrahedric_probability - volume:4, volume points:[[80, 80, 80], [99, 99, 99]], probability:0.19999999999999996
2020-11-17 00:17:39,429 - Sensibility - DEBUG - get_tetrahedric_probability - step_prob_volumes:0.2 dim_volumes:(20, 20, 20)
2020-11-17 00:17:39,430 - Sensibility - DEBUG - get_tetrahedric_probability - volume:0, volume points:[[0, 0, 0], [19, 19, 19]], probability:1.0
2020-11-17 00:17:39,430 - Sensibility - DEBUG - get_tetrahedric_probability - volume:1, volume points:[[20, 20, 20], [39, 39, 39]], probability:0.8
2020-11-17 00:17:39,431 - Sensibility - DEBUG - get_tetrahedric_probability - volume:2, volume points:[[40, 40, 40], [59, 59, 59]], probability:0.6
2020-11-17 00:17:39,432 - Sensibility - DEBUG - get_tetrahedric_probability - volume:3, volume points:[[60, 60, 60], [79, 79, 79]], probability:0.3999999999999999
2020-11-17 00:17:39,432 - Sensibility - DEBUG - get_tetrahedric_probability - volume:4, volume points:[[80, 80, 80], [99, 99, 99]], probability:0.19999999999999996
2020-11-17 00:17:39,542 - Sensibility - DEBUG - get_tetrahedric_probability - step_prob_volumes:0.2 dim_volumes:(20, 20, 20)
2020-11-17 00:17:39,543 - Sensibility - DEBUG - get_tetrahedric_probability - volume:0, volume points:[[0, 0, 0], [19, 19, 19]], probability:1.0
2020-11-17 00:17:39,545 - Sensibility - DEBUG - get_tetrahedric_probability - volume:1, volume points:[[20, 20, 20], [39, 39, 39]], probability:0.8
2020-11-17 00:17:39,546 - Sensibility - DEBUG - get_tetrahedric_probability - volume:2, volume points:[[40, 40, 40], [59, 59, 59]], probability:0.6
2020-11-17 00:17:39,546 - Sensibility - DEBUG - get_tetrahedric_probability - volume:3, volume points:[[60, 60, 60], [79, 79, 79]], probability:0.3999999999999999
2020-11-17 00:17:39,547 - Sensibility - DEBUG - get_tetrahedric_probability - volume:4, volume points:[[80, 80, 80], [99, 99, 99]], probability:0.19999999999999996
2020-11-17 00:17:39,593 - Sensibility - DEBUG - get_tetrahedric_probability - step_prob_volumes:0.2 dim_volumes:(20, 20, 20)
2020-11-17 00:17:39,594 - Sensibility - DEBUG - get_tetrahedric_probability - volume:0, volume points:[[0, 0, 0], [19, 19, 19]], probability:1.0
2020-11-17 00:17:39,595 - Sensibility - DEBUG - get_tetrahedric_probability - volume:1, volume points:[[20, 20, 20], [39, 39, 39]], probability:0.8
2020-11-17 00:17:39,596 - Sensibility - DEBUG - get_tetrahedric_probability - volume:2, volume points:[[40, 40, 40], [59, 59, 59]], probability:0.6
2020-11-17 00:17:39,597 - Sensibility - DEBUG - get_tetrahedric_probability - volume:3, volume points:[[60, 60, 60], [79, 79, 79]], probability:0.3999999999999999
2020-11-17 00:17:39,598 - Sensibility - DEBUG - get_tetrahedric_probability - volume:4, volume points:[[80, 80, 80], [99, 99, 99]], probability:0.19999999999999996
2020-11-17 00:21:08,513 - Sensibility - DEBUG - get_tetrahedric_probability - step_prob_volumes:0.2 dim_volumes:(20, 20, 20)
2020-11-17 00:21:08,514 - Sensibility - DEBUG - get_tetrahedric_probability - volume:0, volume points:[[0, 0, 0], [19, 19, 19]], probability:1.0
2020-11-17 00:21:08,515 - Sensibility - DEBUG - get_tetrahedric_probability - volume:1, volume points:[[20, 20, 20], [39, 39, 39]], probability:0.8
2020-11-17 00:21:08,515 - Sensibility - DEBUG - get_tetrahedric_probability - volume:2, volume points:[[40, 40, 40], [59, 59, 59]], probability:0.6
2020-11-17 00:21:08,516 - Sensibility - DEBUG - get_tetrahedric_probability - volume:3, volume points:[[60, 60, 60], [79, 79, 79]], probability:0.3999999999999999
2020-11-17 00:21:08,517 - Sensibility - DEBUG - get_tetrahedric_probability - volume:4, volume points:[[80, 80, 80], [99, 99, 99]], probability:0.19999999999999996
2020-11-17 00:21:08,609 - Sensibility - DEBUG - get_tetrahedric_probability - step_prob_volumes:0.2 dim_volumes:(20, 20, 20)
2020-11-17 00:21:08,610 - Sensibility - DEBUG - get_tetrahedric_probability - volume:0, volume points:[[0, 0, 0], [19, 19, 19]], probability:1.0
2020-11-17 00:21:08,611 - Sensibility - DEBUG - get_tetrahedric_probability - volume:1, volume points:[[20, 20, 20], [39, 39, 39]], probability:0.8
2020-11-17 00:21:08,612 - Sensibility - DEBUG - get_tetrahedric_probability - volume:2, volume points:[[40, 40, 40], [59, 59, 59]], probability:0.6
2020-11-17 00:21:08,613 - Sensibility - DEBUG - get_tetrahedric_probability - volume:3, volume points:[[60, 60, 60], [79, 79, 79]], probability:0.3999999999999999
2020-11-17 00:21:08,613 - Sensibility - DEBUG - get_tetrahedric_probability - volume:4, volume points:[[80, 80, 80], [99, 99, 99]], probability:0.19999999999999996
2020-11-17 00:21:08,663 - Sensibility - DEBUG - get_tetrahedric_probability - step_prob_volumes:0.2 dim_volumes:(20, 20, 20)
2020-11-17 00:21:08,663 - Sensibility - DEBUG - get_tetrahedric_probability - volume:0, volume points:[[0, 0, 0], [19, 19, 19]], probability:1.0
2020-11-17 00:21:08,664 - Sensibility - DEBUG - get_tetrahedric_probability - volume:1, volume points:[[20, 20, 20], [39, 39, 39]], probability:0.8
2020-11-17 00:21:08,665 - Sensibility - DEBUG - get_tetrahedric_probability - volume:2, volume points:[[40, 40, 40], [59, 59, 59]], probability:0.6
2020-11-17 00:21:08,666 - Sensibility - DEBUG - get_tetrahedric_probability - volume:3, volume points:[[60, 60, 60], [79, 79, 79]], probability:0.3999999999999999
2020-11-17 00:21:08,667 - Sensibility - DEBUG - get_tetrahedric_probability - volume:4, volume points:[[80, 80, 80], [99, 99, 99]], probability:0.19999999999999996
2020-11-17 00:22:29,096 - Sensibility - DEBUG - get_tetrahedric_probability - step_prob_volumes:0.2 dim_volumes:(20, 20, 20)
2020-11-17 00:22:29,097 - Sensibility - DEBUG - get_tetrahedric_probability - volume:0, volume points:[[0, 0, 0], [19, 19, 19]], probability:1.0
2020-11-17 00:22:29,098 - Sensibility - DEBUG - get_tetrahedric_probability - volume:1, volume points:[[20, 20, 20], [39, 39, 39]], probability:0.8
2020-11-17 00:22:29,098 - Sensibility - DEBUG - get_tetrahedric_probability - volume:2, volume points:[[40, 40, 40], [59, 59, 59]], probability:0.6
2020-11-17 00:22:29,098 - Sensibility - DEBUG - get_tetrahedric_probability - volume:3, volume points:[[60, 60, 60], [79, 79, 79]], probability:0.3999999999999999
2020-11-17 00:22:29,099 - Sensibility - DEBUG - get_tetrahedric_probability - volume:4, volume points:[[80, 80, 80], [99, 99, 99]], probability:0.19999999999999996
2020-11-17 00:22:29,130 - Sensibility - DEBUG - get_tetrahedric_probability - step_prob_volumes:0.2 dim_volumes:(20, 20, 20)
2020-11-17 00:22:29,131 - Sensibility - DEBUG - get_tetrahedric_probability - volume:0, volume points:[[0, 0, 0], [19, 19, 19]], probability:1.0
2020-11-17 00:22:29,132 - Sensibility - DEBUG - get_tetrahedric_probability - volume:1, volume points:[[20, 20, 20], [39, 39, 39]], probability:0.8
2020-11-17 00:22:29,133 - Sensibility - DEBUG - get_tetrahedric_probability - volume:2, volume points:[[40, 40, 40], [59, 59, 59]], probability:0.6
2020-11-17 00:22:29,133 - Sensibility - DEBUG - get_tetrahedric_probability - volume:3, volume points:[[60, 60, 60], [79, 79, 79]], probability:0.3999999999999999
2020-11-17 00:22:29,134 - Sensibility - DEBUG - get_tetrahedric_probability - volume:4, volume points:[[80, 80, 80], [99, 99, 99]], probability:0.19999999999999996
2020-11-17 00:22:29,167 - Sensibility - DEBUG - get_tetrahedric_probability - step_prob_volumes:0.2 dim_volumes:(20, 20, 20)
2020-11-17 00:22:29,168 - Sensibility - DEBUG - get_tetrahedric_probability - volume:0, volume points:[[0, 0, 0], [19, 19, 19]], probability:1.0
2020-11-17 00:22:29,169 - Sensibility - DEBUG - get_tetrahedric_probability - volume:1, volume points:[[20, 20, 20], [39, 39, 39]], probability:0.8
2020-11-17 00:22:29,170 - Sensibility - DEBUG - get_tetrahedric_probability - volume:2, volume points:[[40, 40, 40], [59, 59, 59]], probability:0.6
2020-11-17 00:22:29,192 - Sensibility - DEBUG - get_tetrahedric_probability - volume:3, volume points:[[60, 60, 60], [79, 79, 79]], probability:0.3999999999999999
2020-11-17 00:22:29,193 - Sensibility - DEBUG - get_tetrahedric_probability - volume:4, volume points:[[80, 80, 80], [99, 99, 99]], probability:0.19999999999999996
2020-11-17 00:28:58,564 - Sensibility - DEBUG - get_tetrahedric_probability - step_prob_volumes:0.2 dim_volumes:(20, 20, 20)
2020-11-17 00:28:58,565 - Sensibility - DEBUG - get_tetrahedric_probability - volume:0, volume points:[[0, 0, 0], [19, 19, 19]], probability:1.0
2020-11-17 00:28:58,589 - Sensibility - DEBUG - get_tetrahedric_probability - volume:1, volume points:[[20, 20, 20], [39, 39, 39]], probability:0.8
2020-11-17 00:28:58,590 - Sensibility - DEBUG - get_tetrahedric_probability - volume:2, volume points:[[40, 40, 40], [59, 59, 59]], probability:0.6
2020-11-17 00:28:58,591 - Sensibility - DEBUG - get_tetrahedric_probability - volume:3, volume points:[[60, 60, 60], [79, 79, 79]], probability:0.3999999999999999
2020-11-17 00:28:58,592 - Sensibility - DEBUG - get_tetrahedric_probability - volume:4, volume points:[[80, 80, 80], [99, 99, 99]], probability:0.19999999999999996
2020-11-17 00:28:58,628 - Sensibility - DEBUG - get_tetrahedric_probability - step_prob_volumes:0.2 dim_volumes:(20, 20, 20)
2020-11-17 00:28:58,629 - Sensibility - DEBUG - get_tetrahedric_probability - volume:0, volume points:[[0, 0, 0], [19, 19, 19]], probability:1.0
2020-11-17 00:28:58,629 - Sensibility - DEBUG - get_tetrahedric_probability - volume:1, volume points:[[20, 20, 20], [39, 39, 39]], probability:0.8
2020-11-17 00:28:58,630 - Sensibility - DEBUG - get_tetrahedric_probability - volume:2, volume points:[[40, 40, 40], [59, 59, 59]], probability:0.6
2020-11-17 00:28:58,630 - Sensibility - DEBUG - get_tetrahedric_probability - volume:3, volume points:[[60, 60, 60], [79, 79, 79]], probability:0.3999999999999999
2020-11-17 00:28:58,631 - Sensibility - DEBUG - get_tetrahedric_probability - volume:4, volume points:[[80, 80, 80], [99, 99, 99]], probability:0.19999999999999996
2020-11-17 00:28:58,701 - Sensibility - DEBUG - get_tetrahedric_probability - step_prob_volumes:0.2 dim_volumes:(20, 20, 20)
2020-11-17 00:28:58,732 - Sensibility - DEBUG - get_tetrahedric_probability - volume:0, volume points:[[0, 0, 0], [19, 19, 19]], probability:1.0
2020-11-17 00:28:58,736 - Sensibility - DEBUG - get_tetrahedric_probability - volume:1, volume points:[[20, 20, 20], [39, 39, 39]], probability:0.8
2020-11-17 00:28:58,738 - Sensibility - DEBUG - get_tetrahedric_probability - volume:2, volume points:[[40, 40, 40], [59, 59, 59]], probability:0.6
2020-11-17 00:28:58,738 - Sensibility - DEBUG - get_tetrahedric_probability - volume:3, volume points:[[60, 60, 60], [79, 79, 79]], probability:0.3999999999999999
2020-11-17 00:28:58,739 - Sensibility - DEBUG - get_tetrahedric_probability - volume:4, volume points:[[80, 80, 80], [99, 99, 99]], probability:0.19999999999999996
2020-11-17 00:48:14,829 - Sensibility - DEBUG - get_tetrahedric_probability - step_prob_volumes:0.2 dim_volumes:(20, 20, 20)
2020-11-17 00:48:14,829 - Sensibility - DEBUG - get_tetrahedric_probability - volume:0, volume points:[[0, 0, 0], [19, 19, 19]], probability:1.0
2020-11-17 00:48:14,830 - Sensibility - DEBUG - get_tetrahedric_probability - volume:1, volume points:[[20, 20, 20], [39, 39, 39]], probability:0.8
2020-11-17 00:48:14,830 - Sensibility - DEBUG - get_tetrahedric_probability - volume:2, volume points:[[40, 40, 40], [59, 59, 59]], probability:0.6
2020-11-17 00:48:14,831 - Sensibility - DEBUG - get_tetrahedric_probability - volume:3, volume points:[[60, 60, 60], [79, 79, 79]], probability:0.3999999999999999
2020-11-17 00:48:14,831 - Sensibility - DEBUG - get_tetrahedric_probability - volume:4, volume points:[[80, 80, 80], [99, 99, 99]], probability:0.19999999999999996
2020-11-17 00:48:14,932 - Sensibility - DEBUG - get_tetrahedric_probability - step_prob_volumes:0.2 dim_volumes:(20, 20, 20)
2020-11-17 00:48:14,932 - Sensibility - DEBUG - get_tetrahedric_probability - volume:0, volume points:[[0, 0, 0], [19, 19, 19]], probability:1.0
2020-11-17 00:48:14,933 - Sensibility - DEBUG - get_tetrahedric_probability - volume:1, volume points:[[20, 20, 20], [39, 39, 39]], probability:0.8
2020-11-17 00:48:14,935 - Sensibility - DEBUG - get_tetrahedric_probability - volume:2, volume points:[[40, 40, 40], [59, 59, 59]], probability:0.6
2020-11-17 00:48:14,966 - Sensibility - DEBUG - get_tetrahedric_probability - volume:3, volume points:[[60, 60, 60], [79, 79, 79]], probability:0.3999999999999999
2020-11-17 00:48:14,967 - Sensibility - DEBUG - get_tetrahedric_probability - volume:4, volume points:[[80, 80, 80], [99, 99, 99]], probability:0.19999999999999996
2020-11-17 00:48:15,033 - Sensibility - DEBUG - get_tetrahedric_probability - step_prob_volumes:0.2 dim_volumes:(20, 20, 20)
2020-11-17 00:48:15,033 - Sensibility - DEBUG - get_tetrahedric_probability - volume:0, volume points:[[0, 0, 0], [19, 19, 19]], probability:1.0
2020-11-17 00:48:15,034 - Sensibility - DEBUG - get_tetrahedric_probability - volume:1, volume points:[[20, 20, 20], [39, 39, 39]], probability:0.8
2020-11-17 00:48:15,065 - Sensibility - DEBUG - get_tetrahedric_probability - volume:2, volume points:[[40, 40, 40], [59, 59, 59]], probability:0.6
2020-11-17 00:48:15,066 - Sensibility - DEBUG - get_tetrahedric_probability - volume:3, volume points:[[60, 60, 60], [79, 79, 79]], probability:0.3999999999999999
2020-11-17 00:48:15,067 - Sensibility - DEBUG - get_tetrahedric_probability - volume:4, volume points:[[80, 80, 80], [99, 99, 99]], probability:0.19999999999999996
2020-11-17 00:51:06,531 - Sensibility - DEBUG - get_tetrahedric_probability - step_prob_volumes:0.2 dim_volumes:(20, 20, 20)
2020-11-17 00:51:06,539 - Sensibility - DEBUG - get_tetrahedric_probability - volume:0, volume points:[[0, 0, 0], [19, 19, 19]], probability:1.0
2020-11-17 00:51:06,539 - Sensibility - DEBUG - get_tetrahedric_probability - volume:1, volume points:[[20, 20, 20], [39, 39, 39]], probability:0.8
2020-11-17 00:51:06,541 - Sensibility - DEBUG - get_tetrahedric_probability - volume:2, volume points:[[40, 40, 40], [59, 59, 59]], probability:0.6
2020-11-17 00:51:06,542 - Sensibility - DEBUG - get_tetrahedric_probability - volume:3, volume points:[[60, 60, 60], [79, 79, 79]], probability:0.3999999999999999
2020-11-17 00:51:06,542 - Sensibility - DEBUG - get_tetrahedric_probability - volume:4, volume points:[[80, 80, 80], [99, 99, 99]], probability:0.19999999999999996
2020-11-17 00:51:06,644 - Sensibility - DEBUG - get_tetrahedric_probability - step_prob_volumes:0.2 dim_volumes:(20, 20, 20)
2020-11-17 00:51:06,645 - Sensibility - DEBUG - get_tetrahedric_probability - volume:0, volume points:[[0, 0, 0], [19, 19, 19]], probability:1.0
2020-11-17 00:51:06,645 - Sensibility - DEBUG - get_tetrahedric_probability - volume:1, volume points:[[20, 20, 20], [39, 39, 39]], probability:0.8
2020-11-17 00:51:06,646 - Sensibility - DEBUG - get_tetrahedric_probability - volume:2, volume points:[[40, 40, 40], [59, 59, 59]], probability:0.6
2020-11-17 00:51:06,646 - Sensibility - DEBUG - get_tetrahedric_probability - volume:3, volume points:[[60, 60, 60], [79, 79, 79]], probability:0.3999999999999999
2020-11-17 00:51:06,647 - Sensibility - DEBUG - get_tetrahedric_probability - volume:4, volume points:[[80, 80, 80], [99, 99, 99]], probability:0.19999999999999996
2020-11-17 00:51:06,767 - Sensibility - DEBUG - get_tetrahedric_probability - step_prob_volumes:0.2 dim_volumes:(20, 20, 20)
2020-11-17 00:51:06,784 - Sensibility - DEBUG - get_tetrahedric_probability - volume:0, volume points:[[0, 0, 0], [19, 19, 19]], probability:1.0
2020-11-17 00:51:06,787 - Sensibility - DEBUG - get_tetrahedric_probability - volume:1, volume points:[[20, 20, 20], [39, 39, 39]], probability:0.8
2020-11-17 00:51:06,802 - Sensibility - DEBUG - get_tetrahedric_probability - volume:2, volume points:[[40, 40, 40], [59, 59, 59]], probability:0.6
2020-11-17 00:51:06,803 - Sensibility - DEBUG - get_tetrahedric_probability - volume:3, volume points:[[60, 60, 60], [79, 79, 79]], probability:0.3999999999999999
2020-11-17 00:51:06,805 - Sensibility - DEBUG - get_tetrahedric_probability - volume:4, volume points:[[80, 80, 80], [99, 99, 99]], probability:0.19999999999999996
2020-11-17 00:54:58,488 - Sensibility - DEBUG - get_tetrahedric_probability - step_prob_volumes:0.2 dim_volumes:(20, 20, 20)
2020-11-17 00:54:58,489 - Sensibility - DEBUG - get_tetrahedric_probability - volume:0, volume points:[[0, 0, 0], [19, 19, 19]], probability:1.0
2020-11-17 00:54:58,490 - Sensibility - DEBUG - get_tetrahedric_probability - volume:1, volume points:[[20, 20, 20], [39, 39, 39]], probability:0.8
2020-11-17 00:54:58,492 - Sensibility - DEBUG - get_tetrahedric_probability - volume:2, volume points:[[40, 40, 40], [59, 59, 59]], probability:0.6
2020-11-17 00:54:58,493 - Sensibility - DEBUG - get_tetrahedric_probability - volume:3, volume points:[[60, 60, 60], [79, 79, 79]], probability:0.3999999999999999
2020-11-17 00:54:58,494 - Sensibility - DEBUG - get_tetrahedric_probability - volume:4, volume points:[[80, 80, 80], [99, 99, 99]], probability:0.19999999999999996
2020-11-17 00:54:58,571 - Sensibility - DEBUG - get_tetrahedric_probability - step_prob_volumes:0.2 dim_volumes:(20, 20, 20)
2020-11-17 00:54:58,571 - Sensibility - DEBUG - get_tetrahedric_probability - volume:0, volume points:[[0, 0, 0], [19, 19, 19]], probability:1.0
2020-11-17 00:54:58,572 - Sensibility - DEBUG - get_tetrahedric_probability - volume:1, volume points:[[20, 20, 20], [39, 39, 39]], probability:0.8
2020-11-17 00:54:58,573 - Sensibility - DEBUG - get_tetrahedric_probability - volume:2, volume points:[[40, 40, 40], [59, 59, 59]], probability:0.6
2020-11-17 00:54:58,573 - Sensibility - DEBUG - get_tetrahedric_probability - volume:3, volume points:[[60, 60, 60], [79, 79, 79]], probability:0.3999999999999999
2020-11-17 00:54:58,574 - Sensibility - DEBUG - get_tetrahedric_probability - volume:4, volume points:[[80, 80, 80], [99, 99, 99]], probability:0.19999999999999996
2020-11-17 00:54:58,666 - Sensibility - DEBUG - get_tetrahedric_probability - step_prob_volumes:0.2 dim_volumes:(20, 20, 20)
2020-11-17 00:54:58,667 - Sensibility - DEBUG - get_tetrahedric_probability - volume:0, volume points:[[0, 0, 0], [19, 19, 19]], probability:1.0
2020-11-17 00:54:58,668 - Sensibility - DEBUG - get_tetrahedric_probability - volume:1, volume points:[[20, 20, 20], [39, 39, 39]], probability:0.8
2020-11-17 00:54:58,669 - Sensibility - DEBUG - get_tetrahedric_probability - volume:2, volume points:[[40, 40, 40], [59, 59, 59]], probability:0.6
2020-11-17 00:54:58,669 - Sensibility - DEBUG - get_tetrahedric_probability - volume:3, volume points:[[60, 60, 60], [79, 79, 79]], probability:0.3999999999999999
2020-11-17 00:54:58,670 - Sensibility - DEBUG - get_tetrahedric_probability - volume:4, volume points:[[80, 80, 80], [99, 99, 99]], probability:0.19999999999999996
2020-11-17 11:00:10,113 - Sensibility - DEBUG - get_tetrahedric_probability - step_prob_volumes:0.2 dim_volumes:(20, 20, 20)
2020-11-17 11:00:10,129 - Sensibility - DEBUG - get_tetrahedric_probability - volume:0, volume points:[[0, 0, 0], [19, 19, 19]], probability:1.0
2020-11-17 11:00:10,131 - Sensibility - DEBUG - get_tetrahedric_probability - volume:1, volume points:[[20, 20, 20], [39, 39, 39]], probability:0.8
2020-11-17 11:00:10,148 - Sensibility - DEBUG - get_tetrahedric_probability - volume:2, volume points:[[40, 40, 40], [59, 59, 59]], probability:0.6
2020-11-17 11:00:10,150 - Sensibility - DEBUG - get_tetrahedric_probability - volume:3, volume points:[[60, 60, 60], [79, 79, 79]], probability:0.3999999999999999
2020-11-17 11:00:10,164 - Sensibility - DEBUG - get_tetrahedric_probability - volume:4, volume points:[[80, 80, 80], [99, 99, 99]], probability:0.19999999999999996
2020-11-17 11:00:10,220 - Sensibility - DEBUG - get_tetrahedric_probability - step_prob_volumes:0.2 dim_volumes:(20, 20, 20)
2020-11-17 11:00:10,221 - Sensibility - DEBUG - get_tetrahedric_probability - volume:0, volume points:[[0, 0, 0], [19, 19, 19]], probability:1.0
2020-11-17 11:00:10,222 - Sensibility - DEBUG - get_tetrahedric_probability - volume:1, volume points:[[20, 20, 20], [39, 39, 39]], probability:0.8
2020-11-17 11:00:10,223 - Sensibility - DEBUG - get_tetrahedric_probability - volume:2, volume points:[[40, 40, 40], [59, 59, 59]], probability:0.6
2020-11-17 11:00:10,223 - Sensibility - DEBUG - get_tetrahedric_probability - volume:3, volume points:[[60, 60, 60], [79, 79, 79]], probability:0.3999999999999999
2020-11-17 11:00:10,224 - Sensibility - DEBUG - get_tetrahedric_probability - volume:4, volume points:[[80, 80, 80], [99, 99, 99]], probability:0.19999999999999996
2020-11-17 11:00:10,275 - Sensibility - DEBUG - get_tetrahedric_probability - step_prob_volumes:0.2 dim_volumes:(20, 20, 20)
2020-11-17 11:00:10,275 - Sensibility - DEBUG - get_tetrahedric_probability - volume:0, volume points:[[0, 0, 0], [19, 19, 19]], probability:1.0
2020-11-17 11:00:10,276 - Sensibility - DEBUG - get_tetrahedric_probability - volume:1, volume points:[[20, 20, 20], [39, 39, 39]], probability:0.8
2020-11-17 11:00:10,276 - Sensibility - DEBUG - get_tetrahedric_probability - volume:2, volume points:[[40, 40, 40], [59, 59, 59]], probability:0.6
2020-11-17 11:00:10,277 - Sensibility - DEBUG - get_tetrahedric_probability - volume:3, volume points:[[60, 60, 60], [79, 79, 79]], probability:0.3999999999999999
2020-11-17 11:00:10,277 - Sensibility - DEBUG - get_tetrahedric_probability - volume:4, volume points:[[80, 80, 80], [99, 99, 99]], probability:0.19999999999999996
2020-11-17 11:01:12,091 - Sensibility - DEBUG - get_tetrahedric_probability - step_prob_volumes:0.2 dim_volumes:(20, 20, 20)
2020-11-17 11:01:12,092 - Sensibility - DEBUG - get_tetrahedric_probability - volume:0, volume points:[[0, 0, 0], [19, 19, 19]], probability:1.0
2020-11-17 11:01:12,093 - Sensibility - DEBUG - get_tetrahedric_probability - volume:1, volume points:[[20, 20, 20], [39, 39, 39]], probability:0.8
2020-11-17 11:01:12,093 - Sensibility - DEBUG - get_tetrahedric_probability - volume:2, volume points:[[40, 40, 40], [59, 59, 59]], probability:0.6
2020-11-17 11:01:12,094 - Sensibility - DEBUG - get_tetrahedric_probability - volume:3, volume points:[[60, 60, 60], [79, 79, 79]], probability:0.3999999999999999
2020-11-17 11:01:12,094 - Sensibility - DEBUG - get_tetrahedric_probability - volume:4, volume points:[[80, 80, 80], [99, 99, 99]], probability:0.19999999999999996
2020-11-17 11:01:12,158 - Sensibility - DEBUG - get_tetrahedric_probability - step_prob_volumes:0.2 dim_volumes:(20, 20, 20)
2020-11-17 11:01:12,159 - Sensibility - DEBUG - get_tetrahedric_probability - volume:0, volume points:[[0, 0, 0], [19, 19, 19]], probability:1.0
2020-11-17 11:01:12,160 - Sensibility - DEBUG - get_tetrahedric_probability - volume:1, volume points:[[20, 20, 20], [39, 39, 39]], probability:0.8
2020-11-17 11:01:12,161 - Sensibility - DEBUG - get_tetrahedric_probability - volume:2, volume points:[[40, 40, 40], [59, 59, 59]], probability:0.6
2020-11-17 11:01:12,162 - Sensibility - DEBUG - get_tetrahedric_probability - volume:3, volume points:[[60, 60, 60], [79, 79, 79]], probability:0.3999999999999999
2020-11-17 11:01:12,163 - Sensibility - DEBUG - get_tetrahedric_probability - volume:4, volume points:[[80, 80, 80], [99, 99, 99]], probability:0.19999999999999996
2020-11-17 11:01:12,225 - Sensibility - DEBUG - get_tetrahedric_probability - step_prob_volumes:0.2 dim_volumes:(20, 20, 20)
2020-11-17 11:01:12,226 - Sensibility - DEBUG - get_tetrahedric_probability - volume:0, volume points:[[0, 0, 0], [19, 19, 19]], probability:1.0
2020-11-17 11:01:12,226 - Sensibility - DEBUG - get_tetrahedric_probability - volume:1, volume points:[[20, 20, 20], [39, 39, 39]], probability:0.8
2020-11-17 11:01:12,227 - Sensibility - DEBUG - get_tetrahedric_probability - volume:2, volume points:[[40, 40, 40], [59, 59, 59]], probability:0.6
2020-11-17 11:01:12,227 - Sensibility - DEBUG - get_tetrahedric_probability - volume:3, volume points:[[60, 60, 60], [79, 79, 79]], probability:0.3999999999999999
2020-11-17 11:01:12,228 - Sensibility - DEBUG - get_tetrahedric_probability - volume:4, volume points:[[80, 80, 80], [99, 99, 99]], probability:0.19999999999999996
2020-11-17 11:11:40,459 - Sensibility - DEBUG - get_tetrahedric_probability - step_prob_volumes:0.2 dim_volumes:(20, 20, 20)
2020-11-17 11:11:40,461 - Sensibility - DEBUG - get_tetrahedric_probability - volume:0, volume points:[[0, 0, 0], [19, 19, 19]], probability:1.0
2020-11-17 11:11:40,462 - Sensibility - DEBUG - get_tetrahedric_probability - volume:1, volume points:[[20, 20, 20], [39, 39, 39]], probability:0.8
2020-11-17 11:11:40,462 - Sensibility - DEBUG - get_tetrahedric_probability - volume:2, volume points:[[40, 40, 40], [59, 59, 59]], probability:0.6
2020-11-17 11:11:40,463 - Sensibility - DEBUG - get_tetrahedric_probability - volume:3, volume points:[[60, 60, 60], [79, 79, 79]], probability:0.3999999999999999
2020-11-17 11:11:40,464 - Sensibility - DEBUG - get_tetrahedric_probability - volume:4, volume points:[[80, 80, 80], [99, 99, 99]], probability:0.19999999999999996
2020-11-17 11:11:40,496 - Sensibility - DEBUG - get_tetrahedric_probability - step_prob_volumes:0.2 dim_volumes:(20, 20, 20)
2020-11-17 11:11:40,497 - Sensibility - DEBUG - get_tetrahedric_probability - volume:0, volume points:[[0, 0, 0], [19, 19, 19]], probability:1.0
2020-11-17 11:11:40,497 - Sensibility - DEBUG - get_tetrahedric_probability - volume:1, volume points:[[20, 20, 20], [39, 39, 39]], probability:0.8
2020-11-17 11:11:40,498 - Sensibility - DEBUG - get_tetrahedric_probability - volume:2, volume points:[[40, 40, 40], [59, 59, 59]], probability:0.6
2020-11-17 11:11:40,498 - Sensibility - DEBUG - get_tetrahedric_probability - volume:3, volume points:[[60, 60, 60], [79, 79, 79]], probability:0.3999999999999999
2020-11-17 11:11:40,499 - Sensibility - DEBUG - get_tetrahedric_probability - volume:4, volume points:[[80, 80, 80], [99, 99, 99]], probability:0.19999999999999996
2020-11-17 11:11:40,550 - Sensibility - DEBUG - get_tetrahedric_probability - step_prob_volumes:0.2 dim_volumes:(20, 20, 20)
2020-11-17 11:11:40,551 - Sensibility - DEBUG - get_tetrahedric_probability - volume:0, volume points:[[0, 0, 0], [19, 19, 19]], probability:1.0
2020-11-17 11:11:40,551 - Sensibility - DEBUG - get_tetrahedric_probability - volume:1, volume points:[[20, 20, 20], [39, 39, 39]], probability:0.8
2020-11-17 11:11:40,552 - Sensibility - DEBUG - get_tetrahedric_probability - volume:2, volume points:[[40, 40, 40], [59, 59, 59]], probability:0.6
2020-11-17 11:11:40,552 - Sensibility - DEBUG - get_tetrahedric_probability - volume:3, volume points:[[60, 60, 60], [79, 79, 79]], probability:0.3999999999999999
2020-11-17 11:11:40,553 - Sensibility - DEBUG - get_tetrahedric_probability - volume:4, volume points:[[80, 80, 80], [99, 99, 99]], probability:0.19999999999999996
